Log file open, 02/20/23 11:38:33
LogWindows: Failed to load 'aqProf.dll' (GetLastError=126)
LogWindows: File 'aqProf.dll' does not exist
LogWindows: Failed to load 'VtuneApi.dll' (GetLastError=126)
LogWindows: File 'VtuneApi.dll' does not exist
LogWindows: Failed to load 'VtuneApi32e.dll' (GetLastError=126)
LogWindows: File 'VtuneApi32e.dll' does not exist
LogConsoleResponse: Display: Failed to find resolution value strings in scalability ini. Falling back to default.
LogConsoleResponse: Display: Failed to find resolution value strings in scalability ini. Falling back to default.
LogInit: Display: Running engine for game: CIR_Nottingham
LogPlatformFile: Not using cached read wrapper
LogTaskGraph: Started task graph with 5 named threads and 35 total threads with 3 sets of task threads.
LogStats: Stats thread started at 2.114292
LogICUInternationalization: ICU TimeZone Detection - Raw Offset: +0:00, Platform Override: ''
LogInit: Display: Loading text-based GConfig....
LogPluginManager: Mounting plugin MeshPainting
LogPluginManager: Mounting plugin XGEController
LogPluginManager: Mounting plugin AISupport
LogPluginManager: Mounting plugin Paper2D
LogPluginManager: Mounting plugin LiveLink
LogPluginManager: Mounting plugin CameraShakePreviewer
LogPluginManager: Mounting plugin GameplayCameras
LogPluginManager: Mounting plugin LightPropagationVolume
LogPluginManager: Mounting plugin EnvironmentQueryEditor
LogPluginManager: Mounting plugin AnimationSharing
LogPluginManager: Mounting plugin CLionSourceCodeAccess
LogPluginManager: Mounting plugin CodeLiteSourceCodeAccess
LogPluginManager: Mounting plugin GitSourceControl
LogPluginManager: Mounting plugin KDevelopSourceCodeAccess
LogPluginManager: Mounting plugin NullSourceCodeAccess
LogPluginManager: Mounting plugin PerforceSourceControl
LogPluginManager: Mounting plugin PixWinPlugin
LogPluginManager: Mounting plugin PlasticSourceControl
LogPluginManager: Mounting plugin PluginUtils
LogPluginManager: Mounting plugin PropertyAccessNode
LogPluginManager: Mounting plugin RiderSourceCodeAccess
LogPluginManager: Mounting plugin SubversionSourceControl
LogPluginManager: Mounting plugin TextureFormatOodle
LogPluginManager: Mounting plugin OodleData
LogPluginManager: Mounting plugin UObjectPlugin
LogPluginManager: Mounting plugin VisualStudioCodeSourceCodeAccess
LogPluginManager: Mounting plugin XCodeSourceCodeAccess
LogPluginManager: Mounting plugin VisualStudioSourceCodeAccess
LogPluginManager: Mounting plugin OodleNetwork
LogPluginManager: Mounting plugin DatasmithContent
LogPluginManager: Mounting plugin AssetManagerEditor
LogPluginManager: Mounting plugin VariantManagerContent
LogPluginManager: Mounting plugin CurveEditorTools
LogPluginManager: Mounting plugin CryptoKeys
LogPluginManager: Mounting plugin DataValidation
LogPluginManager: Mounting plugin AlembicImporter
LogPluginManager: Mounting plugin AutomationUtils
LogPluginManager: Mounting plugin FacialAnimation
LogPluginManager: Mounting plugin BackChannel
LogPluginManager: Mounting plugin GeometryMode
LogPluginManager: Mounting plugin GameplayTagsEditor
LogPluginManager: Mounting plugin MacGraphicsSwitching
LogPluginManager: Mounting plugin ChaosCloth
LogPluginManager: Mounting plugin MaterialAnalyzer
LogPluginManager: Mounting plugin MobileLauncherProfileWizard
LogPluginManager: Mounting plugin ChaosEditor
LogPluginManager: Mounting plugin ChaosClothEditor
LogPluginManager: Mounting plugin PluginBrowser
LogPluginManager: Mounting plugin SpeedTreeImporter
LogPluginManager: Mounting plugin ChaosNiagara
LogPluginManager: Mounting plugin ChaosSolverPlugin
LogPluginManager: Mounting plugin CharacterAI
LogPluginManager: Mounting plugin GeometryCache
LogPluginManager: Mounting plugin GeometryCollectionPlugin
LogPluginManager: Mounting plugin GeometryProcessing
LogPluginManager: Mounting plugin MotoSynth
LogPluginManager: Mounting plugin OpenImageDenoise
LogPluginManager: Mounting plugin PlanarCut
LogPluginManager: Mounting plugin ProxyLODPlugin
LogPluginManager: Mounting plugin PlatformCrypto
LogPluginManager: Mounting plugin PythonScriptPlugin
LogPluginManager: Mounting plugin SkeletalReduction
LogPluginManager: Mounting plugin Niagara
LogPluginManager: Mounting plugin AndroidMedia
LogPluginManager: Mounting plugin AvfMedia
LogPluginManager: Mounting plugin LuminPlatformFeatures
LogPluginManager: Mounting plugin ImgMedia
LogPluginManager: Mounting plugin MagicLeap
LogPluginManager: Mounting plugin MediaCompositing
LogPluginManager: Mounting plugin MediaPlayerEditor
LogPluginManager: Mounting plugin MagicLeapLightEstimation
LogPluginManager: Mounting plugin WebMMedia
LogPluginManager: Mounting plugin WmfMedia
LogPluginManager: Mounting plugin MagicLeapMedia
LogPluginManager: Mounting plugin MLSDK
LogPluginManager: Mounting plugin MagicLeapPassableWorld
LogPluginManager: Mounting plugin ActorSequence
LogPluginManager: Mounting plugin UdpMessaging
LogPluginManager: Mounting plugin TcpMessaging
LogPluginManager: Mounting plugin LevelSequenceEditor
LogPluginManager: Mounting plugin MatineeToLevelSequence
LogPluginManager: Mounting plugin TemplateSequence
LogPluginManager: Mounting plugin OnlineSubsystem
LogPluginManager: Mounting plugin OnlineSubsystemNull
LogPluginManager: Mounting plugin OnlineSubsystemUtils
LogPluginManager: Mounting plugin ActorLayerUtilities
LogPluginManager: Mounting plugin AndroidDeviceProfileSelector
LogPluginManager: Mounting plugin AndroidMoviePlayer
LogPluginManager: Mounting plugin AndroidPermission
LogPluginManager: Mounting plugin AppleImageUtils
LogPluginManager: Mounting plugin ArchVisCharacter
LogPluginManager: Mounting plugin AppleMoviePlayer
LogPluginManager: Mounting plugin AssetTags
LogPluginManager: Mounting plugin AudioCapture
LogPluginManager: Mounting plugin AudioSynesthesia
LogPluginManager: Mounting plugin LauncherChunkInstaller
LogPluginManager: Mounting plugin ChunkDownloader
LogPluginManager: Mounting plugin CableComponent
LogPluginManager: Mounting plugin CustomMeshComponent
LogPluginManager: Mounting plugin EditableMesh
LogPluginManager: Mounting plugin ExampleDeviceProfileSelector
LogPluginManager: Mounting plugin GoogleCloudMessaging
LogPluginManager: Mounting plugin GooglePAD
LogPluginManager: Mounting plugin IOSDeviceProfileSelector
LogPluginManager: Mounting plugin LinuxDeviceProfileSelector
LogPluginManager: Mounting plugin LocationServicesBPLibrary
LogPluginManager: Mounting plugin MobilePatchingUtils
LogPluginManager: Mounting plugin OpenXR
LogPluginManager: Mounting plugin OpenXREyeTracker
LogPluginManager: Mounting plugin OpenXRHandTracking
LogPluginManager: Mounting plugin PhysXVehicles
LogPluginManager: Mounting plugin ScreenshotTools
LogPluginManager: Mounting plugin PostSplashScreen
LogPluginManager: Mounting plugin ProceduralMeshComponent
LogPluginManager: Mounting plugin PropertyAccessEditor
LogPluginManager: Mounting plugin SignificanceManager
LogPluginManager: Mounting plugin SoundFields
LogPluginManager: Mounting plugin RuntimePhysXCooking
LogPluginManager: Mounting plugin Synthesis
LogPluginManager: Mounting plugin WebMMoviePlayer
LogPluginManager: Mounting plugin WindowsMoviePlayer
LogPluginManager: Mounting plugin Takes
LogPluginManager: Mounting plugin ContentBrowserAssetDataSource
LogPluginManager: Mounting plugin ContentBrowserFileDataSource
LogPluginManager: Mounting plugin ContentBrowserClassDataSource
LogPluginManager: Mounting plugin OnlineSubsystemGooglePlay
LogPluginManager: Mounting plugin OnlineSubsystemIOS
LogPluginManager: Mounting plugin OculusVR
LogPluginManager: Mounting plugin SteamVR
PixWinPlugin: PIX capture plugin failed to initialize! Check that the process is launched from PIX.
LogInit: Using libcurl 7.55.1-DEV
LogInit:  - built for x86_64-pc-win32
LogInit:  - supports SSL with OpenSSL/1.1.1
LogInit:  - supports HTTP deflate (compression) using libz 1.2.8
LogInit:  - other features:
LogInit:      CURL_VERSION_SSL
LogInit:      CURL_VERSION_LIBZ
LogInit:      CURL_VERSION_IPV6
LogInit:      CURL_VERSION_ASYNCHDNS
LogInit:      CURL_VERSION_LARGEFILE
LogInit:      CURL_VERSION_IDN
LogInit:  CurlRequestOptions (configurable via config and command line):
LogInit:  - bVerifyPeer = true  - Libcurl will verify peer certificate
LogInit:  - bUseHttpProxy = false  - Libcurl will NOT use HTTP proxy
LogInit:  - bDontReuseConnections = false  - Libcurl will reuse connections
LogInit:  - MaxHostConnections = 16  - Libcurl will limit the number of connections to a host
LogInit:  - LocalHostAddr = Default
LogInit:  - BufferSize = 65536
LogOnline: OSS: Creating online subsystem instance for: NULL
LogInit: WinSock: version 1.1 (2.2), MaxSocks=32767, MaxUdp=65467
LogOnline: OSS: TryLoadSubsystemAndSetDefault: Loaded subsystem for module [NULL]
LogOculusPluginWrapper: OculusPlugin initialized successfully
LogHMD: Failed initializing OVRPlugin 1.59.0
LogInit: Build: ++UE4+Release-4.27-CL-18319896
LogInit: Engine Version: 4.27.2-18319896+++UE4+Release-4.27
LogInit: Compatible Engine Version: 4.27.0-17155196+++UE4+Release-4.27
LogInit: Net CL: 17155196
LogInit: OS: Windows 10 (Release 2009) (), CPU: AMD Ryzen 5 2600 Six-Core Processor            , GPU: NVIDIA GeForce GTX 970
LogInit: Compiled (64-bit): Nov 30 2021 07:12:08
LogInit: Compiled with Visual C++: 19.24.28315.00
LogInit: Build Configuration: Development
LogInit: Branch Name: ++UE4+Release-4.27
LogInit: Command Line: 
LogInit: Base Directory: E:/New folder/New folder/unreal/UE_4.27/Engine/Binaries/Win64/
LogInit: Allocator: TBB
LogInit: Installed Engine Build: 1
LogDevObjectVersion: Number of dev versions registered: 29
LogDevObjectVersion:   Dev-Blueprints (B0D832E4-1F89-4F0D-ACCF-7EB736FD4AA2): 10
LogDevObjectVersion:   Dev-Build (E1C64328-A22C-4D53-A36C-8E866417BD8C): 0
LogDevObjectVersion:   Dev-Core (375EC13C-06E4-48FB-B500-84F0262A717E): 4
LogDevObjectVersion:   Dev-Editor (E4B068ED-F494-42E9-A231-DA0B2E46BB41): 40
LogDevObjectVersion:   Dev-Framework (CFFC743F-43B0-4480-9391-14DF171D2073): 37
LogDevObjectVersion:   Dev-Mobile (B02B49B5-BB20-44E9-A304-32B752E40360): 3
LogDevObjectVersion:   Dev-Networking (A4E4105C-59A1-49B5-A7C5-40C4547EDFEE): 0
LogDevObjectVersion:   Dev-Online (39C831C9-5AE6-47DC-9A44-9C173E1C8E7C): 0
LogDevObjectVersion:   Dev-Physics (78F01B33-EBEA-4F98-B9B4-84EACCB95AA2): 14
LogDevObjectVersion:   Dev-Platform (6631380F-2D4D-43E0-8009-CF276956A95A): 0
LogDevObjectVersion:   Dev-Rendering (12F88B9F-8875-4AFC-A67C-D90C383ABD29): 45
LogDevObjectVersion:   Dev-Sequencer (7B5AE74C-D270-4C10-A958-57980B212A5A): 13
LogDevObjectVersion:   Dev-VR (D7296918-1DD6-4BDD-9DE2-64A83CC13884): 3
LogDevObjectVersion:   Dev-LoadTimes (C2A15278-BFE7-4AFE-6C17-90FF531DF755): 1
LogDevObjectVersion:   Private-Geometry (6EACA3D4-40EC-4CC1-B786-8BED09428FC5): 3
LogDevObjectVersion:   Dev-AnimPhys (29E575DD-E0A3-4627-9D10-D276232CDCEA): 17
LogDevObjectVersion:   Dev-Anim (AF43A65D-7FD3-4947-9873-3E8ED9C1BB05): 15
LogDevObjectVersion:   Dev-ReflectionCapture (6B266CEC-1EC7-4B8F-A30B-E4D90942FC07): 1
LogDevObjectVersion:   Dev-Automation (0DF73D61-A23F-47EA-B727-89E90C41499A): 1
LogDevObjectVersion:   FortniteMain (601D1886-AC64-4F84-AA16-D3DE0DEAC7D6): 47
LogDevObjectVersion:   FortniteRelease (E7086368-6B23-4C58-8439-1B7016265E91): 1
LogDevObjectVersion:   Dev-Enterprise (9DFFBCD6-494F-0158-E221-12823C92A888): 10
LogDevObjectVersion:   Dev-Niagara (F2AED0AC-9AFE-416F-8664-AA7FFA26D6FC): 1
LogDevObjectVersion:   Dev-Destruction (174F1F0B-B4C6-45A5-B13F-2EE8D0FB917D): 10
LogDevObjectVersion:   Dev-Physics-Ext (35F94A83-E258-406C-A318-09F59610247C): 41
LogDevObjectVersion:   Dev-PhysicsMaterial-Chaos (B68FC16E-8B1B-42E2-B453-215C058844FE): 1
LogDevObjectVersion:   Dev-CineCamera (B2E18506-4273-CFC2-A54E-F4BB758BBA07): 1
LogDevObjectVersion:   Dev-VirtualProduction (64F58936-FD1B-42BA-BA96-7289D5D0FA4E): 1
LogDevObjectVersion:   Dev-MediaFramework (6F0ED827-A609-4895-9C91-998D90180EA4): 2
LogInit: Presizing for max 25165824 objects, including 0 objects not considered by GC, pre-allocating 0 bytes for permanent pool.
LogConfig: Applying CVar settings from Section [/Script/Engine.StreamingSettings] File [E:/New folder (8)/github/Nottingham_project/CIR_Nottingham main branch/Saved/Config/Windows/Engine.ini]
LogConfig: Setting CVar [[s.MinBulkDataSizeForAsyncLoading:131072]]
LogConfig: Setting CVar [[s.AsyncLoadingThreadEnabled:0]]
LogConfig: Setting CVar [[s.EventDrivenLoaderEnabled:1]]
LogConfig: Setting CVar [[s.WarnIfTimeLimitExceeded:0]]
LogConfig: Setting CVar [[s.TimeLimitExceededMultiplier:1.5]]
LogConfig: Setting CVar [[s.TimeLimitExceededMinTime:0.005]]
LogConfig: Setting CVar [[s.UseBackgroundLevelStreaming:1]]
LogConfig: Setting CVar [[s.PriorityAsyncLoadingExtraTime:15.0]]
LogConfig: Setting CVar [[s.LevelStreamingActorsUpdateTimeLimit:5.0]]
LogConfig: Setting CVar [[s.PriorityLevelStreamingActorsUpdateExtraTime:5.0]]
LogConfig: Setting CVar [[s.LevelStreamingComponentsRegistrationGranularity:10]]
LogConfig: Setting CVar [[s.UnregisterComponentsTimeLimit:1.0]]
LogConfig: Setting CVar [[s.LevelStreamingComponentsUnregistrationGranularity:5]]
LogConfig: Setting CVar [[s.FlushStreamingOnExit:1]]
LogInit: Object subsystem initialized
LogConfig: Setting CVar [[con.DebugEarlyDefault:1]]
LogConfig: Setting CVar [[r.setres:1280x720]]
[2023.02.20-11.38.35:244][  0]LogConfig: Setting CVar [[r.VSync:0]]
[2023.02.20-11.38.35:244][  0]LogConfig: Setting CVar [[r.RHICmdBypass:0]]
[2023.02.20-11.38.35:244][  0]LogConfig: Applying CVar settings from Section [/Script/Engine.RendererSettings] File [E:/New folder (8)/github/Nottingham_project/CIR_Nottingham main branch/Saved/Config/Windows/Engine.ini]
[2023.02.20-11.38.35:244][  0]LogConfig: Setting CVar [[r.GPUCrashDebugging:0]]
[2023.02.20-11.38.35:244][  0]LogConfig: Applying CVar settings from Section [/Script/Engine.RendererOverrideSettings] File [E:/New folder (8)/github/Nottingham_project/CIR_Nottingham main branch/Saved/Config/Windows/Engine.ini]
[2023.02.20-11.38.35:244][  0]LogConfig: Applying CVar settings from Section [/Script/Engine.StreamingSettings] File [E:/New folder (8)/github/Nottingham_project/CIR_Nottingham main branch/Saved/Config/Windows/Engine.ini]
[2023.02.20-11.38.35:244][  0]LogConfig: Setting CVar [[s.MinBulkDataSizeForAsyncLoading:131072]]
[2023.02.20-11.38.35:244][  0]LogConfig: Setting CVar [[s.AsyncLoadingThreadEnabled:0]]
[2023.02.20-11.38.35:244][  0]LogConfig: Setting CVar [[s.EventDrivenLoaderEnabled:1]]
[2023.02.20-11.38.35:244][  0]LogConfig: Setting CVar [[s.WarnIfTimeLimitExceeded:0]]
[2023.02.20-11.38.35:244][  0]LogConfig: Setting CVar [[s.TimeLimitExceededMultiplier:1.5]]
[2023.02.20-11.38.35:244][  0]LogConfig: Setting CVar [[s.TimeLimitExceededMinTime:0.005]]
[2023.02.20-11.38.35:244][  0]LogConfig: Setting CVar [[s.UseBackgroundLevelStreaming:1]]
[2023.02.20-11.38.35:244][  0]LogConfig: Setting CVar [[s.PriorityAsyncLoadingExtraTime:15.0]]
[2023.02.20-11.38.35:244][  0]LogConfig: Setting CVar [[s.LevelStreamingActorsUpdateTimeLimit:5.0]]
[2023.02.20-11.38.35:244][  0]LogConfig: Setting CVar [[s.PriorityLevelStreamingActorsUpdateExtraTime:5.0]]
[2023.02.20-11.38.35:244][  0]LogConfig: Setting CVar [[s.LevelStreamingComponentsRegistrationGranularity:10]]
[2023.02.20-11.38.35:244][  0]LogConfig: Setting CVar [[s.UnregisterComponentsTimeLimit:1.0]]
[2023.02.20-11.38.35:244][  0]LogConfig: Setting CVar [[s.LevelStreamingComponentsUnregistrationGranularity:5]]
[2023.02.20-11.38.35:244][  0]LogConfig: Setting CVar [[s.FlushStreamingOnExit:1]]
[2023.02.20-11.38.35:244][  0]LogConfig: Applying CVar settings from Section [/Script/Engine.GarbageCollectionSettings] File [E:/New folder (8)/github/Nottingham_project/CIR_Nottingham main branch/Saved/Config/Windows/Engine.ini]
[2023.02.20-11.38.35:244][  0]LogConfig: Setting CVar [[gc.MaxObjectsNotConsideredByGC:1]]
[2023.02.20-11.38.35:244][  0]LogConfig: Setting CVar [[gc.SizeOfPermanentObjectPool:0]]
[2023.02.20-11.38.35:244][  0]LogConfig: Setting CVar [[gc.FlushStreamingOnGC:0]]
[2023.02.20-11.38.35:244][  0]LogConfig: Setting CVar [[gc.NumRetriesBeforeForcingGC:10]]
[2023.02.20-11.38.35:244][  0]LogConfig: Setting CVar [[gc.AllowParallelGC:1]]
[2023.02.20-11.38.35:244][  0]LogConfig: Setting CVar [[gc.TimeBetweenPurgingPendingKillObjects:61.1]]
[2023.02.20-11.38.35:244][  0]LogConfig: Setting CVar [[gc.MaxObjectsInEditor:25165824]]
[2023.02.20-11.38.35:244][  0]LogConfig: Setting CVar [[gc.IncrementalBeginDestroyEnabled:1]]
[2023.02.20-11.38.35:244][  0]LogConfig: Setting CVar [[gc.CreateGCClusters:1]]
[2023.02.20-11.38.35:244][  0]LogConfig: Setting CVar [[gc.MinGCClusterSize:5]]
[2023.02.20-11.38.35:244][  0]LogConfig: Setting CVar [[gc.ActorClusteringEnabled:0]]
[2023.02.20-11.38.35:244][  0]LogConfig: Setting CVar [[gc.BlueprintClusteringEnabled:0]]
[2023.02.20-11.38.35:244][  0]LogConfig: Setting CVar [[gc.UseDisregardForGCOnDedicatedServers:0]]
[2023.02.20-11.38.35:244][  0]LogConfig: Setting CVar [[gc.MultithreadedDestructionEnabled:1]]
[2023.02.20-11.38.35:244][  0]LogConfig: Applying CVar settings from Section [/Script/Engine.NetworkSettings] File [E:/New folder (8)/github/Nottingham_project/CIR_Nottingham main branch/Saved/Config/Windows/Engine.ini]
[2023.02.20-11.38.35:244][  0]LogConfig: Applying CVar settings from Section [/Script/UnrealEd.CookerSettings] File [E:/New folder (8)/github/Nottingham_project/CIR_Nottingham main branch/Saved/Config/Windows/Engine.ini]
[2023.02.20-11.38.35:276][  0]LogConfig: Applying CVar settings from Section [ViewDistanceQuality@3] File [E:/New folder (8)/github/Nottingham_project/CIR_Nottingham main branch/Saved/Config/Windows/Scalability.ini]
[2023.02.20-11.38.35:276][  0]LogConfig: Setting CVar [[r.SkeletalMeshLODBias:0]]
[2023.02.20-11.38.35:276][  0]LogConfig: Setting CVar [[r.ViewDistanceScale:1.0]]
[2023.02.20-11.38.35:276][  0]LogConfig: Applying CVar settings from Section [AntiAliasingQuality@3] File [E:/New folder (8)/github/Nottingham_project/CIR_Nottingham main branch/Saved/Config/Windows/Scalability.ini]
[2023.02.20-11.38.35:276][  0]LogConfig: Setting CVar [[r.PostProcessAAQuality:4]]
[2023.02.20-11.38.35:276][  0]LogConfig: Applying CVar settings from Section [ShadowQuality@3] File [E:/New folder (8)/github/Nottingham_project/CIR_Nottingham main branch/Saved/Config/Windows/Scalability.ini]
[2023.02.20-11.38.35:276][  0]LogConfig: Setting CVar [[r.LightFunctionQuality:1]]
[2023.02.20-11.38.35:276][  0]LogConfig: Setting CVar [[r.ShadowQuality:5]]
[2023.02.20-11.38.35:276][  0]LogConfig: Setting CVar [[r.Shadow.CSM.MaxCascades:10]]
[2023.02.20-11.38.35:276][  0]LogConfig: Setting CVar [[r.Shadow.MaxResolution:2048]]
[2023.02.20-11.38.35:276][  0]LogConfig: Setting CVar [[r.Shadow.MaxCSMResolution:2048]]
[2023.02.20-11.38.35:276][  0]LogConfig: Setting CVar [[r.Shadow.RadiusThreshold:0.01]]
[2023.02.20-11.38.35:276][  0]LogConfig: Setting CVar [[r.Shadow.DistanceScale:1.0]]
[2023.02.20-11.38.35:276][  0]LogConfig: Setting CVar [[r.Shadow.CSM.TransitionScale:1.0]]
[2023.02.20-11.38.35:276][  0]LogConfig: Setting CVar [[r.Shadow.PreShadowResolutionFactor:1.0]]
[2023.02.20-11.38.35:276][  0]LogConfig: Setting CVar [[r.DistanceFieldShadowing:1]]
[2023.02.20-11.38.35:276][  0]LogConfig: Setting CVar [[r.DistanceFieldAO:1]]
[2023.02.20-11.38.35:276][  0]LogConfig: Setting CVar [[r.AOQuality:2]]
[2023.02.20-11.38.35:276][  0]LogConfig: Setting CVar [[r.VolumetricFog:1]]
[2023.02.20-11.38.35:276][  0]LogConfig: Setting CVar [[r.VolumetricFog.GridPixelSize:8]]
[2023.02.20-11.38.35:276][  0]LogConfig: Setting CVar [[r.VolumetricFog.GridSizeZ:128]]
[2023.02.20-11.38.35:276][  0]LogConfig: Setting CVar [[r.VolumetricFog.HistoryMissSupersampleCount:4]]
[2023.02.20-11.38.35:276][  0]LogConfig: Setting CVar [[r.LightMaxDrawDistanceScale:1]]
[2023.02.20-11.38.35:276][  0]LogConfig: Setting CVar [[r.CapsuleShadows:1]]
[2023.02.20-11.38.35:276][  0]LogConfig: Applying CVar settings from Section [PostProcessQuality@3] File [E:/New folder (8)/github/Nottingham_project/CIR_Nottingham main branch/Saved/Config/Windows/Scalability.ini]
[2023.02.20-11.38.35:276][  0]LogConfig: Setting CVar [[r.MotionBlurQuality:4]]
[2023.02.20-11.38.35:276][  0]LogConfig: Setting CVar [[r.AmbientOcclusionMipLevelFactor:0.4]]
[2023.02.20-11.38.35:276][  0]LogConfig: Setting CVar [[r.AmbientOcclusionMaxQuality:100]]
[2023.02.20-11.38.35:276][  0]LogConfig: Setting CVar [[r.AmbientOcclusionLevels:-1]]
[2023.02.20-11.38.35:276][  0]LogConfig: Setting CVar [[r.AmbientOcclusionRadiusScale:1.0]]
[2023.02.20-11.38.35:276][  0]LogConfig: Setting CVar [[r.DepthOfFieldQuality:2]]
[2023.02.20-11.38.35:276][  0]LogConfig: Setting CVar [[r.RenderTargetPoolMin:400]]
[2023.02.20-11.38.35:276][  0]LogConfig: Setting CVar [[r.LensFlareQuality:2]]
[2023.02.20-11.38.35:276][  0]LogConfig: Setting CVar [[r.SceneColorFringeQuality:1]]
[2023.02.20-11.38.35:276][  0]LogConfig: Setting CVar [[r.EyeAdaptationQuality:2]]
[2023.02.20-11.38.35:276][  0]LogConfig: Setting CVar [[r.BloomQuality:5]]
[2023.02.20-11.38.35:276][  0]LogConfig: Setting CVar [[r.FastBlurThreshold:100]]
[2023.02.20-11.38.35:276][  0]LogConfig: Setting CVar [[r.Upscale.Quality:3]]
[2023.02.20-11.38.35:276][  0]LogConfig: Setting CVar [[r.Tonemapper.GrainQuantization:1]]
[2023.02.20-11.38.35:276][  0]LogConfig: Setting CVar [[r.LightShaftQuality:1]]
[2023.02.20-11.38.35:276][  0]LogConfig: Setting CVar [[r.Filter.SizeScale:1]]
[2023.02.20-11.38.35:276][  0]LogConfig: Setting CVar [[r.Tonemapper.Quality:5]]
[2023.02.20-11.38.35:276][  0]LogConfig: Setting CVar [[r.DOF.Gather.AccumulatorQuality:1        ; higher gathering accumulator quality]]
[2023.02.20-11.38.35:276][  0]LogConfig: Setting CVar [[r.DOF.Gather.PostfilterMethod:1          ; Median3x3 postfilering method]]
[2023.02.20-11.38.35:276][  0]LogConfig: Setting CVar [[r.DOF.Gather.EnableBokehSettings:0       ; no bokeh simulation when gathering]]
[2023.02.20-11.38.35:276][  0]LogConfig: Setting CVar [[r.DOF.Gather.RingCount:4                 ; medium number of samples when gathering]]
[2023.02.20-11.38.35:276][  0]LogConfig: Setting CVar [[r.DOF.Scatter.ForegroundCompositing:1    ; additive foreground scattering]]
[2023.02.20-11.38.35:276][  0]LogConfig: Setting CVar [[r.DOF.Scatter.BackgroundCompositing:2    ; additive background scattering]]
[2023.02.20-11.38.35:276][  0]LogConfig: Setting CVar [[r.DOF.Scatter.EnableBokehSettings:1      ; bokeh simulation when scattering]]
[2023.02.20-11.38.35:276][  0]LogConfig: Setting CVar [[r.DOF.Scatter.MaxSpriteRatio:0.1         ; only a maximum of 10% of scattered bokeh]]
[2023.02.20-11.38.35:276][  0]LogConfig: Setting CVar [[r.DOF.Recombine.Quality:1                ; cheap slight out of focus]]
[2023.02.20-11.38.35:276][  0]LogConfig: Setting CVar [[r.DOF.Recombine.EnableBokehSettings:0    ; no bokeh simulation on slight out of focus]]
[2023.02.20-11.38.35:276][  0]LogConfig: Setting CVar [[r.DOF.TemporalAAQuality:1                ; more stable temporal accumulation]]
[2023.02.20-11.38.35:276][  0]LogConfig: Setting CVar [[r.DOF.Kernel.MaxForegroundRadius:0.025]]
[2023.02.20-11.38.35:276][  0]LogConfig: Setting CVar [[r.DOF.Kernel.MaxBackgroundRadius:0.025]]
[2023.02.20-11.38.35:277][  0]LogConfig: Applying CVar settings from Section [TextureQuality@3] File [E:/New folder (8)/github/Nottingham_project/CIR_Nottingham main branch/Saved/Config/Windows/Scalability.ini]
[2023.02.20-11.38.35:277][  0]LogConfig: Setting CVar [[r.Streaming.MipBias:0]]
[2023.02.20-11.38.35:277][  0]LogConfig: Setting CVar [[r.Streaming.AmortizeCPUToGPUCopy:0]]
[2023.02.20-11.38.35:277][  0]LogConfig: Setting CVar [[r.Streaming.MaxNumTexturesToStreamPerFrame:0]]
[2023.02.20-11.38.35:277][  0]LogConfig: Setting CVar [[r.Streaming.Boost:1]]
[2023.02.20-11.38.35:277][  0]LogConfig: Setting CVar [[r.MaxAnisotropy:8]]
[2023.02.20-11.38.35:277][  0]LogConfig: Setting CVar [[r.VT.MaxAnisotropy:8]]
[2023.02.20-11.38.35:277][  0]LogConfig: Setting CVar [[r.Streaming.LimitPoolSizeToVRAM:0]]
[2023.02.20-11.38.35:277][  0]LogConfig: Setting CVar [[r.Streaming.PoolSize:1000]]
[2023.02.20-11.38.35:277][  0]LogConfig: Setting CVar [[r.Streaming.MaxEffectiveScreenSize:0]]
[2023.02.20-11.38.35:277][  0]LogConfig: Applying CVar settings from Section [EffectsQuality@3] File [E:/New folder (8)/github/Nottingham_project/CIR_Nottingham main branch/Saved/Config/Windows/Scalability.ini]
[2023.02.20-11.38.35:277][  0]LogConfig: Setting CVar [[r.TranslucencyLightingVolumeDim:64]]
[2023.02.20-11.38.35:277][  0]LogConfig: Setting CVar [[r.RefractionQuality:2]]
[2023.02.20-11.38.35:277][  0]LogConfig: Setting CVar [[r.SSR.Quality:3]]
[2023.02.20-11.38.35:277][  0]LogConfig: Setting CVar [[r.SSR.HalfResSceneColor:0]]
[2023.02.20-11.38.35:277][  0]LogConfig: Setting CVar [[r.SceneColorFormat:4]]
[2023.02.20-11.38.35:277][  0]LogConfig: Setting CVar [[r.DetailMode:2]]
[2023.02.20-11.38.35:277][  0]LogConfig: Setting CVar [[r.TranslucencyVolumeBlur:1]]
[2023.02.20-11.38.35:277][  0]LogConfig: Setting CVar [[r.MaterialQualityLevel:1 ; High quality]]
[2023.02.20-11.38.35:277][  0]LogConfig: Setting CVar [[r.AnisotropicMaterials:1]]
[2023.02.20-11.38.35:277][  0]LogConfig: Setting CVar [[r.SSS.Scale:1]]
[2023.02.20-11.38.35:277][  0]LogConfig: Setting CVar [[r.SSS.SampleSet:2]]
[2023.02.20-11.38.35:277][  0]LogConfig: Setting CVar [[r.SSS.Quality:1]]
[2023.02.20-11.38.35:277][  0]LogConfig: Setting CVar [[r.SSS.HalfRes:0]]
[2023.02.20-11.38.35:277][  0]LogConfig: Setting CVar [[r.SSGI.Quality:3]]
[2023.02.20-11.38.35:277][  0]LogConfig: Setting CVar [[r.EmitterSpawnRateScale:1.0]]
[2023.02.20-11.38.35:277][  0]LogConfig: Setting CVar [[r.ParticleLightQuality:2]]
[2023.02.20-11.38.35:277][  0]LogConfig: Setting CVar [[r.SkyAtmosphere.AerialPerspectiveLUT.FastApplyOnOpaque:1 ; Always have FastSkyLUT 1 in this case to avoid wrong sky]]
[2023.02.20-11.38.35:277][  0]LogConfig: Setting CVar [[r.SkyAtmosphere.AerialPerspectiveLUT.SampleCountMaxPerSlice:4]]
[2023.02.20-11.38.35:277][  0]LogConfig: Setting CVar [[r.SkyAtmosphere.AerialPerspectiveLUT.DepthResolution:16.0]]
[2023.02.20-11.38.35:277][  0]LogConfig: Setting CVar [[r.SkyAtmosphere.FastSkyLUT:1]]
[2023.02.20-11.38.35:277][  0]LogConfig: Setting CVar [[r.SkyAtmosphere.FastSkyLUT.SampleCountMin:4.0]]
[2023.02.20-11.38.35:277][  0]LogConfig: Setting CVar [[r.SkyAtmosphere.FastSkyLUT.SampleCountMax:128.0]]
[2023.02.20-11.38.35:277][  0]LogConfig: Setting CVar [[r.SkyAtmosphere.SampleCountMin:4.0]]
[2023.02.20-11.38.35:277][  0]LogConfig: Setting CVar [[r.SkyAtmosphere.SampleCountMax:128.0]]
[2023.02.20-11.38.35:277][  0]LogConfig: Setting CVar [[r.SkyAtmosphere.TransmittanceLUT.UseSmallFormat:0]]
[2023.02.20-11.38.35:277][  0]LogConfig: Setting CVar [[r.SkyAtmosphere.TransmittanceLUT.SampleCount:10.0]]
[2023.02.20-11.38.35:277][  0]LogConfig: Setting CVar [[r.SkyAtmosphere.MultiScatteringLUT.SampleCount:15.0]]
[2023.02.20-11.38.35:277][  0]LogConfig: Setting CVar [[r.SkyLight.RealTimeReflectionCapture:1]]
[2023.02.20-11.38.35:277][  0]LogConfig: Applying CVar settings from Section [FoliageQuality@3] File [E:/New folder (8)/github/Nottingham_project/CIR_Nottingham main branch/Saved/Config/Windows/Scalability.ini]
[2023.02.20-11.38.35:277][  0]LogConfig: Setting CVar [[foliage.DensityScale:1.0]]
[2023.02.20-11.38.35:277][  0]LogConfig: Setting CVar [[grass.DensityScale:1.0]]
[2023.02.20-11.38.35:277][  0]LogConfig: Applying CVar settings from Section [ShadingQuality@3] File [E:/New folder (8)/github/Nottingham_project/CIR_Nottingham main branch/Saved/Config/Windows/Scalability.ini]
[2023.02.20-11.38.35:277][  0]LogConfig: Setting CVar [[r.HairStrands.SkyLighting.IntegrationType:2]]
[2023.02.20-11.38.35:277][  0]LogConfig: Setting CVar [[r.HairStrands.SkyAO.SampleCount:4]]
[2023.02.20-11.38.35:277][  0]LogConfig: Setting CVar [[r.HairStrands.Visibility.MSAA.SamplePerPixel:4]]
[2023.02.20-11.38.35:277][  0]LogInit: Selected Device Profile: [Windows]
[2023.02.20-11.38.35:277][  0]LogInit: Applying CVar settings loaded from the selected device profile: [Windows]
[2023.02.20-11.38.35:277][  0]LogHAL: Display: Platform has ~ 16 GB [17125842944 / 17179869184 / 16], which maps to Larger [LargestMinGB=32, LargerMinGB=12, DefaultMinGB=8, SmallerMinGB=6, SmallestMinGB=0)
[2023.02.20-11.38.35:277][  0]LogInit: Going up to parent DeviceProfile []
[2023.02.20-11.38.35:277][  0]LogConfig: Applying CVar settings from Section [ViewDistanceQuality@3] File [E:/New folder (8)/github/Nottingham_project/CIR_Nottingham main branch/Saved/Config/Windows/Scalability.ini]
[2023.02.20-11.38.35:277][  0]LogConfig: Setting CVar [[r.SkeletalMeshLODBias:0]]
[2023.02.20-11.38.35:277][  0]LogConfig: Setting CVar [[r.ViewDistanceScale:1.0]]
[2023.02.20-11.38.35:277][  0]LogConfig: Applying CVar settings from Section [AntiAliasingQuality@3] File [E:/New folder (8)/github/Nottingham_project/CIR_Nottingham main branch/Saved/Config/Windows/Scalability.ini]
[2023.02.20-11.38.35:277][  0]LogConfig: Setting CVar [[r.PostProcessAAQuality:4]]
[2023.02.20-11.38.35:277][  0]LogConfig: Applying CVar settings from Section [ShadowQuality@3] File [E:/New folder (8)/github/Nottingham_project/CIR_Nottingham main branch/Saved/Config/Windows/Scalability.ini]
[2023.02.20-11.38.35:277][  0]LogConfig: Setting CVar [[r.LightFunctionQuality:1]]
[2023.02.20-11.38.35:277][  0]LogConfig: Setting CVar [[r.ShadowQuality:5]]
[2023.02.20-11.38.35:277][  0]LogConfig: Setting CVar [[r.Shadow.CSM.MaxCascades:10]]
[2023.02.20-11.38.35:277][  0]LogConfig: Setting CVar [[r.Shadow.MaxResolution:2048]]
[2023.02.20-11.38.35:277][  0]LogConfig: Setting CVar [[r.Shadow.MaxCSMResolution:2048]]
[2023.02.20-11.38.35:277][  0]LogConfig: Setting CVar [[r.Shadow.RadiusThreshold:0.01]]
[2023.02.20-11.38.35:277][  0]LogConfig: Setting CVar [[r.Shadow.DistanceScale:1.0]]
[2023.02.20-11.38.35:277][  0]LogConfig: Setting CVar [[r.Shadow.CSM.TransitionScale:1.0]]
[2023.02.20-11.38.35:277][  0]LogConfig: Setting CVar [[r.Shadow.PreShadowResolutionFactor:1.0]]
[2023.02.20-11.38.35:277][  0]LogConfig: Setting CVar [[r.DistanceFieldShadowing:1]]
[2023.02.20-11.38.35:277][  0]LogConfig: Setting CVar [[r.DistanceFieldAO:1]]
[2023.02.20-11.38.35:277][  0]LogConfig: Setting CVar [[r.AOQuality:2]]
[2023.02.20-11.38.35:277][  0]LogConfig: Setting CVar [[r.VolumetricFog:1]]
[2023.02.20-11.38.35:277][  0]LogConfig: Setting CVar [[r.VolumetricFog.GridPixelSize:8]]
[2023.02.20-11.38.35:278][  0]LogConfig: Setting CVar [[r.VolumetricFog.GridSizeZ:128]]
[2023.02.20-11.38.35:278][  0]LogConfig: Setting CVar [[r.VolumetricFog.HistoryMissSupersampleCount:4]]
[2023.02.20-11.38.35:278][  0]LogConfig: Setting CVar [[r.LightMaxDrawDistanceScale:1]]
[2023.02.20-11.38.35:278][  0]LogConfig: Setting CVar [[r.CapsuleShadows:1]]
[2023.02.20-11.38.35:278][  0]LogConfig: Applying CVar settings from Section [PostProcessQuality@3] File [E:/New folder (8)/github/Nottingham_project/CIR_Nottingham main branch/Saved/Config/Windows/Scalability.ini]
[2023.02.20-11.38.35:278][  0]LogConfig: Setting CVar [[r.MotionBlurQuality:4]]
[2023.02.20-11.38.35:278][  0]LogConfig: Setting CVar [[r.AmbientOcclusionMipLevelFactor:0.4]]
[2023.02.20-11.38.35:278][  0]LogConfig: Setting CVar [[r.AmbientOcclusionMaxQuality:100]]
[2023.02.20-11.38.35:278][  0]LogConfig: Setting CVar [[r.AmbientOcclusionLevels:-1]]
[2023.02.20-11.38.35:278][  0]LogConfig: Setting CVar [[r.AmbientOcclusionRadiusScale:1.0]]
[2023.02.20-11.38.35:278][  0]LogConfig: Setting CVar [[r.DepthOfFieldQuality:2]]
[2023.02.20-11.38.35:278][  0]LogConfig: Setting CVar [[r.RenderTargetPoolMin:400]]
[2023.02.20-11.38.35:278][  0]LogConfig: Setting CVar [[r.LensFlareQuality:2]]
[2023.02.20-11.38.35:278][  0]LogConfig: Setting CVar [[r.SceneColorFringeQuality:1]]
[2023.02.20-11.38.35:278][  0]LogConfig: Setting CVar [[r.EyeAdaptationQuality:2]]
[2023.02.20-11.38.35:278][  0]LogConfig: Setting CVar [[r.BloomQuality:5]]
[2023.02.20-11.38.35:278][  0]LogConfig: Setting CVar [[r.FastBlurThreshold:100]]
[2023.02.20-11.38.35:278][  0]LogConfig: Setting CVar [[r.Upscale.Quality:3]]
[2023.02.20-11.38.35:278][  0]LogConfig: Setting CVar [[r.Tonemapper.GrainQuantization:1]]
[2023.02.20-11.38.35:278][  0]LogConfig: Setting CVar [[r.LightShaftQuality:1]]
[2023.02.20-11.38.35:278][  0]LogConfig: Setting CVar [[r.Filter.SizeScale:1]]
[2023.02.20-11.38.35:278][  0]LogConfig: Setting CVar [[r.Tonemapper.Quality:5]]
[2023.02.20-11.38.35:278][  0]LogConfig: Setting CVar [[r.DOF.Gather.AccumulatorQuality:1        ; higher gathering accumulator quality]]
[2023.02.20-11.38.35:278][  0]LogConfig: Setting CVar [[r.DOF.Gather.PostfilterMethod:1          ; Median3x3 postfilering method]]
[2023.02.20-11.38.35:278][  0]LogConfig: Setting CVar [[r.DOF.Gather.EnableBokehSettings:0       ; no bokeh simulation when gathering]]
[2023.02.20-11.38.35:278][  0]LogConfig: Setting CVar [[r.DOF.Gather.RingCount:4                 ; medium number of samples when gathering]]
[2023.02.20-11.38.35:278][  0]LogConfig: Setting CVar [[r.DOF.Scatter.ForegroundCompositing:1    ; additive foreground scattering]]
[2023.02.20-11.38.35:278][  0]LogConfig: Setting CVar [[r.DOF.Scatter.BackgroundCompositing:2    ; additive background scattering]]
[2023.02.20-11.38.35:278][  0]LogConfig: Setting CVar [[r.DOF.Scatter.EnableBokehSettings:1      ; bokeh simulation when scattering]]
[2023.02.20-11.38.35:278][  0]LogConfig: Setting CVar [[r.DOF.Scatter.MaxSpriteRatio:0.1         ; only a maximum of 10% of scattered bokeh]]
[2023.02.20-11.38.35:278][  0]LogConfig: Setting CVar [[r.DOF.Recombine.Quality:1                ; cheap slight out of focus]]
[2023.02.20-11.38.35:278][  0]LogConfig: Setting CVar [[r.DOF.Recombine.EnableBokehSettings:0    ; no bokeh simulation on slight out of focus]]
[2023.02.20-11.38.35:278][  0]LogConfig: Setting CVar [[r.DOF.TemporalAAQuality:1                ; more stable temporal accumulation]]
[2023.02.20-11.38.35:278][  0]LogConfig: Setting CVar [[r.DOF.Kernel.MaxForegroundRadius:0.025]]
[2023.02.20-11.38.35:278][  0]LogConfig: Setting CVar [[r.DOF.Kernel.MaxBackgroundRadius:0.025]]
[2023.02.20-11.38.35:278][  0]LogConfig: Applying CVar settings from Section [TextureQuality@3] File [E:/New folder (8)/github/Nottingham_project/CIR_Nottingham main branch/Saved/Config/Windows/Scalability.ini]
[2023.02.20-11.38.35:278][  0]LogConfig: Setting CVar [[r.Streaming.MipBias:0]]
[2023.02.20-11.38.35:278][  0]LogConfig: Setting CVar [[r.Streaming.AmortizeCPUToGPUCopy:0]]
[2023.02.20-11.38.35:278][  0]LogConfig: Setting CVar [[r.Streaming.MaxNumTexturesToStreamPerFrame:0]]
[2023.02.20-11.38.35:278][  0]LogConfig: Setting CVar [[r.Streaming.Boost:1]]
[2023.02.20-11.38.35:278][  0]LogConfig: Setting CVar [[r.MaxAnisotropy:8]]
[2023.02.20-11.38.35:278][  0]LogConfig: Setting CVar [[r.VT.MaxAnisotropy:8]]
[2023.02.20-11.38.35:278][  0]LogConfig: Setting CVar [[r.Streaming.LimitPoolSizeToVRAM:0]]
[2023.02.20-11.38.35:278][  0]LogConfig: Setting CVar [[r.Streaming.PoolSize:1000]]
[2023.02.20-11.38.35:278][  0]LogConfig: Setting CVar [[r.Streaming.MaxEffectiveScreenSize:0]]
[2023.02.20-11.38.35:278][  0]LogConfig: Applying CVar settings from Section [EffectsQuality@3] File [E:/New folder (8)/github/Nottingham_project/CIR_Nottingham main branch/Saved/Config/Windows/Scalability.ini]
[2023.02.20-11.38.35:278][  0]LogConfig: Setting CVar [[r.TranslucencyLightingVolumeDim:64]]
[2023.02.20-11.38.35:278][  0]LogConfig: Setting CVar [[r.RefractionQuality:2]]
[2023.02.20-11.38.35:278][  0]LogConfig: Setting CVar [[r.SSR.Quality:3]]
[2023.02.20-11.38.35:278][  0]LogConfig: Setting CVar [[r.SSR.HalfResSceneColor:0]]
[2023.02.20-11.38.35:278][  0]LogConfig: Setting CVar [[r.SceneColorFormat:4]]
[2023.02.20-11.38.35:278][  0]LogConfig: Setting CVar [[r.DetailMode:2]]
[2023.02.20-11.38.35:278][  0]LogConfig: Setting CVar [[r.TranslucencyVolumeBlur:1]]
[2023.02.20-11.38.35:278][  0]LogConfig: Setting CVar [[r.MaterialQualityLevel:1 ; High quality]]
[2023.02.20-11.38.35:278][  0]LogConfig: Setting CVar [[r.AnisotropicMaterials:1]]
[2023.02.20-11.38.35:278][  0]LogConfig: Setting CVar [[r.SSS.Scale:1]]
[2023.02.20-11.38.35:278][  0]LogConfig: Setting CVar [[r.SSS.SampleSet:2]]
[2023.02.20-11.38.35:278][  0]LogConfig: Setting CVar [[r.SSS.Quality:1]]
[2023.02.20-11.38.35:278][  0]LogConfig: Setting CVar [[r.SSS.HalfRes:0]]
[2023.02.20-11.38.35:278][  0]LogConfig: Setting CVar [[r.SSGI.Quality:3]]
[2023.02.20-11.38.35:278][  0]LogConfig: Setting CVar [[r.EmitterSpawnRateScale:1.0]]
[2023.02.20-11.38.35:278][  0]LogConfig: Setting CVar [[r.ParticleLightQuality:2]]
[2023.02.20-11.38.35:278][  0]LogConfig: Setting CVar [[r.SkyAtmosphere.AerialPerspectiveLUT.FastApplyOnOpaque:1 ; Always have FastSkyLUT 1 in this case to avoid wrong sky]]
[2023.02.20-11.38.35:278][  0]LogConfig: Setting CVar [[r.SkyAtmosphere.AerialPerspectiveLUT.SampleCountMaxPerSlice:4]]
[2023.02.20-11.38.35:278][  0]LogConfig: Setting CVar [[r.SkyAtmosphere.AerialPerspectiveLUT.DepthResolution:16.0]]
[2023.02.20-11.38.35:278][  0]LogConfig: Setting CVar [[r.SkyAtmosphere.FastSkyLUT:1]]
[2023.02.20-11.38.35:278][  0]LogConfig: Setting CVar [[r.SkyAtmosphere.FastSkyLUT.SampleCountMin:4.0]]
[2023.02.20-11.38.35:278][  0]LogConfig: Setting CVar [[r.SkyAtmosphere.FastSkyLUT.SampleCountMax:128.0]]
[2023.02.20-11.38.35:278][  0]LogConfig: Setting CVar [[r.SkyAtmosphere.SampleCountMin:4.0]]
[2023.02.20-11.38.35:278][  0]LogConfig: Setting CVar [[r.SkyAtmosphere.SampleCountMax:128.0]]
[2023.02.20-11.38.35:278][  0]LogConfig: Setting CVar [[r.SkyAtmosphere.TransmittanceLUT.UseSmallFormat:0]]
[2023.02.20-11.38.35:278][  0]LogConfig: Setting CVar [[r.SkyAtmosphere.TransmittanceLUT.SampleCount:10.0]]
[2023.02.20-11.38.35:278][  0]LogConfig: Setting CVar [[r.SkyAtmosphere.MultiScatteringLUT.SampleCount:15.0]]
[2023.02.20-11.38.35:278][  0]LogConfig: Setting CVar [[r.SkyLight.RealTimeReflectionCapture:1]]
[2023.02.20-11.38.35:278][  0]LogConfig: Applying CVar settings from Section [FoliageQuality@3] File [E:/New folder (8)/github/Nottingham_project/CIR_Nottingham main branch/Saved/Config/Windows/Scalability.ini]
[2023.02.20-11.38.35:278][  0]LogConfig: Setting CVar [[foliage.DensityScale:1.0]]
[2023.02.20-11.38.35:278][  0]LogConfig: Setting CVar [[grass.DensityScale:1.0]]
[2023.02.20-11.38.35:278][  0]LogConfig: Applying CVar settings from Section [ShadingQuality@3] File [E:/New folder (8)/github/Nottingham_project/CIR_Nottingham main branch/Saved/Config/Windows/Scalability.ini]
[2023.02.20-11.38.35:278][  0]LogConfig: Setting CVar [[r.HairStrands.SkyLighting.IntegrationType:2]]
[2023.02.20-11.38.35:278][  0]LogConfig: Setting CVar [[r.HairStrands.SkyAO.SampleCount:4]]
[2023.02.20-11.38.35:278][  0]LogConfig: Setting CVar [[r.HairStrands.Visibility.MSAA.SamplePerPixel:4]]
[2023.02.20-11.38.35:279][  0]LogConfig: Applying CVar settings from Section [Startup] File [../../../Engine/Config/ConsoleVariables.ini]
[2023.02.20-11.38.35:279][  0]LogConfig: Setting CVar [[net.UseAdaptiveNetUpdateFrequency:0]]
[2023.02.20-11.38.35:279][  0]LogConfig: Setting CVar [[p.chaos.AllowCreatePhysxBodies:1]]
[2023.02.20-11.38.35:279][  0]LogConfig: Setting CVar [[fx.SkipVectorVMBackendOptimizations:1]]
[2023.02.20-11.38.35:279][  0]LogConfig: Applying CVar settings from Section [ConsoleVariables] File [E:/New folder (8)/github/Nottingham_project/CIR_Nottingham main branch/Saved/Config/Windows/Engine.ini]
[2023.02.20-11.38.35:279][  0]LogConfig: Applying CVar settings from Section [ConsoleVariables] File [E:/New folder (8)/github/Nottingham_project/CIR_Nottingham main branch/Saved/Config/Windows/Editor.ini]
[2023.02.20-11.38.35:279][  0]LogInit: Computer: LIAMSPC
[2023.02.20-11.38.35:279][  0]LogInit: User: Liam
[2023.02.20-11.38.35:279][  0]LogInit: CPU Page size=4096, Cores=6
[2023.02.20-11.38.35:279][  0]LogInit: High frequency timer resolution =10.000000 MHz
[2023.02.20-11.38.35:279][  0]LogMemory: Memory total: Physical=15.9GB (16GB approx)
[2023.02.20-11.38.35:279][  0]LogMemory: Platform Memory Stats for Windows
[2023.02.20-11.38.35:279][  0]LogMemory: Process Physical Memory: 149.03 MB used, 149.04 MB peak
[2023.02.20-11.38.35:279][  0]LogMemory: Process Virtual Memory: 127.11 MB used, 127.11 MB peak
[2023.02.20-11.38.35:279][  0]LogMemory: Physical Memory: 7026.96 MB used,  9305.52 MB free, 16332.48 MB total
[2023.02.20-11.38.35:279][  0]LogMemory: Virtual Memory: 134195496.00 MB used,  22230.78 MB free, 134217728.00 MB total
[2023.02.20-11.38.35:287][  0]LogWindows: WindowsPlatformFeatures enabled
[2023.02.20-11.38.35:367][  0]LogInit: Physics initialised using underlying interface: PhysX
[2023.02.20-11.38.35:376][  0]LogInit: Using OS detected language (en-GB).
[2023.02.20-11.38.35:376][  0]LogInit: Using OS detected locale (en-GB).
[2023.02.20-11.38.35:388][  0]LogTextLocalizationManager: No specific localization for 'en-GB' exists, so the 'en' localization will be used.
[2023.02.20-11.38.35:603][  0]LogInit: Setting process to per monitor DPI aware
[2023.02.20-11.38.35:616][  0]LogWindowsTextInputMethodSystem: Display: IME system deactivated.
[2023.02.20-11.38.35:639][  0]LogSlate: New Slate User Created.  User Index 0, Is Virtual User: 0
[2023.02.20-11.38.35:639][  0]LogSlate: Slate User Registered.  User Index 0, Is Virtual User: 0
[2023.02.20-11.38.35:896][  0]LogD3D11RHI: Loaded GFSDK_Aftermath_Lib.x64.dll
[2023.02.20-11.38.35:900][  0]LogHMD: Failed to initialize OpenVR with code 110
[2023.02.20-11.38.35:900][  0]LogD3D11RHI: D3D11 min allowed feature level: 11_0
[2023.02.20-11.38.35:900][  0]LogD3D11RHI: D3D11 max allowed feature level: 11_0
[2023.02.20-11.38.35:900][  0]LogD3D11RHI: D3D11 adapters:
[2023.02.20-11.38.36:063][  0]LogD3D11RHI:    0. 'NVIDIA GeForce GTX 970' (Feature Level 11_0)
[2023.02.20-11.38.36:063][  0]LogD3D11RHI:       4043/0/8166 MB DedicatedVideo/DedicatedSystem/SharedSystem, Outputs:3, VendorId:0x10de
[2023.02.20-11.38.36:066][  0]LogD3D11RHI:    1. 'Microsoft Basic Render Driver' (Feature Level 11_0)
[2023.02.20-11.38.36:066][  0]LogD3D11RHI:       0/0/8166 MB DedicatedVideo/DedicatedSystem/SharedSystem, Outputs:0, VendorId:0x1414
[2023.02.20-11.38.36:066][  0]LogD3D11RHI: Chosen D3D11 Adapter:
[2023.02.20-11.38.36:066][  0]LogD3D11RHI:     Description : NVIDIA GeForce GTX 970
[2023.02.20-11.38.36:066][  0]LogD3D11RHI:     VendorId    : 10de
[2023.02.20-11.38.36:066][  0]LogD3D11RHI:     DeviceId    : 13c2
[2023.02.20-11.38.36:066][  0]LogD3D11RHI:     SubSysId    : 85081043
[2023.02.20-11.38.36:066][  0]LogD3D11RHI:     Revision    : 00a1
[2023.02.20-11.38.36:066][  0]LogD3D11RHI:     DedicatedVideoMemory : 4239654912 bytes
[2023.02.20-11.38.36:067][  0]LogD3D11RHI:     DedicatedSystemMemory : 0 bytes
[2023.02.20-11.38.36:067][  0]LogD3D11RHI:     SharedSystemMemory : 8562921472 bytes
[2023.02.20-11.38.36:067][  0]LogD3D11RHI:     AdapterLuid : 0 74130
[2023.02.20-11.38.36:073][  0]LogD3D11RHI: Creating new Direct3DDevice
[2023.02.20-11.38.36:073][  0]LogD3D11RHI:     GPU DeviceId: 0x13c2 (for the marketing name, search the web for "GPU Device Id")
[2023.02.20-11.38.36:073][  0]LogWindows: EnumDisplayDevices:
[2023.02.20-11.38.36:073][  0]LogWindows:    0. 'NVIDIA GeForce GTX 970' (P:1 D:1)
[2023.02.20-11.38.36:073][  0]LogWindows:    1. 'NVIDIA GeForce GTX 970' (P:0 D:1)
[2023.02.20-11.38.36:074][  0]LogWindows:    2. 'NVIDIA GeForce GTX 970' (P:0 D:1)
[2023.02.20-11.38.36:074][  0]LogWindows:    3. 'NVIDIA GeForce GTX 970' (P:0 D:0)
[2023.02.20-11.38.36:074][  0]LogWindows: DebugString: FoundDriverCount:4 
[2023.02.20-11.38.36:074][  0]LogD3D11RHI:     Adapter Name: NVIDIA GeForce GTX 970
[2023.02.20-11.38.36:074][  0]LogD3D11RHI:   Driver Version: 516.94 (internal:31.0.15.1694, unified:516.94)
[2023.02.20-11.38.36:074][  0]LogD3D11RHI:      Driver Date: 7-21-2022
[2023.02.20-11.38.36:074][  0]LogRHI: Texture pool is 2830 MB (70% of 4043 MB)
[2023.02.20-11.38.36:074][  0]LogD3D11RHI: Creating D3DDevice using adapter:
[2023.02.20-11.38.36:074][  0]LogD3D11RHI:     Description : NVIDIA GeForce GTX 970
[2023.02.20-11.38.36:074][  0]LogD3D11RHI:     VendorId    : 10de
[2023.02.20-11.38.36:074][  0]LogD3D11RHI:     DeviceId    : 13c2
[2023.02.20-11.38.36:074][  0]LogD3D11RHI:     SubSysId    : 85081043
[2023.02.20-11.38.36:074][  0]LogD3D11RHI:     Revision    : 00a1
[2023.02.20-11.38.36:074][  0]LogD3D11RHI:     DedicatedVideoMemory : 4239654912 bytes
[2023.02.20-11.38.36:074][  0]LogD3D11RHI:     DedicatedSystemMemory : 0 bytes
[2023.02.20-11.38.36:074][  0]LogD3D11RHI:     SharedSystemMemory : 8562921472 bytes
[2023.02.20-11.38.36:074][  0]LogD3D11RHI:     AdapterLuid : 0 74130
[2023.02.20-11.38.36:151][  0]LogD3D11RHI: RHI has support for 64 bit atomics
[2023.02.20-11.38.36:152][  0]LogD3D11RHI: Async texture creation enabled
[2023.02.20-11.38.36:152][  0]LogD3D11RHI: Array index from any shader is supported
[2023.02.20-11.38.36:173][  0]LogD3D11RHI: GPU Timing Frequency: 1000.000000 (Debug: 2 1)
[2023.02.20-11.38.36:242][  0]LogRHI: GeForceNow SDK initialized: 1
[2023.02.20-11.38.36:774][  0]LogTargetPlatformManager: Display: Loaded TargetPlatform 'AllDesktop'
[2023.02.20-11.38.36:803][  0]LogTargetPlatformManager: Display: Loaded TargetPlatform 'Android'
[2023.02.20-11.38.36:803][  0]LogTargetPlatformManager: Display: Loaded TargetPlatform 'Android_ASTC'
[2023.02.20-11.38.36:803][  0]LogTargetPlatformManager: Display: Loaded TargetPlatform 'Android_DXT'
[2023.02.20-11.38.36:803][  0]LogTargetPlatformManager: Display: Loaded TargetPlatform 'Android_ETC2'
[2023.02.20-11.38.36:803][  0]LogTargetPlatformManager: Display: Loaded TargetPlatform 'AndroidClient'
[2023.02.20-11.38.36:803][  0]LogTargetPlatformManager: Display: Loaded TargetPlatform 'Android_ASTCClient'
[2023.02.20-11.38.36:803][  0]LogTargetPlatformManager: Display: Loaded TargetPlatform 'Android_DXTClient'
[2023.02.20-11.38.36:803][  0]LogTargetPlatformManager: Display: Loaded TargetPlatform 'Android_ETC2Client'
[2023.02.20-11.38.36:803][  0]LogTargetPlatformManager: Display: Loaded TargetPlatform 'Android_Multi'
[2023.02.20-11.38.36:803][  0]LogTargetPlatformManager: Display: Loaded TargetPlatform 'Android_MultiClient'
[2023.02.20-11.38.36:830][  0]LogTargetPlatformManager: Display: Loaded TargetPlatform 'IOSClient'
[2023.02.20-11.38.36:830][  0]LogTargetPlatformManager: Display: Loaded TargetPlatform 'IOS'
[2023.02.20-11.38.36:847][  0]LogTargetPlatformManager: Display: Loaded TargetPlatform 'Linux'
[2023.02.20-11.38.36:854][  0]LogTargetPlatformManager: Display: Loaded TargetPlatform 'LinuxNoEditor'
[2023.02.20-11.38.36:860][  0]LogTargetPlatformManager: Display: Loaded TargetPlatform 'LinuxClient'
[2023.02.20-11.38.36:867][  0]LogTargetPlatformManager: Display: Loaded TargetPlatform 'LinuxServer'
[2023.02.20-11.38.36:884][  0]LogTargetPlatformManager: Display: Loaded TargetPlatform 'LinuxAArch64NoEditor'
[2023.02.20-11.38.36:890][  0]LogTargetPlatformManager: Display: Loaded TargetPlatform 'LinuxAArch64Client'
[2023.02.20-11.38.36:897][  0]LogTargetPlatformManager: Display: Loaded TargetPlatform 'LinuxAArch64Server'
[2023.02.20-11.38.36:936][  0]LogTargetPlatformManager: Display: Loaded TargetPlatform 'Lumin'
[2023.02.20-11.38.36:936][  0]LogTargetPlatformManager: Display: Loaded TargetPlatform 'LuminClient'
[2023.02.20-11.38.36:950][  0]LogTargetPlatformManager: Display: Loaded TargetPlatform 'MacNoEditor'
[2023.02.20-11.38.36:957][  0]LogTargetPlatformManager: Display: Loaded TargetPlatform 'Mac'
[2023.02.20-11.38.36:963][  0]LogTargetPlatformManager: Display: Loaded TargetPlatform 'MacClient'
[2023.02.20-11.38.36:970][  0]LogTargetPlatformManager: Display: Loaded TargetPlatform 'MacServer'
[2023.02.20-11.38.36:987][  0]LogTargetPlatformManager: Display: Loaded TargetPlatform 'TVOSClient'
[2023.02.20-11.38.36:987][  0]LogTargetPlatformManager: Display: Loaded TargetPlatform 'TVOS'
[2023.02.20-11.38.37:001][  0]LogTargetPlatformManager: Display: Loaded TargetPlatform 'WindowsNoEditor'
[2023.02.20-11.38.37:008][  0]LogTargetPlatformManager: Display: Loaded TargetPlatform 'Windows'
[2023.02.20-11.38.37:015][  0]LogTargetPlatformManager: Display: Loaded TargetPlatform 'WindowsClient'
[2023.02.20-11.38.37:022][  0]LogTargetPlatformManager: Display: Loaded TargetPlatform 'WindowsServer'
[2023.02.20-11.38.37:022][  0]LogTargetPlatformManager: Display: Building Assets For Windows
[2023.02.20-11.38.37:036][  0]LogAudioDebug: Display: Lib vorbis DLL was dynamically loaded.
[2023.02.20-11.38.37:111][  0]LogTextureFormatOodle: Display: Oodle Texture 2.9.0 init RDO Off
[2023.02.20-11.38.37:165][  0]LogRendererCore: Ray tracing is disabled. Reason: r.RayTracing=0.
[2023.02.20-11.38.37:165][  0]LogShaderCompilers: Guid format shader working directory is -43 characters bigger than the processId version (../../../../../../../New folder (8)/github/Nottingham_project/CIR_Nottingham main branch/Intermediate/Shaders/WorkingDirectory/8340/).
[2023.02.20-11.38.37:165][  0]LogShaderCompilers: Cleaned the shader compiler working directory 'C:/Users/Liam/AppData/Local/Temp/UnrealShaderWorkingDir/D74870954F2710A82CB4C483D087E395/'.
[2023.02.20-11.38.37:165][  0]LogXGEController: Cannot use XGE Controller as Incredibuild is not installed on this machine.
[2023.02.20-11.38.37:166][  0]LogShaderCompilers: Cannot use XGE Shader Compiler as Incredibuild is not installed on this machine.
[2023.02.20-11.38.37:166][  0]LogShaderCompilers: Display: Using Local Shader Compiler.
[2023.02.20-11.38.38:028][  0]LogDerivedDataCache: Display: Max Cache Size: 512 MB
[2023.02.20-11.38.38:078][  0]LogDerivedDataCache: Loaded boot cache 0.05s 94MB C:/Users/Liam/AppData/Local/UnrealEngine/4.27/DerivedDataCache/Boot.ddc.
[2023.02.20-11.38.38:078][  0]LogDerivedDataCache: Display: Loaded Boot cache: C:/Users/Liam/AppData/Local/UnrealEngine/4.27/DerivedDataCache/Boot.ddc
[2023.02.20-11.38.38:078][  0]LogDerivedDataCache: FDerivedDataBackendGraph:  Pak pak cache file ../../../../../../../New folder (8)/github/Nottingham_project/CIR_Nottingham main branch/DerivedDataCache/DDC.ddp not found, will not use a pak cache.
[2023.02.20-11.38.38:078][  0]LogDerivedDataCache: Unable to find inner node Pak for hierarchical cache Hierarchy.
[2023.02.20-11.38.38:078][  0]LogDerivedDataCache: FDerivedDataBackendGraph:  CompressedPak pak cache file ../../../../../../../New folder (8)/github/Nottingham_project/CIR_Nottingham main branch/DerivedDataCache/Compressed.ddp not found, will not use a pak cache.
[2023.02.20-11.38.38:078][  0]LogDerivedDataCache: Unable to find inner node CompressedPak for hierarchical cache Hierarchy.
[2023.02.20-11.38.38:097][  0]LogDerivedDataCache: Display: Pak cache opened for reading ../../../Engine/DerivedDataCache/Compressed.ddp.
[2023.02.20-11.38.38:097][  0]LogDerivedDataCache: FDerivedDataBackendGraph:  EnterprisePak pak cache file ../../../Enterprise/DerivedDataCache/Compressed.ddp not found, will not use a pak cache.
[2023.02.20-11.38.38:097][  0]LogDerivedDataCache: Unable to find inner node EnterprisePak for hierarchical cache Hierarchy.
[2023.02.20-11.38.38:114][  0]LogDerivedDataCache: Speed tests for C:/Users/Liam/AppData/Local/UnrealEngine/Common/DerivedDataCache took 0.02 seconds
[2023.02.20-11.38.38:114][  0]LogDerivedDataCache: Display: Performance to C:/Users/Liam/AppData/Local/UnrealEngine/Common/DerivedDataCache: Latency=0.11ms. RandomReadSpeed=949.63MBs, RandomWriteSpeed=59.96MBs. Assigned SpeedClass 'Local'
[2023.02.20-11.38.38:115][  0]LogDerivedDataCache: Using Local data cache path C:/Users/Liam/AppData/Local/UnrealEngine/Common/DerivedDataCache: Writable
[2023.02.20-11.38.38:115][  0]LogDerivedDataCache: Shared data cache path not found in *engine.ini, will not use an Shared cache.
[2023.02.20-11.38.38:115][  0]LogDerivedDataCache: Unable to find inner node Shared for hierarchical cache Hierarchy.
[2023.02.20-11.38.38:166][  0]LogSlate: Using FreeType 2.10.0
[2023.02.20-11.38.38:167][  0]LogSlate: SlateFontServices - WITH_FREETYPE: 1, WITH_HARFBUZZ: 1
[2023.02.20-11.38.38:192][  0]LogAssetRegistry: FAssetRegistry took 0.0028 seconds to start up
[2023.02.20-11.38.38:474][  0]LogInit: Selected Device Profile: [Windows]
[2023.02.20-11.38.38:474][  0]LogInit: Active device profile: [000001E08684AF00][000001E0FF641B80 49] Windows
[2023.02.20-11.38.38:474][  0]LogInit: Profiles: [000001E08684AF00][000001E0FF641B80 49] Windows, [000001E087801300][000001E0FF6482C0 49] WindowsNoEditor, [000001E086849300][000001E081F0C580 49] WindowsServer, [000001E087802800][000001E081F10840 49] WindowsClient, [000001E08684A700][000001E081F14B00 49] IOS, [000001E087801B00][000001E0FF644D80 49] iPadAir, [000001E086849A00][000001E081F1D040 49] iPadAir2, [000001E0877C3800][000001E0857BB580 49] IPadPro, [000001E0877C3900][000001E0857AB5C0 49] iPadAir3, [000001E08684B000][000001E0857B3880 49] iPadAir4, [000001E0877C1800][000001E0857AFB40 49] iPadMini2, [000001E086849200][000001E0857B6280 49] iPadMini3, [000001E0877C3A00][000001E0857BE540 49] iPadMini4, [000001E08684A900][000001E0857C2800 49] iPadMini5, [000001E0877F3100][000001E0857D6D40 49] iPhone6, [000001E0877F3200][000001E0857C6D80 49] iPodTouch6, [000001E0877C0700][000001E0857DF280 49] iPhone7, [000001E0877C0600][000001E081F192C0 49] iPodTouch7, [000001E0877F1700][000001E0857D3580 49] iPhone5S, [000001E0877C3200][000001E0857CB840 49] iPhone6Plus, [000001E0877F2300][000001E0857DBB00 49] iPhone6S, [000001E0877C1400][000001E0857E2240 49] iPhone6SPlus, [000001E0877F1600][000001E0857E6500 49] iPhone7Plus, [000001E0877C3300][000001E0857EA7C0 49] iPhoneSE, [000001E0877F2500][000001E0857EEA80 49] iPhone8, [000001E0877C2000][000001E0857F2D40 49] iPhone8Plus, [000001E0877F1B00][000001E0857CEFC0 49] iPhoneX, [000001E0877C2A00][000001E0857F7240 49] iPhoneXS, [000001E0877F1400][000001E0857FF500 49] iPhoneXSMax, [000001E0877C0100][000001E0858037C0 49] iPhoneXR, [000001E0877F0900][000001E085807A80 49] iPhone11, [000001E0877C3000][000001E08580A1C0 49] iPhone11Pro, [000001E0877F0D00][000001E08580E480 49] iPhone11ProMax, [000001E0877C1A00][000001E085812740 49] iPhoneSE2, [000001E0877F1D00][000001E085816A00 49] iPhone12Mini, [000001E0877C1000][000001E08581ACC0 49] iPhone12, [000001E0877F2900][000001E0879EEF80 49] iPhone12Pro, [000001E0877C0200][000001E0857FB200 49] iPhone12ProMax, [000001E0877F2000][000001E0879F3480 49] iPadPro105, [000001E0877C1200][000001E0879FB740 49] iPadPro129, [000001E0877F0E00][000001E0879FFA00 49] iPadPro97, [000001E0877C3B00][000001E087A02140 49] iPadPro2_129, [000001E0877F3F00][000001E087A06400 49] iPad5, [000001E0877C0800][000001E087A0A6C0 49] iPad6, [000001E0877F0C00][000001E087A0E980 49] iPad7, [000001E0877C0900][000001E087A12C40 49] iPad8, [000001E0877F2A00][000001E087A16F00 49] iPadPro11, [000001E0877C0B00][000001E087A1B1C0 49] iPadPro2_11, [000001E0877F1900][000001E0879F7440 49] iPadPro3_129, [000001E0877C3100][000001E087A1F6C0 49] iPadPro4_129, [000001E0877F2200][000001E087A27980 49] AppleTV, [000001E0877C2B00][000001E087A2A0C0 49] AppleTV4K, [000001E0877F0400][000001E087A2E380 49] TVOS, [000001E0877C3700][000001E087A32640 49] Mac, [000001E087803300][000001E087A7A900 49] MacClient, [000001E086881200][000001E087B24BC0 49] MacNoEditor, [000001E087800F00][000001E087BC2E80 49] MacServer, [000001E086880F00][000001E085517140 49] Linux, [000001E087802400][000001E08551B400 49] LinuxAArch64, [000001E086880100][000001E087A23680 49] LinuxNoEditor, [000001E087802300][000001E085545900 49] LinuxAArch64NoEditor, [000001E086881100][000001E088033BC0 49] LinuxClient, [000001E087802A00][000001E087C1E300 49] LinuxAArch64Client, [000001E086881000][000001E087C2C5C0 49] LinuxServer, [000001E087803700][000001E085698880 49] LinuxAArch64Server, [000001E086881800][000001E0FF59EB40 49] Android, [000001E087802500][000001E0FF5A2E00 49] Android_Low, [000001E086880600][000001E087B090C0 49] Android_Mid, [000001E087800700][000001E0856C9380 49] Android_High, [000001E086881400][000001E087BBF640 49] Android_Default, [000001E087803500][000001E08802F8C0 49] Android_Adreno4xx, [000001E086881700][000001E0856CDB40 49] Android_Adreno5xx_Low, [000001E087803E00][000001E087B1C280 49] Android_Adreno5xx, [000001E086880200][000001E087B20540 49] Android_Adreno6xx, [000001E0877C3C00][000001E087CE0800 49] Android_Adreno6xx_Vulkan, [000001E0877F0500][000001E087CE4AC0 49] Android_Mali_T6xx, [000001E0877C0300][000001E085718D80 49] Android_Mali_T7xx, [000001E0877F0600][000001E085721040 49] Android_Mali_T8xx, [000001E0877C3E00][000001E08572F300 49] Android_Mali_G71, [000001E0877F3500][000001E0857335C0 49] Android_Mali_G72, [000001E0877C0A00][000001E085737880 49] Android_Mali_G72_Vulkan, [000001E0877F3C00][000001E087B19B00 49] Android_Mali_G76, [000001E0877C2F00][000001E08573A200 49] Android_Mali_G76_Vulkan, [000001E0877F0A00][000001E0857424C0 49] Android_Mali_G77, [000001E0877C1B00][000001E08574A780 49] Android_Mali_G77_Vulkan, [000001E0877F3800][000001E087A9AA40 49] Android_Mali_G78, [000001E0877C2500][000001E087A9ED00 49] Android_Mali_G78_Vulkan, [000001E0877F1500][000001E087AE2FC0 49] Android_Mali_G710, [000001E0877C1500][000001E087AEB280 49] Android_Mali_G710_Vulkan, [000001E0877F0700][000001E087AEF540 49] Android_Vulkan_SM5, [000001E0877C1C00][000001E087AF3800 49] Android_PowerVR_G6xxx, [000001E0877F1800][000001E087B03AC0 49] Android_PowerVR_GT7xxx, [000001E0877C2D00][000001E08573E1C0 49] Android_PowerVR_GE8xxx, [000001E086880500][000001E085626440 49] Android_PowerVR_GM9xxx, [000001E0877C2E00][000001E08562E700 49] Android_PowerVR_GM9xxx_Vulkan, [000001E086881B00][000001E0856329C0 49] Android_TegraK1, [000001E0877C2C00][000001E085636C80 49] Android_Unknown_Vulkan, [000001E086880E00][000001E08563AF40 49] Lumin, [000001E0877C3400][000001E08563F200 49] Lumin_Desktop, [000001E086880800][000001E0856434C0 49] HoloLens, 
[2023.02.20-11.38.38:628][  0]LogMeshReduction: Using QuadricMeshReduction for automatic static mesh reduction
[2023.02.20-11.38.38:628][  0]LogMeshReduction: Using SimplygonMeshReduction for automatic skeletal mesh reduction
[2023.02.20-11.38.38:628][  0]LogMeshReduction: Using ProxyLODMeshReduction for automatic mesh merging
[2023.02.20-11.38.38:628][  0]LogMeshReduction: No distributed automatic mesh merging module available
[2023.02.20-11.38.38:628][  0]LogMeshMerging: No distributed automatic mesh merging module available
[2023.02.20-11.38.38:655][  0]LogNetVersion: CIR_Nottingham 1.0.0, NetCL: 17155196, EngineNetVer: 17, GameNetVer: 0 (Checksum: 3879849050)
[2023.02.20-11.38.39:106][  0]LogTexture: Default maximum texture size for cubemaps generated from long-lat sources has been changed from 512 to unlimited. In order to preserve old behaiour for '/Engine/MapTemplates/Sky/DaylightAmbientCubemap.DaylightAmbientCubemap', its maximum texture size has been explicitly set to 512.
[2023.02.20-11.38.39:164][  0]LogHMD: PokeAHoleMaterial loaded successfully
[2023.02.20-11.38.39:170][  0]LogUObjectArray: 17178 objects as part of root set at end of initial load.
[2023.02.20-11.38.39:170][  0]LogUObjectAllocator: 4302048 out of 0 bytes used by permanent object pool.
[2023.02.20-11.38.39:170][  0]LogUObjectArray: CloseDisregardForGC: 0/0 objects in disregard for GC pool
[2023.02.20-11.38.39:615][  0]LogPython: Using Python 3.7.7
[2023.02.20-11.38.40:179][  0]LogNiagaraDebuggerClient: Niagara Debugger Client Initialized | Session: 8A237C894FAEFFDAED6017BB28D3D851 | Instance: E9CACC494BD83E130A2C738D5BCEF525 (LIAMSPC-8340).
[2023.02.20-11.38.40:423][  0]LogUdpMessaging: Initializing bridge on interface 0.0.0.0:0 to multicast group 230.0.0.1:6666.
[2023.02.20-11.38.40:432][  0]LogTcpMessaging: Initializing TcpMessaging bridge
[2023.02.20-11.38.40:719][  0]SourceControl: Source control is disabled
[2023.02.20-11.38.40:719][  0]SourceControl: Source control is disabled
[2023.02.20-11.38.40:724][  0]SourceControl: Source control is disabled
[2023.02.20-11.38.40:729][  0]SourceControl: Source control is disabled
[2023.02.20-11.38.40:746][  0]SourceControl: Source control is disabled
[2023.02.20-11.38.40:756][  0]LogUProjectInfo: Found projects:
[2023.02.20-11.38.40:765][  0]LogVSAccessor: Display: Unable to create Visual Studio setup instance: 80040154
[2023.02.20-11.38.40:766][  0]LogVSAccessor: Display: Unable to create Visual Studio setup instance: 80040154
[2023.02.20-11.38.40:766][  0]LogVSAccessor: Display: Unable to create Visual Studio setup instance: 80040154
[2023.02.20-11.38.41:097][  0]LogOpenImageDenoise: OIDN starting up
[2023.02.20-11.38.41:190][  0]LogAndroidPermission: UAndroidPermissionCallbackProxy::GetInstance
[2023.02.20-11.38.41:226][  0]LogAudioCaptureCore: Display: No Audio Capture implementations found. Audio input will be silent.
[2023.02.20-11.38.41:226][  0]LogAudioCaptureCore: Display: No Audio Capture implementations found. Audio input will be silent.
[2023.02.20-11.38.41:391][  0]LogCollectionManager: Loaded 0 collections in 0.001206 seconds
[2023.02.20-11.38.41:434][  0]LogFileCache: Scanning file cache for directory 'E:/New folder (8)/github/Nottingham_project/CIR_Nottingham main branch/Saved/Collections/' took 0.00s
[2023.02.20-11.38.41:434][  0]LogFileCache: Scanning file cache for directory 'E:/New folder (8)/github/Nottingham_project/CIR_Nottingham main branch/Content/Developers/Liam/Collections/' took 0.00s
[2023.02.20-11.38.41:434][  0]LogFileCache: Scanning file cache for directory 'E:/New folder (8)/github/Nottingham_project/CIR_Nottingham main branch/Content/Collections/' took 0.00s
[2023.02.20-11.38.41:437][  0]LogOcInput: OculusInput pre-init called
[2023.02.20-11.38.41:700][  0]LogEngine: Initializing Engine...
[2023.02.20-11.38.41:703][  0]LogHMD: Failed to enumerate extensions. Please check that you have a valid OpenXR runtime installed.
[2023.02.20-11.38.41:704][  0]LogHMD: Failed to initialize OpenVR with code 110
[2023.02.20-11.38.41:704][  0]LogMagicLeap: Warning: VR disabled because ZI is not enabled.  To enable, in the editor, Edit -> Project Settings -> Plugins -> Magic Leap Plugin -> Enable Zero Iteration
[2023.02.20-11.38.41:705][  0]LogStats: UGameplayTagsManager::InitializeManager -  0.000 s
[2023.02.20-11.38.41:841][  0]LogInit: Initializing FReadOnlyCVARCache
[2023.02.20-11.38.41:852][  0]LogAIModule: Creating AISystem for world Untitled
[2023.02.20-11.38.41:853][  0]LogAudio: Display: Initializing Audio Device Manager...
[2023.02.20-11.38.41:858][  0]LogAudio: Display: Loading Default Audio Settings Objects...
[2023.02.20-11.38.41:859][  0]LogAudio: Display: No default SoundConcurrencyObject specified (or failed to load).
[2023.02.20-11.38.41:860][  0]LogAudio: Display: Audio Device Manager Initialized
[2023.02.20-11.38.41:860][  0]LogAudio: Display: Creating Audio Device:                 Id: 1, Scope: Shared, Realtime: True
[2023.02.20-11.38.41:860][  0]LogAudioMixer: Display: Audio Mixer Platform Settings:
[2023.02.20-11.38.41:860][  0]LogAudioMixer: Display: 	Sample Rate:						  48000
[2023.02.20-11.38.41:860][  0]LogAudioMixer: Display: 	Callback Buffer Frame Size Requested: 1024
[2023.02.20-11.38.41:860][  0]LogAudioMixer: Display: 	Callback Buffer Frame Size To Use:	  1024
[2023.02.20-11.38.41:860][  0]LogAudioMixer: Display: 	Number of buffers to queue:			  2
[2023.02.20-11.38.41:860][  0]LogAudioMixer: Display: 	Max Channels (voices):				  32
[2023.02.20-11.38.41:860][  0]LogAudioMixer: Display: 	Number of Async Source Workers:		  0
[2023.02.20-11.38.41:860][  0]LogAudio: Display: AudioDevice MaxSources: 32
[2023.02.20-11.38.41:860][  0]LogAudio: Display: Audio Spatialization Plugin: None (built-in).
[2023.02.20-11.38.41:860][  0]LogAudio: Display: Audio Reverb Plugin: None (built-in).
[2023.02.20-11.38.41:860][  0]LogAudio: Display: Audio Occlusion Plugin: None (built-in).
[2023.02.20-11.38.41:860][  0]LogAudioMixer: Display: Initializing audio mixer.
[2023.02.20-11.38.41:894][  0]LogAudioMixer: Display: 0: FrontLeft
[2023.02.20-11.38.41:894][  0]LogAudioMixer: Display: 1: FrontRight
[2023.02.20-11.38.41:929][  0]LogAudioMixer: Display: Using Audio Device Speakers (Realtek(R) Audio)
[2023.02.20-11.38.41:931][  0]LogAudioMixer: Display: Initializing Sound Submixes...
[2023.02.20-11.38.41:935][  0]LogAudioMixer: Display: Creating Master Submix 'MasterSubmixDefault'
[2023.02.20-11.38.41:935][  0]LogAudioMixer: Display: Creating Master Submix 'MasterReverbSubmixDefault'
[2023.02.20-11.38.41:936][  0]LogAudioMixer: Display: Creating Master Submix 'MasterEQSubmixDefault'
[2023.02.20-11.38.41:936][  0]LogAudioMixer: FMixerPlatformXAudio2::StartAudioStream() called
[2023.02.20-11.38.41:936][  0]LogAudioMixer: Display: Output buffers initialized: Frames=1024, Channels=2, Samples=2048
[2023.02.20-11.38.41:937][  0]LogAudioMixer: Display: Starting AudioMixerPlatformInterface::RunInternal()
[2023.02.20-11.38.41:937][  0]LogAudioMixer: Display: FMixerPlatformXAudio2::SubmitBuffer() called for the first time
[2023.02.20-11.38.41:937][  0]LogInit: FAudioDevice initialized.
[2023.02.20-11.38.41:937][  0]LogAudio: Display: Audio Device (ID: 1) registered with world 'Untitled'.
[2023.02.20-11.38.41:937][  0]LogNetVersion: Set ProjectVersion to 1.0.0.0. Version Checksum will be recalculated on next use.
[2023.02.20-11.38.42:160][  0]LogDerivedDataCache: Saved boot cache 0.22s 94MB C:/Users/Liam/AppData/Local/UnrealEngine/4.27/DerivedDataCache/Boot.ddc.
[2023.02.20-11.38.42:161][  0]LogInit: Texture streaming: Enabled
[2023.02.20-11.38.42:179][  0]LogAnalytics: Display: [UEEditor.Rocket.Release] APIServer = https://datarouter.ol.epicgames.com/. AppVersion = 4.27.2-18319896+++UE4+Release-4.27
[2023.02.20-11.38.42:185][  0]LogEngineSessionManager: EngineSessionManager initialized
[2023.02.20-11.38.42:185][  0]LogEditorSessionSummary: Verbose: Initializing EditorSessionSummaryWriter for editor session tracking
[2023.02.20-11.38.42:190][  0]LogEditorSessionSummary: EditorSessionSummaryWriter initialized
[2023.02.20-11.38.42:232][  0]LogInit: Transaction tracking system initialized
[2023.02.20-11.38.42:268][  0]BlueprintLog: New page: Editor Load
[2023.02.20-11.38.42:370][  0]LocalizationService: Localization service is disabled
[2023.02.20-11.38.42:413][  0]TimingProfiler: Initialize
[2023.02.20-11.38.42:413][  0]TimingProfiler: OnSessionChanged
[2023.02.20-11.38.42:413][  0]LoadingProfiler: Initialize
[2023.02.20-11.38.42:413][  0]LoadingProfiler: OnSessionChanged
[2023.02.20-11.38.42:413][  0]NetworkingProfiler: Initialize
[2023.02.20-11.38.42:413][  0]NetworkingProfiler: OnSessionChanged
[2023.02.20-11.38.42:413][  0]MemoryProfiler: Initialize
[2023.02.20-11.38.42:413][  0]MemoryProfiler: OnSessionChanged
[2023.02.20-11.38.42:508][  0]LogVSAccessor: Display: Unable to create Visual Studio setup instance: 80040154
[2023.02.20-11.38.42:509][  0]LogVSAccessor: Display: Unable to create Visual Studio setup instance: 80040154
[2023.02.20-11.38.42:509][  0]LogVSAccessor: Display: Unable to create Visual Studio setup instance: 80040154
[2023.02.20-11.38.42:663][  0]LogCook: Display: CookSettings for Memory: MemoryMaxUsedVirtual 0MiB, MemoryMaxUsedPhysical 16384MiB, MemoryMinFreeVirtual 0MiB, MemoryMinFreePhysical 1024MiB
[2023.02.20-11.38.42:663][  0]LogCook: Display: Mobile HDR setting 1
[2023.02.20-11.38.42:939][  0]LogFileCache: Scanning file cache for directory 'E:/New folder (8)/github/Nottingham_project/CIR_Nottingham main branch/Content/' took 0.01s
[2023.02.20-11.38.43:132][  0]LogInit: Display: Engine is initialized. Leaving FEngineLoop::Init()
[2023.02.20-11.38.43:138][  0]SourceControl: Source control is disabled
[2023.02.20-11.38.43:138][  0]LogUnrealEdMisc: Loading editor; pre map load, took 12.007
[2023.02.20-11.38.43:138][  0]Cmd: MAP LOAD FILE="../../../../../../../New folder (8)/github/Nottingham_project/CIR_Nottingham main branch/Content/ThirdPersonBP/Maps/ThirdPersonExampleMap.umap" TEMPLATE=0 SHOWPROGRESS=1 FEATURELEVEL=3
[2023.02.20-11.38.43:139][  0]LightingResults: New page: Lighting Build
[2023.02.20-11.38.43:140][  0]LogWorld: UWorld::CleanupWorld for Untitled, bSessionEnded=true, bCleanupResources=true
[2023.02.20-11.38.43:141][  0]LogSlate: InvalidateAllWidgets triggered.  All widgets were invalidated
[2023.02.20-11.38.43:141][  0]MapCheck: New page: Map Check
[2023.02.20-11.38.43:141][  0]LightingResults: New page: Lighting Build
[2023.02.20-11.38.43:150][  0]LogAudio: Display: Audio Device unregistered from world 'None'.
[2023.02.20-11.38.43:153][  0]LogUObjectHash: Compacting FUObjectHashTables data took   0.94ms
[2023.02.20-11.38.43:487][  0]LogAudio: Display: Audio Device (ID: 1) registered with world 'ThirdPersonExampleMap'.
[2023.02.20-11.38.43:488][  0]LogAIModule: Creating AISystem for world ThirdPersonExampleMap
[2023.02.20-11.38.43:495][  0]LogEditorServer: Finished looking for orphan Actors (0.000 secs)
[2023.02.20-11.38.43:506][  0]LogUObjectHash: Compacting FUObjectHashTables data took   0.95ms
[2023.02.20-11.38.43:507][  0]Cmd: MAP CHECKDEP NOCLEARLOG
[2023.02.20-11.38.43:508][  0]MapCheck: Map check complete: 0 Error(s), 0 Warning(s), took 0.322ms to complete.
[2023.02.20-11.38.43:508][  0]LogFileHelpers: Loading map 'ThirdPersonExampleMap' took 0.370
[2023.02.20-11.38.43:510][  0]LogUnrealEdMisc: Total Editor Startup Time, took 12.379
[2023.02.20-11.38.43:625][  0]LogSlate: Updating window title bar state: overlay mode, drag disabled, window buttons hidden, title bar hidden
[2023.02.20-11.38.43:632][  0]LogSlate: Updating window title bar state: overlay mode, drag disabled, window buttons hidden, title bar hidden
[2023.02.20-11.38.43:638][  0]LogSlate: Updating window title bar state: overlay mode, drag disabled, window buttons hidden, title bar hidden
[2023.02.20-11.38.43:645][  0]LogSlate: Updating window title bar state: overlay mode, drag disabled, window buttons hidden, title bar hidden
[2023.02.20-11.38.43:662][  0]LogNativeClassHierarchy: Verbose: Native class hierarchy populated in 0.0109 seconds. Added 3822 classes and 928 folders.
[2023.02.20-11.38.43:666][  0]LogNativeClassHierarchy: Verbose: Native class hierarchy updated for 'WidgetCarousel' in 0.0003 seconds. Added 0 classes and 0 folders.
[2023.02.20-11.38.43:668][  0]LogPakFile: PakFile PrimaryIndexSize=187
[2023.02.20-11.38.43:668][  0]LogPakFile: PakFile PathHashIndexSize=101
[2023.02.20-11.38.43:668][  0]LogPakFile: PakFile FullDirectoryIndexSize=148
[2023.02.20-11.38.43:668][  0]LogShaderLibrary: Display: ShaderCodeLibraryPakFileMountedCallback: PakFile 'E:/New folder/New folder/unreal/UE_4.27/FeaturePacks/FP_FirstPerson.upack' (chunk index -1, root 'root:/') mounted
[2023.02.20-11.38.43:668][  0]LogShaderLibrary: Display: ShaderCodeLibraryPakFileMountedCallback: pending pak file info (ChunkID:-1 Root:root:/ File:E:/New folder/New folder/unreal/UE_4.27/FeaturePacks/FP_FirstPerson.upack)
[2023.02.20-11.38.43:668][  0]LogPakFile: OnPakFileMounted2Time == 0.000064
[2023.02.20-11.38.43:669][  0]LogPakFile: PakFile PrimaryIndexSize=189
[2023.02.20-11.38.43:669][  0]LogPakFile: PakFile PathHashIndexSize=101
[2023.02.20-11.38.43:670][  0]LogPakFile: PakFile FullDirectoryIndexSize=152
[2023.02.20-11.38.43:670][  0]LogShaderLibrary: Display: ShaderCodeLibraryPakFileMountedCallback: PakFile 'E:/New folder/New folder/unreal/UE_4.27/FeaturePacks/FP_FirstPersonBP.upack' (chunk index -1, root 'root:/') mounted
[2023.02.20-11.38.43:670][  0]LogShaderLibrary: Display: ShaderCodeLibraryPakFileMountedCallback: pending pak file info (ChunkID:-1 Root:root:/ File:E:/New folder/New folder/unreal/UE_4.27/FeaturePacks/FP_FirstPersonBP.upack)
[2023.02.20-11.38.43:670][  0]LogPakFile: OnPakFileMounted2Time == 0.000045
[2023.02.20-11.38.43:671][  0]LogPakFile: PakFile PrimaryIndexSize=191
[2023.02.20-11.38.43:671][  0]LogPakFile: PakFile PathHashIndexSize=101
[2023.02.20-11.38.43:671][  0]LogPakFile: PakFile FullDirectoryIndexSize=160
[2023.02.20-11.38.43:671][  0]LogShaderLibrary: Display: ShaderCodeLibraryPakFileMountedCallback: PakFile 'E:/New folder/New folder/unreal/UE_4.27/FeaturePacks/MobileStarterContent.upack' (chunk index -1, root 'root:/') mounted
[2023.02.20-11.38.43:671][  0]LogShaderLibrary: Display: ShaderCodeLibraryPakFileMountedCallback: pending pak file info (ChunkID:-1 Root:root:/ File:E:/New folder/New folder/unreal/UE_4.27/FeaturePacks/MobileStarterContent.upack)
[2023.02.20-11.38.43:671][  0]LogPakFile: OnPakFileMounted2Time == 0.000038
[2023.02.20-11.38.43:672][  0]LogPakFile: PakFile PrimaryIndexSize=185
[2023.02.20-11.38.43:672][  0]LogPakFile: PakFile PathHashIndexSize=101
[2023.02.20-11.38.43:672][  0]LogPakFile: PakFile FullDirectoryIndexSize=148
[2023.02.20-11.38.43:672][  0]LogShaderLibrary: Display: ShaderCodeLibraryPakFileMountedCallback: PakFile 'E:/New folder/New folder/unreal/UE_4.27/FeaturePacks/StarterContent.upack' (chunk index -1, root 'root:/') mounted
[2023.02.20-11.38.43:672][  0]LogShaderLibrary: Display: ShaderCodeLibraryPakFileMountedCallback: pending pak file info (ChunkID:-1 Root:root:/ File:E:/New folder/New folder/unreal/UE_4.27/FeaturePacks/StarterContent.upack)
[2023.02.20-11.38.43:672][  0]LogPakFile: OnPakFileMounted2Time == 0.000039
[2023.02.20-11.38.43:673][  0]LogPakFile: PakFile PrimaryIndexSize=190
[2023.02.20-11.38.43:673][  0]LogPakFile: PakFile PathHashIndexSize=101
[2023.02.20-11.38.43:673][  0]LogPakFile: PakFile FullDirectoryIndexSize=154
[2023.02.20-11.38.43:673][  0]LogShaderLibrary: Display: ShaderCodeLibraryPakFileMountedCallback: PakFile 'E:/New folder/New folder/unreal/UE_4.27/FeaturePacks/TP_2DSideScroller.upack' (chunk index -1, root 'root:/') mounted
[2023.02.20-11.38.43:673][  0]LogShaderLibrary: Display: ShaderCodeLibraryPakFileMountedCallback: pending pak file info (ChunkID:-1 Root:root:/ File:E:/New folder/New folder/unreal/UE_4.27/FeaturePacks/TP_2DSideScroller.upack)
[2023.02.20-11.38.43:673][  0]LogPakFile: OnPakFileMounted2Time == 0.000048
[2023.02.20-11.38.43:674][  0]LogPakFile: PakFile PrimaryIndexSize=192
[2023.02.20-11.38.43:674][  0]LogPakFile: PakFile PathHashIndexSize=101
[2023.02.20-11.38.43:674][  0]LogPakFile: PakFile FullDirectoryIndexSize=158
[2023.02.20-11.38.43:674][  0]LogShaderLibrary: Display: ShaderCodeLibraryPakFileMountedCallback: PakFile 'E:/New folder/New folder/unreal/UE_4.27/FeaturePacks/TP_2DSideScrollerBP.upack' (chunk index -1, root 'root:/') mounted
[2023.02.20-11.38.43:674][  0]LogShaderLibrary: Display: ShaderCodeLibraryPakFileMountedCallback: pending pak file info (ChunkID:-1 Root:root:/ File:E:/New folder/New folder/unreal/UE_4.27/FeaturePacks/TP_2DSideScrollerBP.upack)
[2023.02.20-11.38.43:674][  0]LogPakFile: OnPakFileMounted2Time == 0.000037
[2023.02.20-11.38.43:675][  0]LogPakFile: PakFile PrimaryIndexSize=182
[2023.02.20-11.38.43:675][  0]LogPakFile: PakFile PathHashIndexSize=101
[2023.02.20-11.38.43:675][  0]LogPakFile: PakFile FullDirectoryIndexSize=138
[2023.02.20-11.38.43:675][  0]LogShaderLibrary: Display: ShaderCodeLibraryPakFileMountedCallback: PakFile 'E:/New folder/New folder/unreal/UE_4.27/FeaturePacks/TP_Flying.upack' (chunk index -1, root 'root:/') mounted
[2023.02.20-11.38.43:675][  0]LogShaderLibrary: Display: ShaderCodeLibraryPakFileMountedCallback: pending pak file info (ChunkID:-1 Root:root:/ File:E:/New folder/New folder/unreal/UE_4.27/FeaturePacks/TP_Flying.upack)
[2023.02.20-11.38.43:675][  0]LogPakFile: OnPakFileMounted2Time == 0.000037
[2023.02.20-11.38.43:677][  0]LogPakFile: PakFile PrimaryIndexSize=184
[2023.02.20-11.38.43:677][  0]LogPakFile: PakFile PathHashIndexSize=101
[2023.02.20-11.38.43:677][  0]LogPakFile: PakFile FullDirectoryIndexSize=142
[2023.02.20-11.38.43:677][  0]LogShaderLibrary: Display: ShaderCodeLibraryPakFileMountedCallback: PakFile 'E:/New folder/New folder/unreal/UE_4.27/FeaturePacks/TP_FlyingBP.upack' (chunk index -1, root 'root:/') mounted
[2023.02.20-11.38.43:677][  0]LogShaderLibrary: Display: ShaderCodeLibraryPakFileMountedCallback: pending pak file info (ChunkID:-1 Root:root:/ File:E:/New folder/New folder/unreal/UE_4.27/FeaturePacks/TP_FlyingBP.upack)
[2023.02.20-11.38.43:677][  0]LogPakFile: OnPakFileMounted2Time == 0.000036
[2023.02.20-11.38.43:678][  0]LogPakFile: PakFile PrimaryIndexSize=188
[2023.02.20-11.38.43:678][  0]LogPakFile: PakFile PathHashIndexSize=101
[2023.02.20-11.38.43:678][  0]LogPakFile: PakFile FullDirectoryIndexSize=150
[2023.02.20-11.38.43:678][  0]LogShaderLibrary: Display: ShaderCodeLibraryPakFileMountedCallback: PakFile 'E:/New folder/New folder/unreal/UE_4.27/FeaturePacks/TP_HandheldARBP.upack' (chunk index -1, root 'root:/') mounted
[2023.02.20-11.38.43:678][  0]LogShaderLibrary: Display: ShaderCodeLibraryPakFileMountedCallback: pending pak file info (ChunkID:-1 Root:root:/ File:E:/New folder/New folder/unreal/UE_4.27/FeaturePacks/TP_HandheldARBP.upack)
[2023.02.20-11.38.43:678][  0]LogPakFile: OnPakFileMounted2Time == 0.000037
[2023.02.20-11.38.43:679][  0]LogPakFile: PakFile PrimaryIndexSize=182
[2023.02.20-11.38.43:679][  0]LogPakFile: PakFile PathHashIndexSize=101
[2023.02.20-11.38.43:679][  0]LogPakFile: PakFile FullDirectoryIndexSize=138
[2023.02.20-11.38.43:679][  0]LogShaderLibrary: Display: ShaderCodeLibraryPakFileMountedCallback: PakFile 'E:/New folder/New folder/unreal/UE_4.27/FeaturePacks/TP_Puzzle.upack' (chunk index -1, root 'root:/') mounted
[2023.02.20-11.38.43:679][  0]LogShaderLibrary: Display: ShaderCodeLibraryPakFileMountedCallback: pending pak file info (ChunkID:-1 Root:root:/ File:E:/New folder/New folder/unreal/UE_4.27/FeaturePacks/TP_Puzzle.upack)
[2023.02.20-11.38.43:679][  0]LogPakFile: OnPakFileMounted2Time == 0.000037
[2023.02.20-11.38.43:680][  0]LogPakFile: PakFile PrimaryIndexSize=184
[2023.02.20-11.38.43:680][  0]LogPakFile: PakFile PathHashIndexSize=101
[2023.02.20-11.38.43:680][  0]LogPakFile: PakFile FullDirectoryIndexSize=142
[2023.02.20-11.38.43:680][  0]LogShaderLibrary: Display: ShaderCodeLibraryPakFileMountedCallback: PakFile 'E:/New folder/New folder/unreal/UE_4.27/FeaturePacks/TP_PuzzleBP.upack' (chunk index -1, root 'root:/') mounted
[2023.02.20-11.38.43:680][  0]LogShaderLibrary: Display: ShaderCodeLibraryPakFileMountedCallback: pending pak file info (ChunkID:-1 Root:root:/ File:E:/New folder/New folder/unreal/UE_4.27/FeaturePacks/TP_PuzzleBP.upack)
[2023.02.20-11.38.43:680][  0]LogPakFile: OnPakFileMounted2Time == 0.000037
[2023.02.20-11.38.43:682][  0]LogPakFile: PakFile PrimaryIndexSize=183
[2023.02.20-11.38.43:682][  0]LogPakFile: PakFile PathHashIndexSize=101
[2023.02.20-11.38.43:682][  0]LogPakFile: PakFile FullDirectoryIndexSize=140
[2023.02.20-11.38.43:682][  0]LogShaderLibrary: Display: ShaderCodeLibraryPakFileMountedCallback: PakFile 'E:/New folder/New folder/unreal/UE_4.27/FeaturePacks/TP_Rolling.upack' (chunk index -1, root 'root:/') mounted
[2023.02.20-11.38.43:682][  0]LogShaderLibrary: Display: ShaderCodeLibraryPakFileMountedCallback: pending pak file info (ChunkID:-1 Root:root:/ File:E:/New folder/New folder/unreal/UE_4.27/FeaturePacks/TP_Rolling.upack)
[2023.02.20-11.38.43:682][  0]LogPakFile: OnPakFileMounted2Time == 0.000041
[2023.02.20-11.38.43:683][  0]LogPakFile: PakFile PrimaryIndexSize=185
[2023.02.20-11.38.43:683][  0]LogPakFile: PakFile PathHashIndexSize=101
[2023.02.20-11.38.43:683][  0]LogPakFile: PakFile FullDirectoryIndexSize=144
[2023.02.20-11.38.43:683][  0]LogShaderLibrary: Display: ShaderCodeLibraryPakFileMountedCallback: PakFile 'E:/New folder/New folder/unreal/UE_4.27/FeaturePacks/TP_RollingBP.upack' (chunk index -1, root 'root:/') mounted
[2023.02.20-11.38.43:683][  0]LogShaderLibrary: Display: ShaderCodeLibraryPakFileMountedCallback: pending pak file info (ChunkID:-1 Root:root:/ File:E:/New folder/New folder/unreal/UE_4.27/FeaturePacks/TP_RollingBP.upack)
[2023.02.20-11.38.43:683][  0]LogPakFile: OnPakFileMounted2Time == 0.000038
[2023.02.20-11.38.43:684][  0]LogPakFile: PakFile PrimaryIndexSize=188
[2023.02.20-11.38.43:684][  0]LogPakFile: PakFile PathHashIndexSize=101
[2023.02.20-11.38.43:684][  0]LogPakFile: PakFile FullDirectoryIndexSize=150
[2023.02.20-11.38.43:684][  0]LogShaderLibrary: Display: ShaderCodeLibraryPakFileMountedCallback: PakFile 'E:/New folder/New folder/unreal/UE_4.27/FeaturePacks/TP_SideScroller.upack' (chunk index -1, root 'root:/') mounted
[2023.02.20-11.38.43:684][  0]LogShaderLibrary: Display: ShaderCodeLibraryPakFileMountedCallback: pending pak file info (ChunkID:-1 Root:root:/ File:E:/New folder/New folder/unreal/UE_4.27/FeaturePacks/TP_SideScroller.upack)
[2023.02.20-11.38.43:684][  0]LogPakFile: OnPakFileMounted2Time == 0.000039
[2023.02.20-11.38.43:685][  0]LogPakFile: PakFile PrimaryIndexSize=190
[2023.02.20-11.38.43:685][  0]LogPakFile: PakFile PathHashIndexSize=101
[2023.02.20-11.38.43:685][  0]LogPakFile: PakFile FullDirectoryIndexSize=154
[2023.02.20-11.38.43:685][  0]LogShaderLibrary: Display: ShaderCodeLibraryPakFileMountedCallback: PakFile 'E:/New folder/New folder/unreal/UE_4.27/FeaturePacks/TP_SideScrollerBP.upack' (chunk index -1, root 'root:/') mounted
[2023.02.20-11.38.43:685][  0]LogShaderLibrary: Display: ShaderCodeLibraryPakFileMountedCallback: pending pak file info (ChunkID:-1 Root:root:/ File:E:/New folder/New folder/unreal/UE_4.27/FeaturePacks/TP_SideScrollerBP.upack)
[2023.02.20-11.38.43:685][  0]LogPakFile: OnPakFileMounted2Time == 0.000046
[2023.02.20-11.38.43:686][  0]LogPakFile: PakFile PrimaryIndexSize=187
[2023.02.20-11.38.43:686][  0]LogPakFile: PakFile PathHashIndexSize=101
[2023.02.20-11.38.43:686][  0]LogPakFile: PakFile FullDirectoryIndexSize=148
[2023.02.20-11.38.43:687][  0]LogShaderLibrary: Display: ShaderCodeLibraryPakFileMountedCallback: PakFile 'E:/New folder/New folder/unreal/UE_4.27/FeaturePacks/TP_ThirdPerson.upack' (chunk index -1, root 'root:/') mounted
[2023.02.20-11.38.43:687][  0]LogShaderLibrary: Display: ShaderCodeLibraryPakFileMountedCallback: pending pak file info (ChunkID:-1 Root:root:/ File:E:/New folder/New folder/unreal/UE_4.27/FeaturePacks/TP_ThirdPerson.upack)
[2023.02.20-11.38.43:687][  0]LogPakFile: OnPakFileMounted2Time == 0.000037
[2023.02.20-11.38.43:688][  0]LogPakFile: PakFile PrimaryIndexSize=189
[2023.02.20-11.38.43:688][  0]LogPakFile: PakFile PathHashIndexSize=101
[2023.02.20-11.38.43:688][  0]LogPakFile: PakFile FullDirectoryIndexSize=152
[2023.02.20-11.38.43:688][  0]LogShaderLibrary: Display: ShaderCodeLibraryPakFileMountedCallback: PakFile 'E:/New folder/New folder/unreal/UE_4.27/FeaturePacks/TP_ThirdPersonBP.upack' (chunk index -1, root 'root:/') mounted
[2023.02.20-11.38.43:688][  0]LogShaderLibrary: Display: ShaderCodeLibraryPakFileMountedCallback: pending pak file info (ChunkID:-1 Root:root:/ File:E:/New folder/New folder/unreal/UE_4.27/FeaturePacks/TP_ThirdPersonBP.upack)
[2023.02.20-11.38.43:688][  0]LogPakFile: OnPakFileMounted2Time == 0.000037
[2023.02.20-11.38.43:689][  0]LogPakFile: PakFile PrimaryIndexSize=183
[2023.02.20-11.38.43:689][  0]LogPakFile: PakFile PathHashIndexSize=101
[2023.02.20-11.38.43:689][  0]LogPakFile: PakFile FullDirectoryIndexSize=140
[2023.02.20-11.38.43:689][  0]LogShaderLibrary: Display: ShaderCodeLibraryPakFileMountedCallback: PakFile 'E:/New folder/New folder/unreal/UE_4.27/FeaturePacks/TP_TopDown.upack' (chunk index -1, root 'root:/') mounted
[2023.02.20-11.38.43:689][  0]LogShaderLibrary: Display: ShaderCodeLibraryPakFileMountedCallback: pending pak file info (ChunkID:-1 Root:root:/ File:E:/New folder/New folder/unreal/UE_4.27/FeaturePacks/TP_TopDown.upack)
[2023.02.20-11.38.43:689][  0]LogPakFile: OnPakFileMounted2Time == 0.000048
[2023.02.20-11.38.43:690][  0]LogPakFile: PakFile PrimaryIndexSize=185
[2023.02.20-11.38.43:690][  0]LogPakFile: PakFile PathHashIndexSize=101
[2023.02.20-11.38.43:690][  0]LogPakFile: PakFile FullDirectoryIndexSize=144
[2023.02.20-11.38.43:690][  0]LogShaderLibrary: Display: ShaderCodeLibraryPakFileMountedCallback: PakFile 'E:/New folder/New folder/unreal/UE_4.27/FeaturePacks/TP_TopDownBP.upack' (chunk index -1, root 'root:/') mounted
[2023.02.20-11.38.43:690][  0]LogShaderLibrary: Display: ShaderCodeLibraryPakFileMountedCallback: pending pak file info (ChunkID:-1 Root:root:/ File:E:/New folder/New folder/unreal/UE_4.27/FeaturePacks/TP_TopDownBP.upack)
[2023.02.20-11.38.43:690][  0]LogPakFile: OnPakFileMounted2Time == 0.000036
[2023.02.20-11.38.43:691][  0]LogPakFile: PakFile PrimaryIndexSize=185
[2023.02.20-11.38.43:691][  0]LogPakFile: PakFile PathHashIndexSize=101
[2023.02.20-11.38.43:691][  0]LogPakFile: PakFile FullDirectoryIndexSize=144
[2023.02.20-11.38.43:691][  0]LogShaderLibrary: Display: ShaderCodeLibraryPakFileMountedCallback: PakFile 'E:/New folder/New folder/unreal/UE_4.27/FeaturePacks/TP_TwinStick.upack' (chunk index -1, root 'root:/') mounted
[2023.02.20-11.38.43:691][  0]LogShaderLibrary: Display: ShaderCodeLibraryPakFileMountedCallback: pending pak file info (ChunkID:-1 Root:root:/ File:E:/New folder/New folder/unreal/UE_4.27/FeaturePacks/TP_TwinStick.upack)
[2023.02.20-11.38.43:691][  0]LogPakFile: OnPakFileMounted2Time == 0.000039
[2023.02.20-11.38.43:692][  0]LogPakFile: PakFile PrimaryIndexSize=187
[2023.02.20-11.38.43:692][  0]LogPakFile: PakFile PathHashIndexSize=101
[2023.02.20-11.38.43:692][  0]LogPakFile: PakFile FullDirectoryIndexSize=148
[2023.02.20-11.38.43:692][  0]LogShaderLibrary: Display: ShaderCodeLibraryPakFileMountedCallback: PakFile 'E:/New folder/New folder/unreal/UE_4.27/FeaturePacks/TP_TwinStickBP.upack' (chunk index -1, root 'root:/') mounted
[2023.02.20-11.38.43:692][  0]LogShaderLibrary: Display: ShaderCodeLibraryPakFileMountedCallback: pending pak file info (ChunkID:-1 Root:root:/ File:E:/New folder/New folder/unreal/UE_4.27/FeaturePacks/TP_TwinStickBP.upack)
[2023.02.20-11.38.43:692][  0]LogPakFile: OnPakFileMounted2Time == 0.000037
[2023.02.20-11.38.43:694][  0]LogPakFile: PakFile PrimaryIndexSize=183
[2023.02.20-11.38.43:694][  0]LogPakFile: PakFile PathHashIndexSize=101
[2023.02.20-11.38.43:694][  0]LogPakFile: PakFile FullDirectoryIndexSize=140
[2023.02.20-11.38.43:694][  0]LogShaderLibrary: Display: ShaderCodeLibraryPakFileMountedCallback: PakFile 'E:/New folder/New folder/unreal/UE_4.27/FeaturePacks/TP_Vehicle.upack' (chunk index -1, root 'root:/') mounted
[2023.02.20-11.38.43:694][  0]LogShaderLibrary: Display: ShaderCodeLibraryPakFileMountedCallback: pending pak file info (ChunkID:-1 Root:root:/ File:E:/New folder/New folder/unreal/UE_4.27/FeaturePacks/TP_Vehicle.upack)
[2023.02.20-11.38.43:694][  0]LogPakFile: OnPakFileMounted2Time == 0.000037
[2023.02.20-11.38.43:695][  0]LogPakFile: PakFile PrimaryIndexSize=186
[2023.02.20-11.38.43:695][  0]LogPakFile: PakFile PathHashIndexSize=101
[2023.02.20-11.38.43:695][  0]LogPakFile: PakFile FullDirectoryIndexSize=146
[2023.02.20-11.38.43:695][  0]LogShaderLibrary: Display: ShaderCodeLibraryPakFileMountedCallback: PakFile 'E:/New folder/New folder/unreal/UE_4.27/FeaturePacks/TP_VehicleAdv.upack' (chunk index -1, root 'root:/') mounted
[2023.02.20-11.38.43:695][  0]LogShaderLibrary: Display: ShaderCodeLibraryPakFileMountedCallback: pending pak file info (ChunkID:-1 Root:root:/ File:E:/New folder/New folder/unreal/UE_4.27/FeaturePacks/TP_VehicleAdv.upack)
[2023.02.20-11.38.43:695][  0]LogPakFile: OnPakFileMounted2Time == 0.000037
[2023.02.20-11.38.43:696][  0]LogPakFile: PakFile PrimaryIndexSize=188
[2023.02.20-11.38.43:696][  0]LogPakFile: PakFile PathHashIndexSize=101
[2023.02.20-11.38.43:696][  0]LogPakFile: PakFile FullDirectoryIndexSize=150
[2023.02.20-11.38.43:696][  0]LogShaderLibrary: Display: ShaderCodeLibraryPakFileMountedCallback: PakFile 'E:/New folder/New folder/unreal/UE_4.27/FeaturePacks/TP_VehicleAdvBP.upack' (chunk index -1, root 'root:/') mounted
[2023.02.20-11.38.43:696][  0]LogShaderLibrary: Display: ShaderCodeLibraryPakFileMountedCallback: pending pak file info (ChunkID:-1 Root:root:/ File:E:/New folder/New folder/unreal/UE_4.27/FeaturePacks/TP_VehicleAdvBP.upack)
[2023.02.20-11.38.43:696][  0]LogPakFile: OnPakFileMounted2Time == 0.000037
[2023.02.20-11.38.43:697][  0]LogPakFile: PakFile PrimaryIndexSize=185
[2023.02.20-11.38.43:697][  0]LogPakFile: PakFile PathHashIndexSize=101
[2023.02.20-11.38.43:697][  0]LogPakFile: PakFile FullDirectoryIndexSize=144
[2023.02.20-11.38.43:697][  0]LogShaderLibrary: Display: ShaderCodeLibraryPakFileMountedCallback: PakFile 'E:/New folder/New folder/unreal/UE_4.27/FeaturePacks/TP_VehicleBP.upack' (chunk index -1, root 'root:/') mounted
[2023.02.20-11.38.43:697][  0]LogShaderLibrary: Display: ShaderCodeLibraryPakFileMountedCallback: pending pak file info (ChunkID:-1 Root:root:/ File:E:/New folder/New folder/unreal/UE_4.27/FeaturePacks/TP_VehicleBP.upack)
[2023.02.20-11.38.43:697][  0]LogPakFile: OnPakFileMounted2Time == 0.000037
[2023.02.20-11.38.43:698][  0]LogPakFile: PakFile PrimaryIndexSize=192
[2023.02.20-11.38.43:698][  0]LogPakFile: PakFile PathHashIndexSize=101
[2023.02.20-11.38.43:698][  0]LogPakFile: PakFile FullDirectoryIndexSize=158
[2023.02.20-11.38.43:699][  0]LogShaderLibrary: Display: ShaderCodeLibraryPakFileMountedCallback: PakFile 'E:/New folder/New folder/unreal/UE_4.27/FeaturePacks/TP_VirtualRealityBP.upack' (chunk index -1, root 'root:/') mounted
[2023.02.20-11.38.43:699][  0]LogShaderLibrary: Display: ShaderCodeLibraryPakFileMountedCallback: pending pak file info (ChunkID:-1 Root:root:/ File:E:/New folder/New folder/unreal/UE_4.27/FeaturePacks/TP_VirtualRealityBP.upack)
[2023.02.20-11.38.43:699][  0]LogPakFile: OnPakFileMounted2Time == 0.000044
[2023.02.20-11.38.43:791][  0]LogNativeClassHierarchy: Verbose: Native class hierarchy updated for 'AddContentDialog' in 0.0003 seconds. Added 0 classes and 0 folders.
[2023.02.20-11.38.43:793][  0]LogNativeClassHierarchy: Verbose: Native class hierarchy updated for 'SceneOutliner' in 0.0002 seconds. Added 2 classes and 0 folders.
[2023.02.20-11.38.43:914][  0]LogSlate: Took 0.000267 seconds to synchronously load lazily loaded font '../../../Engine/Content/Slate/Fonts/Roboto-Regular.ttf' (155K)
[2023.02.20-11.38.43:916][  0]LogSlate: Took 0.000238 seconds to synchronously load lazily loaded font '../../../Engine/Content/Editor/Slate/Fonts/FontAwesome.ttf' (139K)
[2023.02.20-11.38.43:917][  0]LogSlate: Took 0.000176 seconds to synchronously load lazily loaded font '../../../Engine/Content/Slate/Fonts/Roboto-Bold.ttf' (160K)
[2023.02.20-11.38.44:029][  0]LogRenderer: Reallocating scene render targets to support 1124x572 Format 10 NumSamples 1 (Frame:1).
[2023.02.20-11.38.44:131][  0]LogNativeClassHierarchy: Verbose: Native class hierarchy updated for 'HierarchicalLODOutliner' in 0.0003 seconds. Added 0 classes and 0 folders.
[2023.02.20-11.38.44:131][  0]LogInput: Warning: Action Jump uses invalid key OculusGo_Left_Trigger_Click.
[2023.02.20-11.38.44:131][  0]LogInput: Warning: Action ResetVR uses invalid key OculusGo_Left_Trackpad_Click.
[2023.02.20-11.38.44:131][  0]LogInput: Warning: Use -RemoveInvalidKeys to remove instances of these keys from the action mapping.
[2023.02.20-11.38.44:131][  0]LogLoad: (Engine Initialization) Total time: 13.00 seconds
[2023.02.20-11.38.44:131][  0]LogLoad: (Engine Initialization) Total Blueprint compile time: 0.00 seconds
[2023.02.20-11.38.44:181][  0]LogAssetRegistry: Asset discovery search completed in 5.9897 seconds
[2023.02.20-11.38.44:189][  0]LogCollectionManager: Fixed up redirectors for 0 collections in 0.000003 seconds (updated 0 objects)
[2023.02.20-11.38.44:191][  0]LogContentStreaming: Texture pool size now 1000 MB
[2023.02.20-11.38.44:824][  2]LogSlate: Took 0.000251 seconds to synchronously load lazily loaded font '../../../Engine/Content/Slate/Fonts/Roboto-Light.ttf' (167K)
[2023.02.20-11.38.55:240][ 75]LogObjectTools: Deleting 1 worlds: /Game/ThirdPersonBP/Maps/ThirdPersonExampleMap.ThirdPersonExampleMap
[2023.02.20-11.38.55:240][ 75]LogObjectTools: Currently 1 active worlds: /Game/ThirdPersonBP/Maps/ThirdPersonExampleMap.ThirdPersonExampleMap
[2023.02.20-11.38.59:520][ 75]LogSlate: Window 'Unable to delete level' being destroyed
[2023.02.20-11.38.59:527][ 75]Message dialog closed, result: Ok, title: Unable to delete level, text: Unable to delete level while it is open
