Log file open, 02/20/23 12:56:06
LogWindows: Failed to load 'aqProf.dll' (GetLastError=126)
LogWindows: File 'aqProf.dll' does not exist
LogWindows: Failed to load 'VtuneApi.dll' (GetLastError=126)
LogWindows: File 'VtuneApi.dll' does not exist
LogWindows: Failed to load 'VtuneApi32e.dll' (GetLastError=126)
LogWindows: File 'VtuneApi32e.dll' does not exist
LogConsoleResponse: Display: Failed to find resolution value strings in scalability ini. Falling back to default.
LogConsoleResponse: Display: Failed to find resolution value strings in scalability ini. Falling back to default.
LogInit: Display: Running engine for game: MyProject
LogPlatformFile: Not using cached read wrapper
LogTaskGraph: Started task graph with 5 named threads and 35 total threads with 3 sets of task threads.
LogStats: Stats thread started at 2.062081
LogICUInternationalization: ICU TimeZone Detection - Raw Offset: +0:00, Platform Override: ''
LogInit: Display: Loading text-based GConfig....
LogPluginManager: Mounting plugin MeshPainting
LogPluginManager: Mounting plugin XGEController
LogPluginManager: Mounting plugin Paper2D
LogPluginManager: Mounting plugin AISupport
LogPluginManager: Mounting plugin EnvironmentQueryEditor
LogPluginManager: Mounting plugin CameraShakePreviewer
LogPluginManager: Mounting plugin LightPropagationVolume
LogPluginManager: Mounting plugin GameplayCameras
LogPluginManager: Mounting plugin OodleData
LogPluginManager: Mounting plugin OodleNetwork
LogPluginManager: Mounting plugin AnimationSharing
LogPluginManager: Mounting plugin CLionSourceCodeAccess
LogPluginManager: Mounting plugin CodeLiteSourceCodeAccess
LogPluginManager: Mounting plugin KDevelopSourceCodeAccess
LogPluginManager: Mounting plugin GitSourceControl
LogPluginManager: Mounting plugin NullSourceCodeAccess
LogPluginManager: Mounting plugin PerforceSourceControl
LogPluginManager: Mounting plugin PixWinPlugin
LogPluginManager: Mounting plugin PlasticSourceControl
LogPluginManager: Mounting plugin PluginUtils
LogPluginManager: Mounting plugin AssetManagerEditor
LogPluginManager: Mounting plugin PropertyAccessNode
LogPluginManager: Mounting plugin RiderSourceCodeAccess
LogPluginManager: Mounting plugin SubversionSourceControl
LogPluginManager: Mounting plugin TextureFormatOodle
LogPluginManager: Mounting plugin CryptoKeys
LogPluginManager: Mounting plugin CurveEditorTools
LogPluginManager: Mounting plugin DataValidation
LogPluginManager: Mounting plugin UObjectPlugin
LogPluginManager: Mounting plugin VisualStudioCodeSourceCodeAccess
LogPluginManager: Mounting plugin FacialAnimation
LogPluginManager: Mounting plugin VisualStudioSourceCodeAccess
LogPluginManager: Mounting plugin XCodeSourceCodeAccess
LogPluginManager: Mounting plugin GameplayTagsEditor
LogPluginManager: Mounting plugin MacGraphicsSwitching
LogPluginManager: Mounting plugin GeometryMode
LogPluginManager: Mounting plugin MaterialAnalyzer
LogPluginManager: Mounting plugin MobileLauncherProfileWizard
LogPluginManager: Mounting plugin PluginBrowser
LogPluginManager: Mounting plugin SpeedTreeImporter
LogPluginManager: Mounting plugin DatasmithContent
LogPluginManager: Mounting plugin VariantManagerContent
LogPluginManager: Mounting plugin AlembicImporter
LogPluginManager: Mounting plugin BackChannel
LogPluginManager: Mounting plugin AutomationUtils
LogPluginManager: Mounting plugin ChaosCloth
LogPluginManager: Mounting plugin ChaosClothEditor
LogPluginManager: Mounting plugin ChaosEditor
LogPluginManager: Mounting plugin ChaosNiagara
LogPluginManager: Mounting plugin ChaosSolverPlugin
LogPluginManager: Mounting plugin CharacterAI
LogPluginManager: Mounting plugin GeometryCache
LogPluginManager: Mounting plugin GeometryCollectionPlugin
LogPluginManager: Mounting plugin GeometryProcessing
LogPluginManager: Mounting plugin MotoSynth
LogPluginManager: Mounting plugin OpenImageDenoise
LogPluginManager: Mounting plugin PlanarCut
LogPluginManager: Mounting plugin PlatformCrypto
LogPluginManager: Mounting plugin ProxyLODPlugin
LogPluginManager: Mounting plugin PythonScriptPlugin
LogPluginManager: Mounting plugin SkeletalReduction
LogPluginManager: Mounting plugin Niagara
LogPluginManager: Mounting plugin LuminPlatformFeatures
LogPluginManager: Mounting plugin MagicLeap
LogPluginManager: Mounting plugin MagicLeapLightEstimation
LogPluginManager: Mounting plugin MagicLeapMedia
LogPluginManager: Mounting plugin AndroidMedia
LogPluginManager: Mounting plugin MagicLeapPassableWorld
LogPluginManager: Mounting plugin AvfMedia
LogPluginManager: Mounting plugin MLSDK
LogPluginManager: Mounting plugin ImgMedia
LogPluginManager: Mounting plugin MediaCompositing
LogPluginManager: Mounting plugin MediaPlayerEditor
LogPluginManager: Mounting plugin WmfMedia
LogPluginManager: Mounting plugin WebMMedia
LogPluginManager: Mounting plugin TcpMessaging
LogPluginManager: Mounting plugin UdpMessaging
LogPluginManager: Mounting plugin ActorSequence
LogPluginManager: Mounting plugin LevelSequenceEditor
LogPluginManager: Mounting plugin MatineeToLevelSequence
LogPluginManager: Mounting plugin TemplateSequence
LogPluginManager: Mounting plugin OnlineSubsystem
LogPluginManager: Mounting plugin OnlineSubsystemNull
LogPluginManager: Mounting plugin OnlineSubsystemUtils
LogPluginManager: Mounting plugin LauncherChunkInstaller
LogPluginManager: Mounting plugin ActorLayerUtilities
LogPluginManager: Mounting plugin AndroidDeviceProfileSelector
LogPluginManager: Mounting plugin AndroidMoviePlayer
LogPluginManager: Mounting plugin AndroidPermission
LogPluginManager: Mounting plugin AppleImageUtils
LogPluginManager: Mounting plugin AppleMoviePlayer
LogPluginManager: Mounting plugin ArchVisCharacter
LogPluginManager: Mounting plugin AssetTags
LogPluginManager: Mounting plugin AudioCapture
LogPluginManager: Mounting plugin AudioSynesthesia
LogPluginManager: Mounting plugin ChunkDownloader
LogPluginManager: Mounting plugin CableComponent
LogPluginManager: Mounting plugin CustomMeshComponent
LogPluginManager: Mounting plugin EditableMesh
LogPluginManager: Mounting plugin ExampleDeviceProfileSelector
LogPluginManager: Mounting plugin GoogleCloudMessaging
LogPluginManager: Mounting plugin GooglePAD
LogPluginManager: Mounting plugin IOSDeviceProfileSelector
LogPluginManager: Mounting plugin LinuxDeviceProfileSelector
LogPluginManager: Mounting plugin LocationServicesBPLibrary
LogPluginManager: Mounting plugin MobilePatchingUtils
LogPluginManager: Mounting plugin OpenXREyeTracker
LogPluginManager: Mounting plugin OpenXRHandTracking
LogPluginManager: Mounting plugin OpenXR
LogPluginManager: Mounting plugin PhysXVehicles
LogPluginManager: Mounting plugin PostSplashScreen
LogPluginManager: Mounting plugin ProceduralMeshComponent
LogPluginManager: Mounting plugin PropertyAccessEditor
LogPluginManager: Mounting plugin RuntimePhysXCooking
LogPluginManager: Mounting plugin SignificanceManager
LogPluginManager: Mounting plugin SoundFields
LogPluginManager: Mounting plugin Synthesis
LogPluginManager: Mounting plugin WebMMoviePlayer
LogPluginManager: Mounting plugin WindowsMoviePlayer
LogPluginManager: Mounting plugin ScreenshotTools
LogPluginManager: Mounting plugin Takes
LogPluginManager: Mounting plugin LiveLink
LogPluginManager: Mounting plugin ContentBrowserAssetDataSource
LogPluginManager: Mounting plugin ContentBrowserClassDataSource
LogPluginManager: Mounting plugin ContentBrowserFileDataSource
LogPluginManager: Mounting plugin OnlineSubsystemGooglePlay
LogPluginManager: Mounting plugin OnlineSubsystemIOS
LogPluginManager: Mounting plugin OculusVR
LogPluginManager: Mounting plugin SteamVR
PixWinPlugin: PIX capture plugin failed to initialize! Check that the process is launched from PIX.
LogInit: Using libcurl 7.55.1-DEV
LogInit:  - built for x86_64-pc-win32
LogInit:  - supports SSL with OpenSSL/1.1.1
LogInit:  - supports HTTP deflate (compression) using libz 1.2.8
LogInit:  - other features:
LogInit:      CURL_VERSION_SSL
LogInit:      CURL_VERSION_LIBZ
LogInit:      CURL_VERSION_IPV6
LogInit:      CURL_VERSION_ASYNCHDNS
LogInit:      CURL_VERSION_LARGEFILE
LogInit:      CURL_VERSION_IDN
LogInit:  CurlRequestOptions (configurable via config and command line):
LogInit:  - bVerifyPeer = true  - Libcurl will verify peer certificate
LogInit:  - bUseHttpProxy = false  - Libcurl will NOT use HTTP proxy
LogInit:  - bDontReuseConnections = false  - Libcurl will reuse connections
LogInit:  - MaxHostConnections = 16  - Libcurl will limit the number of connections to a host
LogInit:  - LocalHostAddr = Default
LogInit:  - BufferSize = 65536
LogOnline: OSS: Creating online subsystem instance for: NULL
LogInit: WinSock: version 1.1 (2.2), MaxSocks=32767, MaxUdp=65467
LogOnline: OSS: TryLoadSubsystemAndSetDefault: Loaded subsystem for module [NULL]
LogOculusPluginWrapper: OculusPlugin initialized successfully
LogHMD: Failed initializing OVRPlugin 1.59.0
LogInit: Build: ++UE4+Release-4.27-CL-18319896
LogInit: Engine Version: 4.27.2-18319896+++UE4+Release-4.27
LogInit: Compatible Engine Version: 4.27.0-17155196+++UE4+Release-4.27
LogInit: Net CL: 17155196
LogInit: OS: Windows 10 (Release 2009) (), CPU: AMD Ryzen 5 2600 Six-Core Processor            , GPU: NVIDIA GeForce GTX 970
LogInit: Compiled (64-bit): Nov 30 2021 07:12:08
LogInit: Compiled with Visual C++: 19.24.28315.00
LogInit: Build Configuration: Development
LogInit: Branch Name: ++UE4+Release-4.27
LogInit: Command Line: 
LogInit: Base Directory: E:/New folder/New folder/unreal/UE_4.27/Engine/Binaries/Win64/
LogInit: Allocator: TBB
LogInit: Installed Engine Build: 1
LogDevObjectVersion: Number of dev versions registered: 29
LogDevObjectVersion:   Dev-Blueprints (B0D832E4-1F89-4F0D-ACCF-7EB736FD4AA2): 10
LogDevObjectVersion:   Dev-Build (E1C64328-A22C-4D53-A36C-8E866417BD8C): 0
LogDevObjectVersion:   Dev-Core (375EC13C-06E4-48FB-B500-84F0262A717E): 4
LogDevObjectVersion:   Dev-Editor (E4B068ED-F494-42E9-A231-DA0B2E46BB41): 40
LogDevObjectVersion:   Dev-Framework (CFFC743F-43B0-4480-9391-14DF171D2073): 37
LogDevObjectVersion:   Dev-Mobile (B02B49B5-BB20-44E9-A304-32B752E40360): 3
LogDevObjectVersion:   Dev-Networking (A4E4105C-59A1-49B5-A7C5-40C4547EDFEE): 0
LogDevObjectVersion:   Dev-Online (39C831C9-5AE6-47DC-9A44-9C173E1C8E7C): 0
LogDevObjectVersion:   Dev-Physics (78F01B33-EBEA-4F98-B9B4-84EACCB95AA2): 14
LogDevObjectVersion:   Dev-Platform (6631380F-2D4D-43E0-8009-CF276956A95A): 0
LogDevObjectVersion:   Dev-Rendering (12F88B9F-8875-4AFC-A67C-D90C383ABD29): 45
LogDevObjectVersion:   Dev-Sequencer (7B5AE74C-D270-4C10-A958-57980B212A5A): 13
LogDevObjectVersion:   Dev-VR (D7296918-1DD6-4BDD-9DE2-64A83CC13884): 3
LogDevObjectVersion:   Dev-LoadTimes (C2A15278-BFE7-4AFE-6C17-90FF531DF755): 1
LogDevObjectVersion:   Private-Geometry (6EACA3D4-40EC-4CC1-B786-8BED09428FC5): 3
LogDevObjectVersion:   Dev-AnimPhys (29E575DD-E0A3-4627-9D10-D276232CDCEA): 17
LogDevObjectVersion:   Dev-Anim (AF43A65D-7FD3-4947-9873-3E8ED9C1BB05): 15
LogDevObjectVersion:   Dev-ReflectionCapture (6B266CEC-1EC7-4B8F-A30B-E4D90942FC07): 1
LogDevObjectVersion:   Dev-Automation (0DF73D61-A23F-47EA-B727-89E90C41499A): 1
LogDevObjectVersion:   FortniteMain (601D1886-AC64-4F84-AA16-D3DE0DEAC7D6): 47
LogDevObjectVersion:   FortniteRelease (E7086368-6B23-4C58-8439-1B7016265E91): 1
LogDevObjectVersion:   Dev-Enterprise (9DFFBCD6-494F-0158-E221-12823C92A888): 10
LogDevObjectVersion:   Dev-Niagara (F2AED0AC-9AFE-416F-8664-AA7FFA26D6FC): 1
LogDevObjectVersion:   Dev-Destruction (174F1F0B-B4C6-45A5-B13F-2EE8D0FB917D): 10
LogDevObjectVersion:   Dev-Physics-Ext (35F94A83-E258-406C-A318-09F59610247C): 41
LogDevObjectVersion:   Dev-PhysicsMaterial-Chaos (B68FC16E-8B1B-42E2-B453-215C058844FE): 1
LogDevObjectVersion:   Dev-CineCamera (B2E18506-4273-CFC2-A54E-F4BB758BBA07): 1
LogDevObjectVersion:   Dev-VirtualProduction (64F58936-FD1B-42BA-BA96-7289D5D0FA4E): 1
LogDevObjectVersion:   Dev-MediaFramework (6F0ED827-A609-4895-9C91-998D90180EA4): 2
LogInit: Presizing for max 25165824 objects, including 0 objects not considered by GC, pre-allocating 0 bytes for permanent pool.
LogConfig: Applying CVar settings from Section [/Script/Engine.StreamingSettings] File [E:/New folder (8)/github/Nottingham_project/MyProject 4.27- mainproject/Saved/Config/Windows/Engine.ini]
LogConfig: Setting CVar [[s.MinBulkDataSizeForAsyncLoading:131072]]
LogConfig: Setting CVar [[s.AsyncLoadingThreadEnabled:0]]
LogConfig: Setting CVar [[s.EventDrivenLoaderEnabled:1]]
LogConfig: Setting CVar [[s.WarnIfTimeLimitExceeded:0]]
LogConfig: Setting CVar [[s.TimeLimitExceededMultiplier:1.5]]
LogConfig: Setting CVar [[s.TimeLimitExceededMinTime:0.005]]
LogConfig: Setting CVar [[s.UseBackgroundLevelStreaming:1]]
LogConfig: Setting CVar [[s.PriorityAsyncLoadingExtraTime:15.0]]
LogConfig: Setting CVar [[s.LevelStreamingActorsUpdateTimeLimit:5.0]]
LogConfig: Setting CVar [[s.PriorityLevelStreamingActorsUpdateExtraTime:5.0]]
LogConfig: Setting CVar [[s.LevelStreamingComponentsRegistrationGranularity:10]]
LogConfig: Setting CVar [[s.UnregisterComponentsTimeLimit:1.0]]
LogConfig: Setting CVar [[s.LevelStreamingComponentsUnregistrationGranularity:5]]
LogConfig: Setting CVar [[s.FlushStreamingOnExit:1]]
LogInit: Object subsystem initialized
LogConfig: Setting CVar [[con.DebugEarlyDefault:1]]
LogConfig: Setting CVar [[r.setres:1280x720]]
[2023.02.20-12.56.07:805][  0]LogConfig: Setting CVar [[r.VSync:0]]
[2023.02.20-12.56.07:805][  0]LogConfig: Setting CVar [[r.RHICmdBypass:0]]
[2023.02.20-12.56.07:805][  0]LogConfig: Applying CVar settings from Section [/Script/Engine.RendererSettings] File [E:/New folder (8)/github/Nottingham_project/MyProject 4.27- mainproject/Saved/Config/Windows/Engine.ini]
[2023.02.20-12.56.07:805][  0]LogConfig: Setting CVar [[r.GPUCrashDebugging:0]]
[2023.02.20-12.56.07:805][  0]LogConfig: Applying CVar settings from Section [/Script/Engine.RendererOverrideSettings] File [E:/New folder (8)/github/Nottingham_project/MyProject 4.27- mainproject/Saved/Config/Windows/Engine.ini]
[2023.02.20-12.56.07:806][  0]LogConfig: Applying CVar settings from Section [/Script/Engine.StreamingSettings] File [E:/New folder (8)/github/Nottingham_project/MyProject 4.27- mainproject/Saved/Config/Windows/Engine.ini]
[2023.02.20-12.56.07:806][  0]LogConfig: Setting CVar [[s.MinBulkDataSizeForAsyncLoading:131072]]
[2023.02.20-12.56.07:806][  0]LogConfig: Setting CVar [[s.AsyncLoadingThreadEnabled:0]]
[2023.02.20-12.56.07:806][  0]LogConfig: Setting CVar [[s.EventDrivenLoaderEnabled:1]]
[2023.02.20-12.56.07:806][  0]LogConfig: Setting CVar [[s.WarnIfTimeLimitExceeded:0]]
[2023.02.20-12.56.07:806][  0]LogConfig: Setting CVar [[s.TimeLimitExceededMultiplier:1.5]]
[2023.02.20-12.56.07:806][  0]LogConfig: Setting CVar [[s.TimeLimitExceededMinTime:0.005]]
[2023.02.20-12.56.07:806][  0]LogConfig: Setting CVar [[s.UseBackgroundLevelStreaming:1]]
[2023.02.20-12.56.07:806][  0]LogConfig: Setting CVar [[s.PriorityAsyncLoadingExtraTime:15.0]]
[2023.02.20-12.56.07:806][  0]LogConfig: Setting CVar [[s.LevelStreamingActorsUpdateTimeLimit:5.0]]
[2023.02.20-12.56.07:806][  0]LogConfig: Setting CVar [[s.PriorityLevelStreamingActorsUpdateExtraTime:5.0]]
[2023.02.20-12.56.07:806][  0]LogConfig: Setting CVar [[s.LevelStreamingComponentsRegistrationGranularity:10]]
[2023.02.20-12.56.07:806][  0]LogConfig: Setting CVar [[s.UnregisterComponentsTimeLimit:1.0]]
[2023.02.20-12.56.07:806][  0]LogConfig: Setting CVar [[s.LevelStreamingComponentsUnregistrationGranularity:5]]
[2023.02.20-12.56.07:806][  0]LogConfig: Setting CVar [[s.FlushStreamingOnExit:1]]
[2023.02.20-12.56.07:806][  0]LogConfig: Applying CVar settings from Section [/Script/Engine.GarbageCollectionSettings] File [E:/New folder (8)/github/Nottingham_project/MyProject 4.27- mainproject/Saved/Config/Windows/Engine.ini]
[2023.02.20-12.56.07:806][  0]LogConfig: Setting CVar [[gc.MaxObjectsNotConsideredByGC:1]]
[2023.02.20-12.56.07:806][  0]LogConfig: Setting CVar [[gc.SizeOfPermanentObjectPool:0]]
[2023.02.20-12.56.07:806][  0]LogConfig: Setting CVar [[gc.FlushStreamingOnGC:0]]
[2023.02.20-12.56.07:806][  0]LogConfig: Setting CVar [[gc.NumRetriesBeforeForcingGC:10]]
[2023.02.20-12.56.07:806][  0]LogConfig: Setting CVar [[gc.AllowParallelGC:1]]
[2023.02.20-12.56.07:806][  0]LogConfig: Setting CVar [[gc.TimeBetweenPurgingPendingKillObjects:61.1]]
[2023.02.20-12.56.07:806][  0]LogConfig: Setting CVar [[gc.MaxObjectsInEditor:25165824]]
[2023.02.20-12.56.07:806][  0]LogConfig: Setting CVar [[gc.IncrementalBeginDestroyEnabled:1]]
[2023.02.20-12.56.07:806][  0]LogConfig: Setting CVar [[gc.CreateGCClusters:1]]
[2023.02.20-12.56.07:806][  0]LogConfig: Setting CVar [[gc.MinGCClusterSize:5]]
[2023.02.20-12.56.07:806][  0]LogConfig: Setting CVar [[gc.ActorClusteringEnabled:0]]
[2023.02.20-12.56.07:806][  0]LogConfig: Setting CVar [[gc.BlueprintClusteringEnabled:0]]
[2023.02.20-12.56.07:806][  0]LogConfig: Setting CVar [[gc.UseDisregardForGCOnDedicatedServers:0]]
[2023.02.20-12.56.07:806][  0]LogConfig: Setting CVar [[gc.MultithreadedDestructionEnabled:1]]
[2023.02.20-12.56.07:806][  0]LogConfig: Applying CVar settings from Section [/Script/Engine.NetworkSettings] File [E:/New folder (8)/github/Nottingham_project/MyProject 4.27- mainproject/Saved/Config/Windows/Engine.ini]
[2023.02.20-12.56.07:806][  0]LogConfig: Applying CVar settings from Section [/Script/UnrealEd.CookerSettings] File [E:/New folder (8)/github/Nottingham_project/MyProject 4.27- mainproject/Saved/Config/Windows/Engine.ini]
[2023.02.20-12.56.07:840][  0]LogConfig: Applying CVar settings from Section [ViewDistanceQuality@3] File [E:/New folder (8)/github/Nottingham_project/MyProject 4.27- mainproject/Saved/Config/Windows/Scalability.ini]
[2023.02.20-12.56.07:840][  0]LogConfig: Setting CVar [[r.SkeletalMeshLODBias:0]]
[2023.02.20-12.56.07:840][  0]LogConfig: Setting CVar [[r.ViewDistanceScale:1.0]]
[2023.02.20-12.56.07:840][  0]LogConfig: Applying CVar settings from Section [AntiAliasingQuality@3] File [E:/New folder (8)/github/Nottingham_project/MyProject 4.27- mainproject/Saved/Config/Windows/Scalability.ini]
[2023.02.20-12.56.07:840][  0]LogConfig: Setting CVar [[r.PostProcessAAQuality:4]]
[2023.02.20-12.56.07:840][  0]LogConfig: Applying CVar settings from Section [ShadowQuality@3] File [E:/New folder (8)/github/Nottingham_project/MyProject 4.27- mainproject/Saved/Config/Windows/Scalability.ini]
[2023.02.20-12.56.07:840][  0]LogConfig: Setting CVar [[r.LightFunctionQuality:1]]
[2023.02.20-12.56.07:840][  0]LogConfig: Setting CVar [[r.ShadowQuality:5]]
[2023.02.20-12.56.07:840][  0]LogConfig: Setting CVar [[r.Shadow.CSM.MaxCascades:10]]
[2023.02.20-12.56.07:840][  0]LogConfig: Setting CVar [[r.Shadow.MaxResolution:2048]]
[2023.02.20-12.56.07:840][  0]LogConfig: Setting CVar [[r.Shadow.MaxCSMResolution:2048]]
[2023.02.20-12.56.07:840][  0]LogConfig: Setting CVar [[r.Shadow.RadiusThreshold:0.01]]
[2023.02.20-12.56.07:840][  0]LogConfig: Setting CVar [[r.Shadow.DistanceScale:1.0]]
[2023.02.20-12.56.07:840][  0]LogConfig: Setting CVar [[r.Shadow.CSM.TransitionScale:1.0]]
[2023.02.20-12.56.07:840][  0]LogConfig: Setting CVar [[r.Shadow.PreShadowResolutionFactor:1.0]]
[2023.02.20-12.56.07:840][  0]LogConfig: Setting CVar [[r.DistanceFieldShadowing:1]]
[2023.02.20-12.56.07:840][  0]LogConfig: Setting CVar [[r.DistanceFieldAO:1]]
[2023.02.20-12.56.07:840][  0]LogConfig: Setting CVar [[r.AOQuality:2]]
[2023.02.20-12.56.07:840][  0]LogConfig: Setting CVar [[r.VolumetricFog:1]]
[2023.02.20-12.56.07:840][  0]LogConfig: Setting CVar [[r.VolumetricFog.GridPixelSize:8]]
[2023.02.20-12.56.07:840][  0]LogConfig: Setting CVar [[r.VolumetricFog.GridSizeZ:128]]
[2023.02.20-12.56.07:840][  0]LogConfig: Setting CVar [[r.VolumetricFog.HistoryMissSupersampleCount:4]]
[2023.02.20-12.56.07:840][  0]LogConfig: Setting CVar [[r.LightMaxDrawDistanceScale:1]]
[2023.02.20-12.56.07:840][  0]LogConfig: Setting CVar [[r.CapsuleShadows:1]]
[2023.02.20-12.56.07:840][  0]LogConfig: Applying CVar settings from Section [PostProcessQuality@3] File [E:/New folder (8)/github/Nottingham_project/MyProject 4.27- mainproject/Saved/Config/Windows/Scalability.ini]
[2023.02.20-12.56.07:840][  0]LogConfig: Setting CVar [[r.MotionBlurQuality:4]]
[2023.02.20-12.56.07:840][  0]LogConfig: Setting CVar [[r.AmbientOcclusionMipLevelFactor:0.4]]
[2023.02.20-12.56.07:840][  0]LogConfig: Setting CVar [[r.AmbientOcclusionMaxQuality:100]]
[2023.02.20-12.56.07:840][  0]LogConfig: Setting CVar [[r.AmbientOcclusionLevels:-1]]
[2023.02.20-12.56.07:840][  0]LogConfig: Setting CVar [[r.AmbientOcclusionRadiusScale:1.0]]
[2023.02.20-12.56.07:840][  0]LogConfig: Setting CVar [[r.DepthOfFieldQuality:2]]
[2023.02.20-12.56.07:840][  0]LogConfig: Setting CVar [[r.RenderTargetPoolMin:400]]
[2023.02.20-12.56.07:840][  0]LogConfig: Setting CVar [[r.LensFlareQuality:2]]
[2023.02.20-12.56.07:840][  0]LogConfig: Setting CVar [[r.SceneColorFringeQuality:1]]
[2023.02.20-12.56.07:840][  0]LogConfig: Setting CVar [[r.EyeAdaptationQuality:2]]
[2023.02.20-12.56.07:840][  0]LogConfig: Setting CVar [[r.BloomQuality:5]]
[2023.02.20-12.56.07:840][  0]LogConfig: Setting CVar [[r.FastBlurThreshold:100]]
[2023.02.20-12.56.07:840][  0]LogConfig: Setting CVar [[r.Upscale.Quality:3]]
[2023.02.20-12.56.07:840][  0]LogConfig: Setting CVar [[r.Tonemapper.GrainQuantization:1]]
[2023.02.20-12.56.07:840][  0]LogConfig: Setting CVar [[r.LightShaftQuality:1]]
[2023.02.20-12.56.07:840][  0]LogConfig: Setting CVar [[r.Filter.SizeScale:1]]
[2023.02.20-12.56.07:840][  0]LogConfig: Setting CVar [[r.Tonemapper.Quality:5]]
[2023.02.20-12.56.07:840][  0]LogConfig: Setting CVar [[r.DOF.Gather.AccumulatorQuality:1        ; higher gathering accumulator quality]]
[2023.02.20-12.56.07:840][  0]LogConfig: Setting CVar [[r.DOF.Gather.PostfilterMethod:1          ; Median3x3 postfilering method]]
[2023.02.20-12.56.07:840][  0]LogConfig: Setting CVar [[r.DOF.Gather.EnableBokehSettings:0       ; no bokeh simulation when gathering]]
[2023.02.20-12.56.07:840][  0]LogConfig: Setting CVar [[r.DOF.Gather.RingCount:4                 ; medium number of samples when gathering]]
[2023.02.20-12.56.07:840][  0]LogConfig: Setting CVar [[r.DOF.Scatter.ForegroundCompositing:1    ; additive foreground scattering]]
[2023.02.20-12.56.07:840][  0]LogConfig: Setting CVar [[r.DOF.Scatter.BackgroundCompositing:2    ; additive background scattering]]
[2023.02.20-12.56.07:840][  0]LogConfig: Setting CVar [[r.DOF.Scatter.EnableBokehSettings:1      ; bokeh simulation when scattering]]
[2023.02.20-12.56.07:840][  0]LogConfig: Setting CVar [[r.DOF.Scatter.MaxSpriteRatio:0.1         ; only a maximum of 10% of scattered bokeh]]
[2023.02.20-12.56.07:840][  0]LogConfig: Setting CVar [[r.DOF.Recombine.Quality:1                ; cheap slight out of focus]]
[2023.02.20-12.56.07:840][  0]LogConfig: Setting CVar [[r.DOF.Recombine.EnableBokehSettings:0    ; no bokeh simulation on slight out of focus]]
[2023.02.20-12.56.07:840][  0]LogConfig: Setting CVar [[r.DOF.TemporalAAQuality:1                ; more stable temporal accumulation]]
[2023.02.20-12.56.07:840][  0]LogConfig: Setting CVar [[r.DOF.Kernel.MaxForegroundRadius:0.025]]
[2023.02.20-12.56.07:840][  0]LogConfig: Setting CVar [[r.DOF.Kernel.MaxBackgroundRadius:0.025]]
[2023.02.20-12.56.07:840][  0]LogConfig: Applying CVar settings from Section [TextureQuality@3] File [E:/New folder (8)/github/Nottingham_project/MyProject 4.27- mainproject/Saved/Config/Windows/Scalability.ini]
[2023.02.20-12.56.07:840][  0]LogConfig: Setting CVar [[r.Streaming.MipBias:0]]
[2023.02.20-12.56.07:840][  0]LogConfig: Setting CVar [[r.Streaming.AmortizeCPUToGPUCopy:0]]
[2023.02.20-12.56.07:840][  0]LogConfig: Setting CVar [[r.Streaming.MaxNumTexturesToStreamPerFrame:0]]
[2023.02.20-12.56.07:840][  0]LogConfig: Setting CVar [[r.Streaming.Boost:1]]
[2023.02.20-12.56.07:840][  0]LogConfig: Setting CVar [[r.MaxAnisotropy:8]]
[2023.02.20-12.56.07:840][  0]LogConfig: Setting CVar [[r.VT.MaxAnisotropy:8]]
[2023.02.20-12.56.07:840][  0]LogConfig: Setting CVar [[r.Streaming.LimitPoolSizeToVRAM:0]]
[2023.02.20-12.56.07:840][  0]LogConfig: Setting CVar [[r.Streaming.PoolSize:1000]]
[2023.02.20-12.56.07:840][  0]LogConfig: Setting CVar [[r.Streaming.MaxEffectiveScreenSize:0]]
[2023.02.20-12.56.07:841][  0]LogConfig: Applying CVar settings from Section [EffectsQuality@3] File [E:/New folder (8)/github/Nottingham_project/MyProject 4.27- mainproject/Saved/Config/Windows/Scalability.ini]
[2023.02.20-12.56.07:841][  0]LogConfig: Setting CVar [[r.TranslucencyLightingVolumeDim:64]]
[2023.02.20-12.56.07:841][  0]LogConfig: Setting CVar [[r.RefractionQuality:2]]
[2023.02.20-12.56.07:841][  0]LogConfig: Setting CVar [[r.SSR.Quality:3]]
[2023.02.20-12.56.07:841][  0]LogConfig: Setting CVar [[r.SSR.HalfResSceneColor:0]]
[2023.02.20-12.56.07:841][  0]LogConfig: Setting CVar [[r.SceneColorFormat:4]]
[2023.02.20-12.56.07:841][  0]LogConfig: Setting CVar [[r.DetailMode:2]]
[2023.02.20-12.56.07:841][  0]LogConfig: Setting CVar [[r.TranslucencyVolumeBlur:1]]
[2023.02.20-12.56.07:841][  0]LogConfig: Setting CVar [[r.MaterialQualityLevel:1 ; High quality]]
[2023.02.20-12.56.07:841][  0]LogConfig: Setting CVar [[r.AnisotropicMaterials:1]]
[2023.02.20-12.56.07:841][  0]LogConfig: Setting CVar [[r.SSS.Scale:1]]
[2023.02.20-12.56.07:841][  0]LogConfig: Setting CVar [[r.SSS.SampleSet:2]]
[2023.02.20-12.56.07:841][  0]LogConfig: Setting CVar [[r.SSS.Quality:1]]
[2023.02.20-12.56.07:841][  0]LogConfig: Setting CVar [[r.SSS.HalfRes:0]]
[2023.02.20-12.56.07:841][  0]LogConfig: Setting CVar [[r.SSGI.Quality:3]]
[2023.02.20-12.56.07:841][  0]LogConfig: Setting CVar [[r.EmitterSpawnRateScale:1.0]]
[2023.02.20-12.56.07:841][  0]LogConfig: Setting CVar [[r.ParticleLightQuality:2]]
[2023.02.20-12.56.07:841][  0]LogConfig: Setting CVar [[r.SkyAtmosphere.AerialPerspectiveLUT.FastApplyOnOpaque:1 ; Always have FastSkyLUT 1 in this case to avoid wrong sky]]
[2023.02.20-12.56.07:841][  0]LogConfig: Setting CVar [[r.SkyAtmosphere.AerialPerspectiveLUT.SampleCountMaxPerSlice:4]]
[2023.02.20-12.56.07:841][  0]LogConfig: Setting CVar [[r.SkyAtmosphere.AerialPerspectiveLUT.DepthResolution:16.0]]
[2023.02.20-12.56.07:841][  0]LogConfig: Setting CVar [[r.SkyAtmosphere.FastSkyLUT:1]]
[2023.02.20-12.56.07:841][  0]LogConfig: Setting CVar [[r.SkyAtmosphere.FastSkyLUT.SampleCountMin:4.0]]
[2023.02.20-12.56.07:841][  0]LogConfig: Setting CVar [[r.SkyAtmosphere.FastSkyLUT.SampleCountMax:128.0]]
[2023.02.20-12.56.07:841][  0]LogConfig: Setting CVar [[r.SkyAtmosphere.SampleCountMin:4.0]]
[2023.02.20-12.56.07:841][  0]LogConfig: Setting CVar [[r.SkyAtmosphere.SampleCountMax:128.0]]
[2023.02.20-12.56.07:841][  0]LogConfig: Setting CVar [[r.SkyAtmosphere.TransmittanceLUT.UseSmallFormat:0]]
[2023.02.20-12.56.07:841][  0]LogConfig: Setting CVar [[r.SkyAtmosphere.TransmittanceLUT.SampleCount:10.0]]
[2023.02.20-12.56.07:841][  0]LogConfig: Setting CVar [[r.SkyAtmosphere.MultiScatteringLUT.SampleCount:15.0]]
[2023.02.20-12.56.07:841][  0]LogConfig: Setting CVar [[r.SkyLight.RealTimeReflectionCapture:1]]
[2023.02.20-12.56.07:841][  0]LogConfig: Applying CVar settings from Section [FoliageQuality@3] File [E:/New folder (8)/github/Nottingham_project/MyProject 4.27- mainproject/Saved/Config/Windows/Scalability.ini]
[2023.02.20-12.56.07:841][  0]LogConfig: Setting CVar [[foliage.DensityScale:1.0]]
[2023.02.20-12.56.07:841][  0]LogConfig: Setting CVar [[grass.DensityScale:1.0]]
[2023.02.20-12.56.07:841][  0]LogConfig: Applying CVar settings from Section [ShadingQuality@3] File [E:/New folder (8)/github/Nottingham_project/MyProject 4.27- mainproject/Saved/Config/Windows/Scalability.ini]
[2023.02.20-12.56.07:841][  0]LogConfig: Setting CVar [[r.HairStrands.SkyLighting.IntegrationType:2]]
[2023.02.20-12.56.07:841][  0]LogConfig: Setting CVar [[r.HairStrands.SkyAO.SampleCount:4]]
[2023.02.20-12.56.07:841][  0]LogConfig: Setting CVar [[r.HairStrands.Visibility.MSAA.SamplePerPixel:4]]
[2023.02.20-12.56.07:841][  0]LogInit: Selected Device Profile: [Windows]
[2023.02.20-12.56.07:841][  0]LogInit: Applying CVar settings loaded from the selected device profile: [Windows]
[2023.02.20-12.56.07:841][  0]LogHAL: Display: Platform has ~ 16 GB [17125842944 / 17179869184 / 16], which maps to Larger [LargestMinGB=32, LargerMinGB=12, DefaultMinGB=8, SmallerMinGB=6, SmallestMinGB=0)
[2023.02.20-12.56.07:841][  0]LogInit: Going up to parent DeviceProfile []
[2023.02.20-12.56.07:841][  0]LogConfig: Applying CVar settings from Section [ViewDistanceQuality@3] File [E:/New folder (8)/github/Nottingham_project/MyProject 4.27- mainproject/Saved/Config/Windows/Scalability.ini]
[2023.02.20-12.56.07:841][  0]LogConfig: Setting CVar [[r.SkeletalMeshLODBias:0]]
[2023.02.20-12.56.07:841][  0]LogConfig: Setting CVar [[r.ViewDistanceScale:1.0]]
[2023.02.20-12.56.07:841][  0]LogConfig: Applying CVar settings from Section [AntiAliasingQuality@3] File [E:/New folder (8)/github/Nottingham_project/MyProject 4.27- mainproject/Saved/Config/Windows/Scalability.ini]
[2023.02.20-12.56.07:841][  0]LogConfig: Setting CVar [[r.PostProcessAAQuality:4]]
[2023.02.20-12.56.07:841][  0]LogConfig: Applying CVar settings from Section [ShadowQuality@3] File [E:/New folder (8)/github/Nottingham_project/MyProject 4.27- mainproject/Saved/Config/Windows/Scalability.ini]
[2023.02.20-12.56.07:841][  0]LogConfig: Setting CVar [[r.LightFunctionQuality:1]]
[2023.02.20-12.56.07:841][  0]LogConfig: Setting CVar [[r.ShadowQuality:5]]
[2023.02.20-12.56.07:841][  0]LogConfig: Setting CVar [[r.Shadow.CSM.MaxCascades:10]]
[2023.02.20-12.56.07:841][  0]LogConfig: Setting CVar [[r.Shadow.MaxResolution:2048]]
[2023.02.20-12.56.07:841][  0]LogConfig: Setting CVar [[r.Shadow.MaxCSMResolution:2048]]
[2023.02.20-12.56.07:841][  0]LogConfig: Setting CVar [[r.Shadow.RadiusThreshold:0.01]]
[2023.02.20-12.56.07:841][  0]LogConfig: Setting CVar [[r.Shadow.DistanceScale:1.0]]
[2023.02.20-12.56.07:841][  0]LogConfig: Setting CVar [[r.Shadow.CSM.TransitionScale:1.0]]
[2023.02.20-12.56.07:841][  0]LogConfig: Setting CVar [[r.Shadow.PreShadowResolutionFactor:1.0]]
[2023.02.20-12.56.07:841][  0]LogConfig: Setting CVar [[r.DistanceFieldShadowing:1]]
[2023.02.20-12.56.07:841][  0]LogConfig: Setting CVar [[r.DistanceFieldAO:1]]
[2023.02.20-12.56.07:841][  0]LogConfig: Setting CVar [[r.AOQuality:2]]
[2023.02.20-12.56.07:841][  0]LogConfig: Setting CVar [[r.VolumetricFog:1]]
[2023.02.20-12.56.07:841][  0]LogConfig: Setting CVar [[r.VolumetricFog.GridPixelSize:8]]
[2023.02.20-12.56.07:841][  0]LogConfig: Setting CVar [[r.VolumetricFog.GridSizeZ:128]]
[2023.02.20-12.56.07:841][  0]LogConfig: Setting CVar [[r.VolumetricFog.HistoryMissSupersampleCount:4]]
[2023.02.20-12.56.07:841][  0]LogConfig: Setting CVar [[r.LightMaxDrawDistanceScale:1]]
[2023.02.20-12.56.07:841][  0]LogConfig: Setting CVar [[r.CapsuleShadows:1]]
[2023.02.20-12.56.07:841][  0]LogConfig: Applying CVar settings from Section [PostProcessQuality@3] File [E:/New folder (8)/github/Nottingham_project/MyProject 4.27- mainproject/Saved/Config/Windows/Scalability.ini]
[2023.02.20-12.56.07:841][  0]LogConfig: Setting CVar [[r.MotionBlurQuality:4]]
[2023.02.20-12.56.07:841][  0]LogConfig: Setting CVar [[r.AmbientOcclusionMipLevelFactor:0.4]]
[2023.02.20-12.56.07:841][  0]LogConfig: Setting CVar [[r.AmbientOcclusionMaxQuality:100]]
[2023.02.20-12.56.07:841][  0]LogConfig: Setting CVar [[r.AmbientOcclusionLevels:-1]]
[2023.02.20-12.56.07:842][  0]LogConfig: Setting CVar [[r.AmbientOcclusionRadiusScale:1.0]]
[2023.02.20-12.56.07:842][  0]LogConfig: Setting CVar [[r.DepthOfFieldQuality:2]]
[2023.02.20-12.56.07:842][  0]LogConfig: Setting CVar [[r.RenderTargetPoolMin:400]]
[2023.02.20-12.56.07:842][  0]LogConfig: Setting CVar [[r.LensFlareQuality:2]]
[2023.02.20-12.56.07:842][  0]LogConfig: Setting CVar [[r.SceneColorFringeQuality:1]]
[2023.02.20-12.56.07:842][  0]LogConfig: Setting CVar [[r.EyeAdaptationQuality:2]]
[2023.02.20-12.56.07:842][  0]LogConfig: Setting CVar [[r.BloomQuality:5]]
[2023.02.20-12.56.07:842][  0]LogConfig: Setting CVar [[r.FastBlurThreshold:100]]
[2023.02.20-12.56.07:842][  0]LogConfig: Setting CVar [[r.Upscale.Quality:3]]
[2023.02.20-12.56.07:842][  0]LogConfig: Setting CVar [[r.Tonemapper.GrainQuantization:1]]
[2023.02.20-12.56.07:842][  0]LogConfig: Setting CVar [[r.LightShaftQuality:1]]
[2023.02.20-12.56.07:842][  0]LogConfig: Setting CVar [[r.Filter.SizeScale:1]]
[2023.02.20-12.56.07:842][  0]LogConfig: Setting CVar [[r.Tonemapper.Quality:5]]
[2023.02.20-12.56.07:842][  0]LogConfig: Setting CVar [[r.DOF.Gather.AccumulatorQuality:1        ; higher gathering accumulator quality]]
[2023.02.20-12.56.07:842][  0]LogConfig: Setting CVar [[r.DOF.Gather.PostfilterMethod:1          ; Median3x3 postfilering method]]
[2023.02.20-12.56.07:842][  0]LogConfig: Setting CVar [[r.DOF.Gather.EnableBokehSettings:0       ; no bokeh simulation when gathering]]
[2023.02.20-12.56.07:842][  0]LogConfig: Setting CVar [[r.DOF.Gather.RingCount:4                 ; medium number of samples when gathering]]
[2023.02.20-12.56.07:842][  0]LogConfig: Setting CVar [[r.DOF.Scatter.ForegroundCompositing:1    ; additive foreground scattering]]
[2023.02.20-12.56.07:842][  0]LogConfig: Setting CVar [[r.DOF.Scatter.BackgroundCompositing:2    ; additive background scattering]]
[2023.02.20-12.56.07:842][  0]LogConfig: Setting CVar [[r.DOF.Scatter.EnableBokehSettings:1      ; bokeh simulation when scattering]]
[2023.02.20-12.56.07:842][  0]LogConfig: Setting CVar [[r.DOF.Scatter.MaxSpriteRatio:0.1         ; only a maximum of 10% of scattered bokeh]]
[2023.02.20-12.56.07:842][  0]LogConfig: Setting CVar [[r.DOF.Recombine.Quality:1                ; cheap slight out of focus]]
[2023.02.20-12.56.07:842][  0]LogConfig: Setting CVar [[r.DOF.Recombine.EnableBokehSettings:0    ; no bokeh simulation on slight out of focus]]
[2023.02.20-12.56.07:842][  0]LogConfig: Setting CVar [[r.DOF.TemporalAAQuality:1                ; more stable temporal accumulation]]
[2023.02.20-12.56.07:842][  0]LogConfig: Setting CVar [[r.DOF.Kernel.MaxForegroundRadius:0.025]]
[2023.02.20-12.56.07:842][  0]LogConfig: Setting CVar [[r.DOF.Kernel.MaxBackgroundRadius:0.025]]
[2023.02.20-12.56.07:842][  0]LogConfig: Applying CVar settings from Section [TextureQuality@3] File [E:/New folder (8)/github/Nottingham_project/MyProject 4.27- mainproject/Saved/Config/Windows/Scalability.ini]
[2023.02.20-12.56.07:842][  0]LogConfig: Setting CVar [[r.Streaming.MipBias:0]]
[2023.02.20-12.56.07:842][  0]LogConfig: Setting CVar [[r.Streaming.AmortizeCPUToGPUCopy:0]]
[2023.02.20-12.56.07:842][  0]LogConfig: Setting CVar [[r.Streaming.MaxNumTexturesToStreamPerFrame:0]]
[2023.02.20-12.56.07:842][  0]LogConfig: Setting CVar [[r.Streaming.Boost:1]]
[2023.02.20-12.56.07:842][  0]LogConfig: Setting CVar [[r.MaxAnisotropy:8]]
[2023.02.20-12.56.07:842][  0]LogConfig: Setting CVar [[r.VT.MaxAnisotropy:8]]
[2023.02.20-12.56.07:842][  0]LogConfig: Setting CVar [[r.Streaming.LimitPoolSizeToVRAM:0]]
[2023.02.20-12.56.07:842][  0]LogConfig: Setting CVar [[r.Streaming.PoolSize:1000]]
[2023.02.20-12.56.07:842][  0]LogConfig: Setting CVar [[r.Streaming.MaxEffectiveScreenSize:0]]
[2023.02.20-12.56.07:842][  0]LogConfig: Applying CVar settings from Section [EffectsQuality@3] File [E:/New folder (8)/github/Nottingham_project/MyProject 4.27- mainproject/Saved/Config/Windows/Scalability.ini]
[2023.02.20-12.56.07:842][  0]LogConfig: Setting CVar [[r.TranslucencyLightingVolumeDim:64]]
[2023.02.20-12.56.07:842][  0]LogConfig: Setting CVar [[r.RefractionQuality:2]]
[2023.02.20-12.56.07:842][  0]LogConfig: Setting CVar [[r.SSR.Quality:3]]
[2023.02.20-12.56.07:842][  0]LogConfig: Setting CVar [[r.SSR.HalfResSceneColor:0]]
[2023.02.20-12.56.07:842][  0]LogConfig: Setting CVar [[r.SceneColorFormat:4]]
[2023.02.20-12.56.07:842][  0]LogConfig: Setting CVar [[r.DetailMode:2]]
[2023.02.20-12.56.07:842][  0]LogConfig: Setting CVar [[r.TranslucencyVolumeBlur:1]]
[2023.02.20-12.56.07:842][  0]LogConfig: Setting CVar [[r.MaterialQualityLevel:1 ; High quality]]
[2023.02.20-12.56.07:842][  0]LogConfig: Setting CVar [[r.AnisotropicMaterials:1]]
[2023.02.20-12.56.07:842][  0]LogConfig: Setting CVar [[r.SSS.Scale:1]]
[2023.02.20-12.56.07:842][  0]LogConfig: Setting CVar [[r.SSS.SampleSet:2]]
[2023.02.20-12.56.07:842][  0]LogConfig: Setting CVar [[r.SSS.Quality:1]]
[2023.02.20-12.56.07:842][  0]LogConfig: Setting CVar [[r.SSS.HalfRes:0]]
[2023.02.20-12.56.07:842][  0]LogConfig: Setting CVar [[r.SSGI.Quality:3]]
[2023.02.20-12.56.07:842][  0]LogConfig: Setting CVar [[r.EmitterSpawnRateScale:1.0]]
[2023.02.20-12.56.07:842][  0]LogConfig: Setting CVar [[r.ParticleLightQuality:2]]
[2023.02.20-12.56.07:842][  0]LogConfig: Setting CVar [[r.SkyAtmosphere.AerialPerspectiveLUT.FastApplyOnOpaque:1 ; Always have FastSkyLUT 1 in this case to avoid wrong sky]]
[2023.02.20-12.56.07:842][  0]LogConfig: Setting CVar [[r.SkyAtmosphere.AerialPerspectiveLUT.SampleCountMaxPerSlice:4]]
[2023.02.20-12.56.07:842][  0]LogConfig: Setting CVar [[r.SkyAtmosphere.AerialPerspectiveLUT.DepthResolution:16.0]]
[2023.02.20-12.56.07:842][  0]LogConfig: Setting CVar [[r.SkyAtmosphere.FastSkyLUT:1]]
[2023.02.20-12.56.07:842][  0]LogConfig: Setting CVar [[r.SkyAtmosphere.FastSkyLUT.SampleCountMin:4.0]]
[2023.02.20-12.56.07:842][  0]LogConfig: Setting CVar [[r.SkyAtmosphere.FastSkyLUT.SampleCountMax:128.0]]
[2023.02.20-12.56.07:842][  0]LogConfig: Setting CVar [[r.SkyAtmosphere.SampleCountMin:4.0]]
[2023.02.20-12.56.07:842][  0]LogConfig: Setting CVar [[r.SkyAtmosphere.SampleCountMax:128.0]]
[2023.02.20-12.56.07:842][  0]LogConfig: Setting CVar [[r.SkyAtmosphere.TransmittanceLUT.UseSmallFormat:0]]
[2023.02.20-12.56.07:842][  0]LogConfig: Setting CVar [[r.SkyAtmosphere.TransmittanceLUT.SampleCount:10.0]]
[2023.02.20-12.56.07:842][  0]LogConfig: Setting CVar [[r.SkyAtmosphere.MultiScatteringLUT.SampleCount:15.0]]
[2023.02.20-12.56.07:842][  0]LogConfig: Setting CVar [[r.SkyLight.RealTimeReflectionCapture:1]]
[2023.02.20-12.56.07:842][  0]LogConfig: Applying CVar settings from Section [FoliageQuality@3] File [E:/New folder (8)/github/Nottingham_project/MyProject 4.27- mainproject/Saved/Config/Windows/Scalability.ini]
[2023.02.20-12.56.07:842][  0]LogConfig: Setting CVar [[foliage.DensityScale:1.0]]
[2023.02.20-12.56.07:842][  0]LogConfig: Setting CVar [[grass.DensityScale:1.0]]
[2023.02.20-12.56.07:842][  0]LogConfig: Applying CVar settings from Section [ShadingQuality@3] File [E:/New folder (8)/github/Nottingham_project/MyProject 4.27- mainproject/Saved/Config/Windows/Scalability.ini]
[2023.02.20-12.56.07:842][  0]LogConfig: Setting CVar [[r.HairStrands.SkyLighting.IntegrationType:2]]
[2023.02.20-12.56.07:842][  0]LogConfig: Setting CVar [[r.HairStrands.SkyAO.SampleCount:4]]
[2023.02.20-12.56.07:842][  0]LogConfig: Setting CVar [[r.HairStrands.Visibility.MSAA.SamplePerPixel:4]]
[2023.02.20-12.56.07:842][  0]LogConfig: Applying CVar settings from Section [Startup] File [../../../Engine/Config/ConsoleVariables.ini]
[2023.02.20-12.56.07:843][  0]LogConfig: Setting CVar [[net.UseAdaptiveNetUpdateFrequency:0]]
[2023.02.20-12.56.07:843][  0]LogConfig: Setting CVar [[p.chaos.AllowCreatePhysxBodies:1]]
[2023.02.20-12.56.07:843][  0]LogConfig: Setting CVar [[fx.SkipVectorVMBackendOptimizations:1]]
[2023.02.20-12.56.07:843][  0]LogConfig: Applying CVar settings from Section [ConsoleVariables] File [E:/New folder (8)/github/Nottingham_project/MyProject 4.27- mainproject/Saved/Config/Windows/Engine.ini]
[2023.02.20-12.56.07:843][  0]LogConfig: Applying CVar settings from Section [ConsoleVariables] File [E:/New folder (8)/github/Nottingham_project/MyProject 4.27- mainproject/Saved/Config/Windows/Editor.ini]
[2023.02.20-12.56.07:843][  0]LogInit: Computer: LIAMSPC
[2023.02.20-12.56.07:843][  0]LogInit: User: Liam
[2023.02.20-12.56.07:843][  0]LogInit: CPU Page size=4096, Cores=6
[2023.02.20-12.56.07:843][  0]LogInit: High frequency timer resolution =10.000000 MHz
[2023.02.20-12.56.07:843][  0]LogMemory: Memory total: Physical=15.9GB (16GB approx)
[2023.02.20-12.56.07:843][  0]LogMemory: Platform Memory Stats for Windows
[2023.02.20-12.56.07:843][  0]LogMemory: Process Physical Memory: 149.64 MB used, 149.64 MB peak
[2023.02.20-12.56.07:843][  0]LogMemory: Process Virtual Memory: 133.07 MB used, 133.07 MB peak
[2023.02.20-12.56.07:843][  0]LogMemory: Physical Memory: 8119.20 MB used,  8213.28 MB free, 16332.48 MB total
[2023.02.20-12.56.07:843][  0]LogMemory: Virtual Memory: 134197512.00 MB used,  20215.47 MB free, 134217728.00 MB total
[2023.02.20-12.56.07:851][  0]LogWindows: WindowsPlatformFeatures enabled
[2023.02.20-12.56.07:935][  0]LogInit: Physics initialised using underlying interface: PhysX
[2023.02.20-12.56.07:950][  0]LogInit: Using OS detected language (en-GB).
[2023.02.20-12.56.07:950][  0]LogInit: Using OS detected locale (en-GB).
[2023.02.20-12.56.07:963][  0]LogTextLocalizationManager: No specific localization for 'en-GB' exists, so the 'en' localization will be used.
[2023.02.20-12.56.08:187][  0]LogInit: Setting process to per monitor DPI aware
[2023.02.20-12.56.08:206][  0]LogWindowsTextInputMethodSystem: Display: IME system deactivated.
[2023.02.20-12.56.08:237][  0]LogSlate: New Slate User Created.  User Index 0, Is Virtual User: 0
[2023.02.20-12.56.08:237][  0]LogSlate: Slate User Registered.  User Index 0, Is Virtual User: 0
[2023.02.20-12.56.08:524][  0]LogD3D11RHI: Loaded GFSDK_Aftermath_Lib.x64.dll
[2023.02.20-12.56.08:529][  0]LogHMD: Failed to initialize OpenVR with code 110
[2023.02.20-12.56.08:529][  0]LogD3D11RHI: D3D11 min allowed feature level: 11_0
[2023.02.20-12.56.08:529][  0]LogD3D11RHI: D3D11 max allowed feature level: 11_0
[2023.02.20-12.56.08:529][  0]LogD3D11RHI: D3D11 adapters:
[2023.02.20-12.56.08:697][  0]LogD3D11RHI:    0. 'NVIDIA GeForce GTX 970' (Feature Level 11_0)
[2023.02.20-12.56.08:697][  0]LogD3D11RHI:       4043/0/8166 MB DedicatedVideo/DedicatedSystem/SharedSystem, Outputs:3, VendorId:0x10de
[2023.02.20-12.56.08:701][  0]LogD3D11RHI:    1. 'Microsoft Basic Render Driver' (Feature Level 11_0)
[2023.02.20-12.56.08:701][  0]LogD3D11RHI:       0/0/8166 MB DedicatedVideo/DedicatedSystem/SharedSystem, Outputs:0, VendorId:0x1414
[2023.02.20-12.56.08:701][  0]LogD3D11RHI: Chosen D3D11 Adapter:
[2023.02.20-12.56.08:701][  0]LogD3D11RHI:     Description : NVIDIA GeForce GTX 970
[2023.02.20-12.56.08:701][  0]LogD3D11RHI:     VendorId    : 10de
[2023.02.20-12.56.08:701][  0]LogD3D11RHI:     DeviceId    : 13c2
[2023.02.20-12.56.08:701][  0]LogD3D11RHI:     SubSysId    : 85081043
[2023.02.20-12.56.08:701][  0]LogD3D11RHI:     Revision    : 00a1
[2023.02.20-12.56.08:701][  0]LogD3D11RHI:     DedicatedVideoMemory : 4239654912 bytes
[2023.02.20-12.56.08:701][  0]LogD3D11RHI:     DedicatedSystemMemory : 0 bytes
[2023.02.20-12.56.08:701][  0]LogD3D11RHI:     SharedSystemMemory : 8562921472 bytes
[2023.02.20-12.56.08:701][  0]LogD3D11RHI:     AdapterLuid : 0 74130
[2023.02.20-12.56.08:708][  0]LogD3D11RHI: Creating new Direct3DDevice
[2023.02.20-12.56.08:708][  0]LogD3D11RHI:     GPU DeviceId: 0x13c2 (for the marketing name, search the web for "GPU Device Id")
[2023.02.20-12.56.08:708][  0]LogWindows: EnumDisplayDevices:
[2023.02.20-12.56.08:708][  0]LogWindows:    0. 'NVIDIA GeForce GTX 970' (P:1 D:1)
[2023.02.20-12.56.08:709][  0]LogWindows:    1. 'NVIDIA GeForce GTX 970' (P:0 D:1)
[2023.02.20-12.56.08:709][  0]LogWindows:    2. 'NVIDIA GeForce GTX 970' (P:0 D:1)
[2023.02.20-12.56.08:709][  0]LogWindows:    3. 'NVIDIA GeForce GTX 970' (P:0 D:0)
[2023.02.20-12.56.08:709][  0]LogWindows: DebugString: FoundDriverCount:4 
[2023.02.20-12.56.08:709][  0]LogD3D11RHI:     Adapter Name: NVIDIA GeForce GTX 970
[2023.02.20-12.56.08:709][  0]LogD3D11RHI:   Driver Version: 516.94 (internal:31.0.15.1694, unified:516.94)
[2023.02.20-12.56.08:709][  0]LogD3D11RHI:      Driver Date: 7-21-2022
[2023.02.20-12.56.08:710][  0]LogRHI: Texture pool is 2830 MB (70% of 4043 MB)
[2023.02.20-12.56.08:710][  0]LogD3D11RHI: Creating D3DDevice using adapter:
[2023.02.20-12.56.08:710][  0]LogD3D11RHI:     Description : NVIDIA GeForce GTX 970
[2023.02.20-12.56.08:710][  0]LogD3D11RHI:     VendorId    : 10de
[2023.02.20-12.56.08:710][  0]LogD3D11RHI:     DeviceId    : 13c2
[2023.02.20-12.56.08:710][  0]LogD3D11RHI:     SubSysId    : 85081043
[2023.02.20-12.56.08:710][  0]LogD3D11RHI:     Revision    : 00a1
[2023.02.20-12.56.08:710][  0]LogD3D11RHI:     DedicatedVideoMemory : 4239654912 bytes
[2023.02.20-12.56.08:710][  0]LogD3D11RHI:     DedicatedSystemMemory : 0 bytes
[2023.02.20-12.56.08:710][  0]LogD3D11RHI:     SharedSystemMemory : 8562921472 bytes
[2023.02.20-12.56.08:710][  0]LogD3D11RHI:     AdapterLuid : 0 74130
[2023.02.20-12.56.08:788][  0]LogD3D11RHI: RHI has support for 64 bit atomics
[2023.02.20-12.56.08:788][  0]LogD3D11RHI: Async texture creation enabled
[2023.02.20-12.56.08:788][  0]LogD3D11RHI: Array index from any shader is supported
[2023.02.20-12.56.08:810][  0]LogD3D11RHI: GPU Timing Frequency: 1000.000000 (Debug: 2 1)
[2023.02.20-12.56.08:880][  0]LogRHI: GeForceNow SDK initialized: 1
[2023.02.20-12.56.09:438][  0]LogTargetPlatformManager: Display: Loaded TargetPlatform 'AllDesktop'
[2023.02.20-12.56.09:470][  0]LogTargetPlatformManager: Display: Loaded TargetPlatform 'Android'
[2023.02.20-12.56.09:470][  0]LogTargetPlatformManager: Display: Loaded TargetPlatform 'Android_ASTC'
[2023.02.20-12.56.09:470][  0]LogTargetPlatformManager: Display: Loaded TargetPlatform 'Android_DXT'
[2023.02.20-12.56.09:470][  0]LogTargetPlatformManager: Display: Loaded TargetPlatform 'Android_ETC2'
[2023.02.20-12.56.09:470][  0]LogTargetPlatformManager: Display: Loaded TargetPlatform 'AndroidClient'
[2023.02.20-12.56.09:470][  0]LogTargetPlatformManager: Display: Loaded TargetPlatform 'Android_ASTCClient'
[2023.02.20-12.56.09:470][  0]LogTargetPlatformManager: Display: Loaded TargetPlatform 'Android_DXTClient'
[2023.02.20-12.56.09:470][  0]LogTargetPlatformManager: Display: Loaded TargetPlatform 'Android_ETC2Client'
[2023.02.20-12.56.09:470][  0]LogTargetPlatformManager: Display: Loaded TargetPlatform 'Android_Multi'
[2023.02.20-12.56.09:470][  0]LogTargetPlatformManager: Display: Loaded TargetPlatform 'Android_MultiClient'
[2023.02.20-12.56.09:497][  0]LogTargetPlatformManager: Display: Loaded TargetPlatform 'IOSClient'
[2023.02.20-12.56.09:497][  0]LogTargetPlatformManager: Display: Loaded TargetPlatform 'IOS'
[2023.02.20-12.56.09:514][  0]LogTargetPlatformManager: Display: Loaded TargetPlatform 'Linux'
[2023.02.20-12.56.09:521][  0]LogTargetPlatformManager: Display: Loaded TargetPlatform 'LinuxNoEditor'
[2023.02.20-12.56.09:528][  0]LogTargetPlatformManager: Display: Loaded TargetPlatform 'LinuxClient'
[2023.02.20-12.56.09:535][  0]LogTargetPlatformManager: Display: Loaded TargetPlatform 'LinuxServer'
[2023.02.20-12.56.09:551][  0]LogTargetPlatformManager: Display: Loaded TargetPlatform 'LinuxAArch64NoEditor'
[2023.02.20-12.56.09:558][  0]LogTargetPlatformManager: Display: Loaded TargetPlatform 'LinuxAArch64Client'
[2023.02.20-12.56.09:565][  0]LogTargetPlatformManager: Display: Loaded TargetPlatform 'LinuxAArch64Server'
[2023.02.20-12.56.09:606][  0]LogTargetPlatformManager: Display: Loaded TargetPlatform 'Lumin'
[2023.02.20-12.56.09:606][  0]LogTargetPlatformManager: Display: Loaded TargetPlatform 'LuminClient'
[2023.02.20-12.56.09:620][  0]LogTargetPlatformManager: Display: Loaded TargetPlatform 'MacNoEditor'
[2023.02.20-12.56.09:626][  0]LogTargetPlatformManager: Display: Loaded TargetPlatform 'Mac'
[2023.02.20-12.56.09:633][  0]LogTargetPlatformManager: Display: Loaded TargetPlatform 'MacClient'
[2023.02.20-12.56.09:641][  0]LogTargetPlatformManager: Display: Loaded TargetPlatform 'MacServer'
[2023.02.20-12.56.09:657][  0]LogTargetPlatformManager: Display: Loaded TargetPlatform 'TVOSClient'
[2023.02.20-12.56.09:657][  0]LogTargetPlatformManager: Display: Loaded TargetPlatform 'TVOS'
[2023.02.20-12.56.09:672][  0]LogTargetPlatformManager: Display: Loaded TargetPlatform 'WindowsNoEditor'
[2023.02.20-12.56.09:679][  0]LogTargetPlatformManager: Display: Loaded TargetPlatform 'Windows'
[2023.02.20-12.56.09:686][  0]LogTargetPlatformManager: Display: Loaded TargetPlatform 'WindowsClient'
[2023.02.20-12.56.09:693][  0]LogTargetPlatformManager: Display: Loaded TargetPlatform 'WindowsServer'
[2023.02.20-12.56.09:693][  0]LogTargetPlatformManager: Display: Building Assets For Windows
[2023.02.20-12.56.09:707][  0]LogAudioDebug: Display: Lib vorbis DLL was dynamically loaded.
[2023.02.20-12.56.09:784][  0]LogTextureFormatOodle: Display: Oodle Texture 2.9.0 init RDO Off
[2023.02.20-12.56.09:838][  0]LogRendererCore: Ray tracing is disabled. Reason: r.RayTracing=0.
[2023.02.20-12.56.09:838][  0]LogShaderCompilers: Guid format shader working directory is -45 characters bigger than the processId version (../../../../../../../New folder (8)/github/Nottingham_project/MyProject 4.27- mainproject/Intermediate/Shaders/WorkingDirectory/21196/).
[2023.02.20-12.56.09:839][  0]LogShaderCompilers: Cleaned the shader compiler working directory 'C:/Users/Liam/AppData/Local/Temp/UnrealShaderWorkingDir/BBF8BD7449F1A5D092B937A1D12BA344/'.
[2023.02.20-12.56.09:839][  0]LogXGEController: Cannot use XGE Controller as Incredibuild is not installed on this machine.
[2023.02.20-12.56.09:839][  0]LogShaderCompilers: Cannot use XGE Shader Compiler as Incredibuild is not installed on this machine.
[2023.02.20-12.56.09:839][  0]LogShaderCompilers: Display: Using Local Shader Compiler.
[2023.02.20-12.56.10:720][  0]LogDerivedDataCache: Display: Max Cache Size: 512 MB
[2023.02.20-12.56.10:775][  0]LogDerivedDataCache: Loaded boot cache 0.06s 94MB C:/Users/Liam/AppData/Local/UnrealEngine/4.27/DerivedDataCache/Boot.ddc.
[2023.02.20-12.56.10:775][  0]LogDerivedDataCache: Display: Loaded Boot cache: C:/Users/Liam/AppData/Local/UnrealEngine/4.27/DerivedDataCache/Boot.ddc
[2023.02.20-12.56.10:776][  0]LogDerivedDataCache: FDerivedDataBackendGraph:  Pak pak cache file ../../../../../../../New folder (8)/github/Nottingham_project/MyProject 4.27- mainproject/DerivedDataCache/DDC.ddp not found, will not use a pak cache.
[2023.02.20-12.56.10:776][  0]LogDerivedDataCache: Unable to find inner node Pak for hierarchical cache Hierarchy.
[2023.02.20-12.56.10:776][  0]LogDerivedDataCache: FDerivedDataBackendGraph:  CompressedPak pak cache file ../../../../../../../New folder (8)/github/Nottingham_project/MyProject 4.27- mainproject/DerivedDataCache/Compressed.ddp not found, will not use a pak cache.
[2023.02.20-12.56.10:776][  0]LogDerivedDataCache: Unable to find inner node CompressedPak for hierarchical cache Hierarchy.
[2023.02.20-12.56.10:795][  0]LogDerivedDataCache: Display: Pak cache opened for reading ../../../Engine/DerivedDataCache/Compressed.ddp.
[2023.02.20-12.56.10:795][  0]LogDerivedDataCache: FDerivedDataBackendGraph:  EnterprisePak pak cache file ../../../Enterprise/DerivedDataCache/Compressed.ddp not found, will not use a pak cache.
[2023.02.20-12.56.10:795][  0]LogDerivedDataCache: Unable to find inner node EnterprisePak for hierarchical cache Hierarchy.
[2023.02.20-12.56.10:811][  0]LogDerivedDataCache: Speed tests for C:/Users/Liam/AppData/Local/UnrealEngine/Common/DerivedDataCache took 0.02 seconds
[2023.02.20-12.56.10:811][  0]LogDerivedDataCache: Display: Performance to C:/Users/Liam/AppData/Local/UnrealEngine/Common/DerivedDataCache: Latency=0.12ms. RandomReadSpeed=980.89MBs, RandomWriteSpeed=72.03MBs. Assigned SpeedClass 'Local'
[2023.02.20-12.56.10:811][  0]LogDerivedDataCache: Using Local data cache path C:/Users/Liam/AppData/Local/UnrealEngine/Common/DerivedDataCache: Writable
[2023.02.20-12.56.10:811][  0]LogDerivedDataCache: Shared data cache path not found in *engine.ini, will not use an Shared cache.
[2023.02.20-12.56.10:811][  0]LogDerivedDataCache: Unable to find inner node Shared for hierarchical cache Hierarchy.
[2023.02.20-12.56.10:872][  0]LogSlate: Using FreeType 2.10.0
[2023.02.20-12.56.10:873][  0]LogSlate: SlateFontServices - WITH_FREETYPE: 1, WITH_HARFBUZZ: 1
[2023.02.20-12.56.10:899][  0]LogAssetRegistry: FAssetRegistry took 0.0028 seconds to start up
[2023.02.20-12.56.11:190][  0]LogInit: Selected Device Profile: [Windows]
[2023.02.20-12.56.11:190][  0]LogInit: Active device profile: [000001C3D92B7300][000001C3CE1FA480 49] Windows
[2023.02.20-12.56.11:190][  0]LogInit: Profiles: [000001C3D92B7300][000001C3CE1FA480 49] Windows, [000001C3D9274F00][000001C3CE202740 49] WindowsNoEditor, [000001C3D92B4F00][000001C3CE206A00 49] WindowsServer, [000001C3D9276C00][000001C3CE1FEC80 49] WindowsClient, [000001C3D92B6B00][000001C3CE20AF00 49] IOS, [000001C3D9275700][000001C3CC6411C0 49] iPadAir, [000001C3D92B5600][000001C3CC645480 49] iPadAir2, [000001C3D9227C00][000001C3CC6599C0 49] IPadPro, [000001C3D9227D00][000001C3CC649A00 49] iPadAir3, [000001C3D92B6600][000001C3CC650140 49] iPadAir4, [000001C3D9225400][000001C3CC64C400 49] iPadMini2, [000001C3D92B5A00][000001C3CC6546C0 49] iPadMini3, [000001C3D9226600][000001C3CC65C980 49] iPadMini4, [000001C3D92B4900][000001C3CC660C40 49] iPadMini5, [000001C3D9267500][000001C3D26DD100 49] iPhone6, [000001C3D9267600][000001C3CE20F140 49] iPodTouch6, [000001C3D9224300][000001C3D26E9680 49] iPhone7, [000001C3D9224200][000001C3D26D96C0 49] iPodTouch7, [000001C3D9265300][000001C3D26E1980 49] iPhone5S, [000001C3D9227F00][000001C3CC6680C0 49] iPhone6Plus, [000001C3D9266700][000001C3D26E4380 49] iPhone6S, [000001C3D9225000][000001C3D26EC640 49] iPhone6SPlus, [000001C3D9265A00][000001C3D26F0900 49] iPhone7Plus, [000001C3D9226000][000001C3D26F4BC0 49] iPhoneSE, [000001C3D9267900][000001C3D26F8E80 49] iPhone8, [000001C3D9227200][000001C3CC665100 49] iPhone8Plus, [000001C3D9267300][000001C3D26FD380 49] iPhoneX, [000001C3D9227B00][000001C3D2705640 49] iPhoneXS, [000001C3D9265600][000001C3D2709900 49] iPhoneXSMax, [000001C3D9226400][000001C3D270DC00 49] iPhoneXR, [000001C3D9265000][000001C3D9FA8340 49] iPhone11, [000001C3D9224F00][000001C3D9FAC600 49] iPhone11Pro, [000001C3D9265900][000001C3D9FB08C0 49] iPhone11ProMax, [000001C3D9227A00][000001C3D9FB4B80 49] iPhoneSE2, [000001C3D9266900][000001C3D9FB8E40 49] iPhone12Mini, [000001C3D9225C00][000001C3D9FBD100 49] iPhone12, [000001C3D9267700][000001C3D2701380 49] iPhone12Pro, [000001C3D9226200][000001C3D9FC5640 49] iPhone12ProMax, [000001C3D9267800][000001C3D9FC9900 49] iPadPro105, [000001C3D9226900][000001C3D9FCDBC0 49] iPadPro129, [000001C3D9265200][000001C3D9FD0300 49] iPadPro97, [000001C3D9226E00][000001C3D9FD45C0 49] iPadPro2_129, [000001C3D9264F00][000001C3D9FD8880 49] iPad5, [000001C3D9226F00][000001C3D9FDCB40 49] iPad6, [000001C3D9264300][000001C3D9FE0E00 49] iPad7, [000001C3D9227600][000001C3D9FE50C0 49] iPad8, [000001C3D9267F00][000001C3D9FC1340 49] iPadPro11, [000001C3D9224400][000001C3D9FE95C0 49] iPadPro2_11, [000001C3D9264400][000001C3D9FF1880 49] iPadPro3_129, [000001C3D9226700][000001C3D9FF5B40 49] iPadPro4_129, [000001C3D9267D00][000001C3D9FF8280 49] AppleTV, [000001C3D9224800][000001C3CE29E540 49] AppleTV4K, [000001C3D9266E00][000001C3DA06C800 49] TVOS, [000001C3D9225E00][000001C3DA070AC0 49] Mac, [000001C3D9264A00][000001C3DA074D80 49] MacClient, [000001C3D9226B00][000001C3CE2A3040 49] MacNoEditor, [000001C3D9266D00][000001C3CE2A7300 49] MacServer, [000001C3D9225600][000001C3D9FED580 49] Linux, [000001C3D9267400][000001C3CE2D3800 49] LinuxAArch64, [000001C3D9224500][000001C3CE2E5AC0 49] LinuxNoEditor, [000001C3D9276700][000001C3CE2E8200 49] LinuxAArch64NoEditor, [000001C3D92F8C00][000001C3D26AE4C0 49] LinuxClient, [000001C3D9275F00][000001C3D26D2780 49] LinuxAArch64Client, [000001C3D92F9100][000001C3D9CEEA40 49] LinuxServer, [000001C3D9275600][000001C3D9CF2D00 49] LinuxAArch64Server, [000001C3D92F9900][000001C3D9CF6FC0 49] Android, [000001C3D9274100][000001C3CE2ED280 49] Android_Low, [000001C3D92F9B00][000001C3CE2F1540 49] Android_Mid, [000001C3D9276200][000001C3CE2E17C0 49] Android_High, [000001C3D92F9000][000001C3CE29BA40 49] Android_Default, [000001C3D9277100][000001C3DA280180 49] Android_Adreno4xx, [000001C3D92F9D00][000001C3DA290440 49] Android_Adreno5xx_Low, [000001C3D9277200][000001C3DB4DA700 49] Android_Adreno5xx, [000001C3D92F8100][000001C3DB5F89C0 49] Android_Adreno6xx, [000001C3D9275900][000001C3DB60AC80 49] Android_Adreno6xx_Vulkan, [000001C3D92F8E00][000001C3DB60EF40 49] Android_Mali_T6xx, [000001C3D9277800][000001C3DB613200 49] Android_Mali_T7xx, [000001C3D92F9400][000001C3DB6174C0 49] Android_Mali_T8xx, [000001C3D9275D00][000001C3DB79F780 49] Android_Mali_G71, [000001C3D92F9600][000001C3DA27DA00 49] Android_Mali_G72, [000001C3D9274E00][000001C3D2692100 49] Android_Mali_G72_Vulkan, [000001C3D92F8700][000001C3D26A63C0 49] Android_Mali_G76, [000001C3D9224700][000001C3D26AA680 49] Android_Mali_G76_Vulkan, [000001C3D9264800][000001C3DB4B8940 49] Android_Mali_G77, [000001C3D9225500][000001C3D9CE6C00 49] Android_Mali_G77_Vulkan, [000001C3D9264B00][000001C3DB4BCEC0 49] Android_Mali_G78, [000001C3D9224C00][000001C3DB4C1180 49] Android_Mali_G78_Vulkan, [000001C3D9267B00][000001C3DB4C5440 49] Android_Mali_G710, [000001C3D9227800][000001C3DB4D5700 49] Android_Mali_G710_Vulkan, [000001C3D9264700][000001C3DA10F9C0 49] Android_Vulkan_SM5, [000001C3D9224A00][000001C3D26A20C0 49] Android_PowerVR_G6xxx, [000001C3D9264500][000001C3DA112340 49] Android_PowerVR_GT7xxx, [000001C3D9225F00][000001C3DA11A600 49] Android_PowerVR_GE8xxx, [000001C3D92FA400][000001C3DA11E8C0 49] Android_PowerVR_GM9xxx, [000001C3D9225800][000001C3DA122B80 49] Android_PowerVR_GM9xxx_Vulkan, [000001C3D92F8200][000001C3DA1F0E40 49] Android_TegraK1, [000001C3D9224100][000001C3DA1F5100 49] Android_Unknown_Vulkan, [000001C3D92F9C00][000001C3DA1F93C0 49] Lumin, [000001C3D9226A00][000001C3DA1FD680 49] Lumin_Desktop, [000001C3D92F9F00][000001C3DA201940 49] HoloLens, 
[2023.02.20-12.56.11:347][  0]LogMeshReduction: Using QuadricMeshReduction for automatic static mesh reduction
[2023.02.20-12.56.11:347][  0]LogMeshReduction: Using SimplygonMeshReduction for automatic skeletal mesh reduction
[2023.02.20-12.56.11:347][  0]LogMeshReduction: Using ProxyLODMeshReduction for automatic mesh merging
[2023.02.20-12.56.11:347][  0]LogMeshReduction: No distributed automatic mesh merging module available
[2023.02.20-12.56.11:347][  0]LogMeshMerging: No distributed automatic mesh merging module available
[2023.02.20-12.56.11:377][  0]LogNetVersion: MyProject 1.0.0, NetCL: 17155196, EngineNetVer: 17, GameNetVer: 0 (Checksum: 3629800737)
[2023.02.20-12.56.11:857][  0]LogTexture: Default maximum texture size for cubemaps generated from long-lat sources has been changed from 512 to unlimited. In order to preserve old behaiour for '/Engine/MapTemplates/Sky/DaylightAmbientCubemap.DaylightAmbientCubemap', its maximum texture size has been explicitly set to 512.
[2023.02.20-12.56.11:926][  0]LogHMD: PokeAHoleMaterial loaded successfully
[2023.02.20-12.56.11:931][  0]LogUObjectArray: 17178 objects as part of root set at end of initial load.
[2023.02.20-12.56.11:932][  0]LogUObjectAllocator: 4302048 out of 0 bytes used by permanent object pool.
[2023.02.20-12.56.11:932][  0]LogUObjectArray: CloseDisregardForGC: 0/0 objects in disregard for GC pool
[2023.02.20-12.56.12:391][  0]LogPython: Using Python 3.7.7
[2023.02.20-12.56.12:980][  0]LogNiagaraDebuggerClient: Niagara Debugger Client Initialized | Session: 55F0FFE84DDB1F3BB7AEA981D77BEC74 | Instance: 87F6A54A4CA135EEF3963EA691622D3E (LIAMSPC-21196).
[2023.02.20-12.56.13:226][  0]LogTcpMessaging: Initializing TcpMessaging bridge
[2023.02.20-12.56.13:232][  0]LogUdpMessaging: Initializing bridge on interface 0.0.0.0:0 to multicast group 230.0.0.1:6666.
[2023.02.20-12.56.13:399][  0]SourceControl: Source control is disabled
[2023.02.20-12.56.13:399][  0]SourceControl: Source control is disabled
[2023.02.20-12.56.13:405][  0]SourceControl: Source control is disabled
[2023.02.20-12.56.13:410][  0]SourceControl: Source control is disabled
[2023.02.20-12.56.13:428][  0]SourceControl: Source control is disabled
[2023.02.20-12.56.13:469][  0]LogUProjectInfo: Found projects:
[2023.02.20-12.56.13:477][  0]LogVSAccessor: Display: Unable to create Visual Studio setup instance: 80040154
[2023.02.20-12.56.13:478][  0]LogVSAccessor: Display: Unable to create Visual Studio setup instance: 80040154
[2023.02.20-12.56.13:478][  0]LogVSAccessor: Display: Unable to create Visual Studio setup instance: 80040154
[2023.02.20-12.56.13:792][  0]LogOpenImageDenoise: OIDN starting up
[2023.02.20-12.56.13:885][  0]LogAndroidPermission: UAndroidPermissionCallbackProxy::GetInstance
[2023.02.20-12.56.13:921][  0]LogAudioCaptureCore: Display: No Audio Capture implementations found. Audio input will be silent.
[2023.02.20-12.56.13:921][  0]LogAudioCaptureCore: Display: No Audio Capture implementations found. Audio input will be silent.
[2023.02.20-12.56.14:233][  0]LogCollectionManager: Loaded 0 collections in 0.001218 seconds
[2023.02.20-12.56.14:281][  0]LogFileCache: Scanning file cache for directory 'E:/New folder (8)/github/Nottingham_project/MyProject 4.27- mainproject/Saved/Collections/' took 0.00s
[2023.02.20-12.56.14:282][  0]LogFileCache: Scanning file cache for directory 'E:/New folder (8)/github/Nottingham_project/MyProject 4.27- mainproject/Content/Developers/Liam/Collections/' took 0.00s
[2023.02.20-12.56.14:282][  0]LogFileCache: Scanning file cache for directory 'E:/New folder (8)/github/Nottingham_project/MyProject 4.27- mainproject/Content/Collections/' took 0.00s
[2023.02.20-12.56.14:282][  0]LogOcInput: OculusInput pre-init called
[2023.02.20-12.56.14:579][  0]LogEngine: Initializing Engine...
[2023.02.20-12.56.14:582][  0]LogHMD: Failed to enumerate extensions. Please check that you have a valid OpenXR runtime installed.
[2023.02.20-12.56.14:583][  0]LogHMD: Failed to initialize OpenVR with code 110
[2023.02.20-12.56.14:583][  0]LogMagicLeap: Warning: VR disabled because ZI is not enabled.  To enable, in the editor, Edit -> Project Settings -> Plugins -> Magic Leap Plugin -> Enable Zero Iteration
[2023.02.20-12.56.14:584][  0]LogStats: UGameplayTagsManager::InitializeManager -  0.000 s
[2023.02.20-12.56.14:720][  0]LogInit: Initializing FReadOnlyCVARCache
[2023.02.20-12.56.14:735][  0]LogAIModule: Creating AISystem for world Untitled
[2023.02.20-12.56.14:739][  0]LogAudio: Display: Initializing Audio Device Manager...
[2023.02.20-12.56.14:746][  0]LogAudio: Display: Loading Default Audio Settings Objects...
[2023.02.20-12.56.14:746][  0]LogAudio: Display: No default SoundConcurrencyObject specified (or failed to load).
[2023.02.20-12.56.14:747][  0]LogAudio: Display: Audio Device Manager Initialized
[2023.02.20-12.56.14:747][  0]LogAudio: Display: Creating Audio Device:                 Id: 1, Scope: Shared, Realtime: True
[2023.02.20-12.56.14:747][  0]LogAudioMixer: Display: Audio Mixer Platform Settings:
[2023.02.20-12.56.14:747][  0]LogAudioMixer: Display: 	Sample Rate:						  48000
[2023.02.20-12.56.14:747][  0]LogAudioMixer: Display: 	Callback Buffer Frame Size Requested: 1024
[2023.02.20-12.56.14:747][  0]LogAudioMixer: Display: 	Callback Buffer Frame Size To Use:	  1024
[2023.02.20-12.56.14:747][  0]LogAudioMixer: Display: 	Number of buffers to queue:			  2
[2023.02.20-12.56.14:747][  0]LogAudioMixer: Display: 	Max Channels (voices):				  32
[2023.02.20-12.56.14:747][  0]LogAudioMixer: Display: 	Number of Async Source Workers:		  0
[2023.02.20-12.56.14:747][  0]LogAudio: Display: AudioDevice MaxSources: 32
[2023.02.20-12.56.14:747][  0]LogAudio: Display: Audio Spatialization Plugin: None (built-in).
[2023.02.20-12.56.14:747][  0]LogAudio: Display: Audio Reverb Plugin: None (built-in).
[2023.02.20-12.56.14:747][  0]LogAudio: Display: Audio Occlusion Plugin: None (built-in).
[2023.02.20-12.56.14:747][  0]LogAudioMixer: Display: Initializing audio mixer.
[2023.02.20-12.56.14:782][  0]LogAudioMixer: Display: 0: FrontLeft
[2023.02.20-12.56.14:782][  0]LogAudioMixer: Display: 1: FrontRight
[2023.02.20-12.56.14:817][  0]LogAudioMixer: Display: Using Audio Device Speakers (Realtek(R) Audio)
[2023.02.20-12.56.14:821][  0]LogAudioMixer: Display: Initializing Sound Submixes...
[2023.02.20-12.56.14:825][  0]LogAudioMixer: Display: Creating Master Submix 'MasterSubmixDefault'
[2023.02.20-12.56.14:825][  0]LogAudioMixer: Display: Creating Master Submix 'MasterReverbSubmixDefault'
[2023.02.20-12.56.14:827][  0]LogAudioMixer: Display: Creating Master Submix 'MasterEQSubmixDefault'
[2023.02.20-12.56.14:827][  0]LogAudioMixer: FMixerPlatformXAudio2::StartAudioStream() called
[2023.02.20-12.56.14:827][  0]LogAudioMixer: Display: Output buffers initialized: Frames=1024, Channels=2, Samples=2048
[2023.02.20-12.56.14:828][  0]LogAudioMixer: Display: Starting AudioMixerPlatformInterface::RunInternal()
[2023.02.20-12.56.14:828][  0]LogAudioMixer: Display: FMixerPlatformXAudio2::SubmitBuffer() called for the first time
[2023.02.20-12.56.14:828][  0]LogInit: FAudioDevice initialized.
[2023.02.20-12.56.14:828][  0]LogAudio: Display: Audio Device (ID: 1) registered with world 'Untitled'.
[2023.02.20-12.56.14:828][  0]LogNetVersion: Set ProjectVersion to 1.0.0.0. Version Checksum will be recalculated on next use.
[2023.02.20-12.56.15:055][  0]LogDerivedDataCache: Saved boot cache 0.23s 94MB C:/Users/Liam/AppData/Local/UnrealEngine/4.27/DerivedDataCache/Boot.ddc.
[2023.02.20-12.56.15:056][  0]LogInit: Texture streaming: Enabled
[2023.02.20-12.56.15:075][  0]LogAnalytics: Display: [UEEditor.Rocket.Release] APIServer = https://datarouter.ol.epicgames.com/. AppVersion = 4.27.2-18319896+++UE4+Release-4.27
[2023.02.20-12.56.15:081][  0]LogEngineSessionManager: EngineSessionManager initialized
[2023.02.20-12.56.15:081][  0]LogEditorSessionSummary: Verbose: Initializing EditorSessionSummaryWriter for editor session tracking
[2023.02.20-12.56.15:085][  0]LogEditorSessionSummary: EditorSessionSummaryWriter initialized
[2023.02.20-12.56.15:130][  0]LogInit: Transaction tracking system initialized
[2023.02.20-12.56.15:166][  0]BlueprintLog: New page: Editor Load
[2023.02.20-12.56.15:268][  0]LocalizationService: Localization service is disabled
[2023.02.20-12.56.15:309][  0]TimingProfiler: Initialize
[2023.02.20-12.56.15:309][  0]TimingProfiler: OnSessionChanged
[2023.02.20-12.56.15:309][  0]LoadingProfiler: Initialize
[2023.02.20-12.56.15:309][  0]LoadingProfiler: OnSessionChanged
[2023.02.20-12.56.15:309][  0]NetworkingProfiler: Initialize
[2023.02.20-12.56.15:309][  0]NetworkingProfiler: OnSessionChanged
[2023.02.20-12.56.15:309][  0]MemoryProfiler: Initialize
[2023.02.20-12.56.15:309][  0]MemoryProfiler: OnSessionChanged
[2023.02.20-12.56.15:401][  0]LogVSAccessor: Display: Unable to create Visual Studio setup instance: 80040154
[2023.02.20-12.56.15:401][  0]LogVSAccessor: Display: Unable to create Visual Studio setup instance: 80040154
[2023.02.20-12.56.15:402][  0]LogVSAccessor: Display: Unable to create Visual Studio setup instance: 80040154
[2023.02.20-12.56.15:570][  0]LogCook: Display: CookSettings for Memory: MemoryMaxUsedVirtual 0MiB, MemoryMaxUsedPhysical 16384MiB, MemoryMinFreeVirtual 0MiB, MemoryMinFreePhysical 1024MiB
[2023.02.20-12.56.15:570][  0]LogCook: Display: Mobile HDR setting 1
[2023.02.20-12.56.15:851][  0]LogFileCache: Scanning file cache for directory 'E:/New folder (8)/github/Nottingham_project/MyProject 4.27- mainproject/Content/' took 0.01s
[2023.02.20-12.56.16:061][  0]LogInit: Display: Engine is initialized. Leaving FEngineLoop::Init()
[2023.02.20-12.56.16:068][  0]SourceControl: Source control is disabled
[2023.02.20-12.56.16:068][  0]LogUnrealEdMisc: Loading editor; pre map load, took 12.490
[2023.02.20-12.56.16:069][  0]LightingResults: New page: Lighting Build
[2023.02.20-12.56.16:071][  0]LogWorld: UWorld::CleanupWorld for Untitled, bSessionEnded=true, bCleanupResources=true
[2023.02.20-12.56.16:071][  0]LogSlate: InvalidateAllWidgets triggered.  All widgets were invalidated
[2023.02.20-12.56.16:071][  0]MapCheck: New page: Map Check
[2023.02.20-12.56.16:071][  0]LightingResults: New page: Lighting Build
[2023.02.20-12.56.16:075][  0]LogAudio: Display: Audio Device unregistered from world 'None'.
[2023.02.20-12.56.16:079][  0]LogUObjectHash: Compacting FUObjectHashTables data took   1.05ms
[2023.02.20-12.56.16:513][  0]LogAudio: Display: Audio Device (ID: 1) registered with world 'ThirdPersonExampleMap'.
[2023.02.20-12.56.16:514][  0]LogAIModule: Creating AISystem for world ThirdPersonExampleMap
[2023.02.20-12.56.16:526][  0]LogEditorServer: Finished looking for orphan Actors (0.000 secs)
[2023.02.20-12.56.16:539][  0]LogUObjectHash: Compacting FUObjectHashTables data took   1.14ms
[2023.02.20-12.56.16:540][  0]Cmd: MAP CHECKDEP NOCLEARLOG
[2023.02.20-12.56.16:540][  0]MapCheck: Map check complete: 0 Error(s), 0 Warning(s), took 0.353ms to complete.
[2023.02.20-12.56.16:540][  0]LogFileHelpers: Loading map 'ThirdPersonExampleMap' took 0.472
[2023.02.20-12.56.16:542][  0]LogUnrealEdMisc: Total Editor Startup Time, took 12.965
[2023.02.20-12.56.16:689][  0]LogSlate: Updating window title bar state: overlay mode, drag disabled, window buttons hidden, title bar hidden
[2023.02.20-12.56.16:696][  0]LogSlate: Updating window title bar state: overlay mode, drag disabled, window buttons hidden, title bar hidden
[2023.02.20-12.56.16:703][  0]LogSlate: Updating window title bar state: overlay mode, drag disabled, window buttons hidden, title bar hidden
[2023.02.20-12.56.16:709][  0]LogSlate: Updating window title bar state: overlay mode, drag disabled, window buttons hidden, title bar hidden
[2023.02.20-12.56.16:727][  0]LogNativeClassHierarchy: Verbose: Native class hierarchy populated in 0.0114 seconds. Added 3822 classes and 928 folders.
[2023.02.20-12.56.16:730][  0]LogNativeClassHierarchy: Verbose: Native class hierarchy updated for 'WidgetCarousel' in 0.0003 seconds. Added 0 classes and 0 folders.
[2023.02.20-12.56.16:733][  0]LogPakFile: PakFile PrimaryIndexSize=187
[2023.02.20-12.56.16:733][  0]LogPakFile: PakFile PathHashIndexSize=101
[2023.02.20-12.56.16:733][  0]LogPakFile: PakFile FullDirectoryIndexSize=148
[2023.02.20-12.56.16:733][  0]LogShaderLibrary: Display: ShaderCodeLibraryPakFileMountedCallback: PakFile 'E:/New folder/New folder/unreal/UE_4.27/FeaturePacks/FP_FirstPerson.upack' (chunk index -1, root 'root:/') mounted
[2023.02.20-12.56.16:733][  0]LogShaderLibrary: Display: ShaderCodeLibraryPakFileMountedCallback: pending pak file info (ChunkID:-1 Root:root:/ File:E:/New folder/New folder/unreal/UE_4.27/FeaturePacks/FP_FirstPerson.upack)
[2023.02.20-12.56.16:733][  0]LogPakFile: OnPakFileMounted2Time == 0.000059
[2023.02.20-12.56.16:734][  0]LogPakFile: PakFile PrimaryIndexSize=189
[2023.02.20-12.56.16:734][  0]LogPakFile: PakFile PathHashIndexSize=101
[2023.02.20-12.56.16:734][  0]LogPakFile: PakFile FullDirectoryIndexSize=152
[2023.02.20-12.56.16:734][  0]LogShaderLibrary: Display: ShaderCodeLibraryPakFileMountedCallback: PakFile 'E:/New folder/New folder/unreal/UE_4.27/FeaturePacks/FP_FirstPersonBP.upack' (chunk index -1, root 'root:/') mounted
[2023.02.20-12.56.16:734][  0]LogShaderLibrary: Display: ShaderCodeLibraryPakFileMountedCallback: pending pak file info (ChunkID:-1 Root:root:/ File:E:/New folder/New folder/unreal/UE_4.27/FeaturePacks/FP_FirstPersonBP.upack)
[2023.02.20-12.56.16:734][  0]LogPakFile: OnPakFileMounted2Time == 0.000069
[2023.02.20-12.56.16:736][  0]LogPakFile: PakFile PrimaryIndexSize=191
[2023.02.20-12.56.16:736][  0]LogPakFile: PakFile PathHashIndexSize=101
[2023.02.20-12.56.16:736][  0]LogPakFile: PakFile FullDirectoryIndexSize=160
[2023.02.20-12.56.16:736][  0]LogShaderLibrary: Display: ShaderCodeLibraryPakFileMountedCallback: PakFile 'E:/New folder/New folder/unreal/UE_4.27/FeaturePacks/MobileStarterContent.upack' (chunk index -1, root 'root:/') mounted
[2023.02.20-12.56.16:736][  0]LogShaderLibrary: Display: ShaderCodeLibraryPakFileMountedCallback: pending pak file info (ChunkID:-1 Root:root:/ File:E:/New folder/New folder/unreal/UE_4.27/FeaturePacks/MobileStarterContent.upack)
[2023.02.20-12.56.16:736][  0]LogPakFile: OnPakFileMounted2Time == 0.000045
[2023.02.20-12.56.16:737][  0]LogPakFile: PakFile PrimaryIndexSize=185
[2023.02.20-12.56.16:737][  0]LogPakFile: PakFile PathHashIndexSize=101
[2023.02.20-12.56.16:737][  0]LogPakFile: PakFile FullDirectoryIndexSize=148
[2023.02.20-12.56.16:737][  0]LogShaderLibrary: Display: ShaderCodeLibraryPakFileMountedCallback: PakFile 'E:/New folder/New folder/unreal/UE_4.27/FeaturePacks/StarterContent.upack' (chunk index -1, root 'root:/') mounted
[2023.02.20-12.56.16:737][  0]LogShaderLibrary: Display: ShaderCodeLibraryPakFileMountedCallback: pending pak file info (ChunkID:-1 Root:root:/ File:E:/New folder/New folder/unreal/UE_4.27/FeaturePacks/StarterContent.upack)
[2023.02.20-12.56.16:737][  0]LogPakFile: OnPakFileMounted2Time == 0.000040
[2023.02.20-12.56.16:738][  0]LogPakFile: PakFile PrimaryIndexSize=190
[2023.02.20-12.56.16:738][  0]LogPakFile: PakFile PathHashIndexSize=101
[2023.02.20-12.56.16:738][  0]LogPakFile: PakFile FullDirectoryIndexSize=154
[2023.02.20-12.56.16:738][  0]LogShaderLibrary: Display: ShaderCodeLibraryPakFileMountedCallback: PakFile 'E:/New folder/New folder/unreal/UE_4.27/FeaturePacks/TP_2DSideScroller.upack' (chunk index -1, root 'root:/') mounted
[2023.02.20-12.56.16:738][  0]LogShaderLibrary: Display: ShaderCodeLibraryPakFileMountedCallback: pending pak file info (ChunkID:-1 Root:root:/ File:E:/New folder/New folder/unreal/UE_4.27/FeaturePacks/TP_2DSideScroller.upack)
[2023.02.20-12.56.16:738][  0]LogPakFile: OnPakFileMounted2Time == 0.000038
[2023.02.20-12.56.16:739][  0]LogPakFile: PakFile PrimaryIndexSize=192
[2023.02.20-12.56.16:739][  0]LogPakFile: PakFile PathHashIndexSize=101
[2023.02.20-12.56.16:739][  0]LogPakFile: PakFile FullDirectoryIndexSize=158
[2023.02.20-12.56.16:739][  0]LogShaderLibrary: Display: ShaderCodeLibraryPakFileMountedCallback: PakFile 'E:/New folder/New folder/unreal/UE_4.27/FeaturePacks/TP_2DSideScrollerBP.upack' (chunk index -1, root 'root:/') mounted
[2023.02.20-12.56.16:739][  0]LogShaderLibrary: Display: ShaderCodeLibraryPakFileMountedCallback: pending pak file info (ChunkID:-1 Root:root:/ File:E:/New folder/New folder/unreal/UE_4.27/FeaturePacks/TP_2DSideScrollerBP.upack)
[2023.02.20-12.56.16:739][  0]LogPakFile: OnPakFileMounted2Time == 0.000037
[2023.02.20-12.56.16:740][  0]LogPakFile: PakFile PrimaryIndexSize=182
[2023.02.20-12.56.16:740][  0]LogPakFile: PakFile PathHashIndexSize=101
[2023.02.20-12.56.16:740][  0]LogPakFile: PakFile FullDirectoryIndexSize=138
[2023.02.20-12.56.16:740][  0]LogShaderLibrary: Display: ShaderCodeLibraryPakFileMountedCallback: PakFile 'E:/New folder/New folder/unreal/UE_4.27/FeaturePacks/TP_Flying.upack' (chunk index -1, root 'root:/') mounted
[2023.02.20-12.56.16:740][  0]LogShaderLibrary: Display: ShaderCodeLibraryPakFileMountedCallback: pending pak file info (ChunkID:-1 Root:root:/ File:E:/New folder/New folder/unreal/UE_4.27/FeaturePacks/TP_Flying.upack)
[2023.02.20-12.56.16:740][  0]LogPakFile: OnPakFileMounted2Time == 0.000039
[2023.02.20-12.56.16:741][  0]LogPakFile: PakFile PrimaryIndexSize=184
[2023.02.20-12.56.16:741][  0]LogPakFile: PakFile PathHashIndexSize=101
[2023.02.20-12.56.16:742][  0]LogPakFile: PakFile FullDirectoryIndexSize=142
[2023.02.20-12.56.16:742][  0]LogShaderLibrary: Display: ShaderCodeLibraryPakFileMountedCallback: PakFile 'E:/New folder/New folder/unreal/UE_4.27/FeaturePacks/TP_FlyingBP.upack' (chunk index -1, root 'root:/') mounted
[2023.02.20-12.56.16:742][  0]LogShaderLibrary: Display: ShaderCodeLibraryPakFileMountedCallback: pending pak file info (ChunkID:-1 Root:root:/ File:E:/New folder/New folder/unreal/UE_4.27/FeaturePacks/TP_FlyingBP.upack)
[2023.02.20-12.56.16:742][  0]LogPakFile: OnPakFileMounted2Time == 0.000036
[2023.02.20-12.56.16:743][  0]LogPakFile: PakFile PrimaryIndexSize=188
[2023.02.20-12.56.16:743][  0]LogPakFile: PakFile PathHashIndexSize=101
[2023.02.20-12.56.16:743][  0]LogPakFile: PakFile FullDirectoryIndexSize=150
[2023.02.20-12.56.16:743][  0]LogShaderLibrary: Display: ShaderCodeLibraryPakFileMountedCallback: PakFile 'E:/New folder/New folder/unreal/UE_4.27/FeaturePacks/TP_HandheldARBP.upack' (chunk index -1, root 'root:/') mounted
[2023.02.20-12.56.16:743][  0]LogShaderLibrary: Display: ShaderCodeLibraryPakFileMountedCallback: pending pak file info (ChunkID:-1 Root:root:/ File:E:/New folder/New folder/unreal/UE_4.27/FeaturePacks/TP_HandheldARBP.upack)
[2023.02.20-12.56.16:743][  0]LogPakFile: OnPakFileMounted2Time == 0.000037
[2023.02.20-12.56.16:744][  0]LogPakFile: PakFile PrimaryIndexSize=182
[2023.02.20-12.56.16:744][  0]LogPakFile: PakFile PathHashIndexSize=101
[2023.02.20-12.56.16:744][  0]LogPakFile: PakFile FullDirectoryIndexSize=138
[2023.02.20-12.56.16:744][  0]LogShaderLibrary: Display: ShaderCodeLibraryPakFileMountedCallback: PakFile 'E:/New folder/New folder/unreal/UE_4.27/FeaturePacks/TP_Puzzle.upack' (chunk index -1, root 'root:/') mounted
[2023.02.20-12.56.16:744][  0]LogShaderLibrary: Display: ShaderCodeLibraryPakFileMountedCallback: pending pak file info (ChunkID:-1 Root:root:/ File:E:/New folder/New folder/unreal/UE_4.27/FeaturePacks/TP_Puzzle.upack)
[2023.02.20-12.56.16:744][  0]LogPakFile: OnPakFileMounted2Time == 0.000036
[2023.02.20-12.56.16:745][  0]LogPakFile: PakFile PrimaryIndexSize=184
[2023.02.20-12.56.16:745][  0]LogPakFile: PakFile PathHashIndexSize=101
[2023.02.20-12.56.16:745][  0]LogPakFile: PakFile FullDirectoryIndexSize=142
[2023.02.20-12.56.16:745][  0]LogShaderLibrary: Display: ShaderCodeLibraryPakFileMountedCallback: PakFile 'E:/New folder/New folder/unreal/UE_4.27/FeaturePacks/TP_PuzzleBP.upack' (chunk index -1, root 'root:/') mounted
[2023.02.20-12.56.16:745][  0]LogShaderLibrary: Display: ShaderCodeLibraryPakFileMountedCallback: pending pak file info (ChunkID:-1 Root:root:/ File:E:/New folder/New folder/unreal/UE_4.27/FeaturePacks/TP_PuzzleBP.upack)
[2023.02.20-12.56.16:745][  0]LogPakFile: OnPakFileMounted2Time == 0.000037
[2023.02.20-12.56.16:746][  0]LogPakFile: PakFile PrimaryIndexSize=183
[2023.02.20-12.56.16:746][  0]LogPakFile: PakFile PathHashIndexSize=101
[2023.02.20-12.56.16:746][  0]LogPakFile: PakFile FullDirectoryIndexSize=140
[2023.02.20-12.56.16:746][  0]LogShaderLibrary: Display: ShaderCodeLibraryPakFileMountedCallback: PakFile 'E:/New folder/New folder/unreal/UE_4.27/FeaturePacks/TP_Rolling.upack' (chunk index -1, root 'root:/') mounted
[2023.02.20-12.56.16:746][  0]LogShaderLibrary: Display: ShaderCodeLibraryPakFileMountedCallback: pending pak file info (ChunkID:-1 Root:root:/ File:E:/New folder/New folder/unreal/UE_4.27/FeaturePacks/TP_Rolling.upack)
[2023.02.20-12.56.16:746][  0]LogPakFile: OnPakFileMounted2Time == 0.000036
[2023.02.20-12.56.16:747][  0]LogPakFile: PakFile PrimaryIndexSize=185
[2023.02.20-12.56.16:747][  0]LogPakFile: PakFile PathHashIndexSize=101
[2023.02.20-12.56.16:747][  0]LogPakFile: PakFile FullDirectoryIndexSize=144
[2023.02.20-12.56.16:748][  0]LogShaderLibrary: Display: ShaderCodeLibraryPakFileMountedCallback: PakFile 'E:/New folder/New folder/unreal/UE_4.27/FeaturePacks/TP_RollingBP.upack' (chunk index -1, root 'root:/') mounted
[2023.02.20-12.56.16:748][  0]LogShaderLibrary: Display: ShaderCodeLibraryPakFileMountedCallback: pending pak file info (ChunkID:-1 Root:root:/ File:E:/New folder/New folder/unreal/UE_4.27/FeaturePacks/TP_RollingBP.upack)
[2023.02.20-12.56.16:748][  0]LogPakFile: OnPakFileMounted2Time == 0.000042
[2023.02.20-12.56.16:749][  0]LogPakFile: PakFile PrimaryIndexSize=188
[2023.02.20-12.56.16:749][  0]LogPakFile: PakFile PathHashIndexSize=101
[2023.02.20-12.56.16:749][  0]LogPakFile: PakFile FullDirectoryIndexSize=150
[2023.02.20-12.56.16:749][  0]LogShaderLibrary: Display: ShaderCodeLibraryPakFileMountedCallback: PakFile 'E:/New folder/New folder/unreal/UE_4.27/FeaturePacks/TP_SideScroller.upack' (chunk index -1, root 'root:/') mounted
[2023.02.20-12.56.16:749][  0]LogShaderLibrary: Display: ShaderCodeLibraryPakFileMountedCallback: pending pak file info (ChunkID:-1 Root:root:/ File:E:/New folder/New folder/unreal/UE_4.27/FeaturePacks/TP_SideScroller.upack)
[2023.02.20-12.56.16:749][  0]LogPakFile: OnPakFileMounted2Time == 0.000037
[2023.02.20-12.56.16:750][  0]LogPakFile: PakFile PrimaryIndexSize=190
[2023.02.20-12.56.16:750][  0]LogPakFile: PakFile PathHashIndexSize=101
[2023.02.20-12.56.16:750][  0]LogPakFile: PakFile FullDirectoryIndexSize=154
[2023.02.20-12.56.16:750][  0]LogShaderLibrary: Display: ShaderCodeLibraryPakFileMountedCallback: PakFile 'E:/New folder/New folder/unreal/UE_4.27/FeaturePacks/TP_SideScrollerBP.upack' (chunk index -1, root 'root:/') mounted
[2023.02.20-12.56.16:750][  0]LogShaderLibrary: Display: ShaderCodeLibraryPakFileMountedCallback: pending pak file info (ChunkID:-1 Root:root:/ File:E:/New folder/New folder/unreal/UE_4.27/FeaturePacks/TP_SideScrollerBP.upack)
[2023.02.20-12.56.16:750][  0]LogPakFile: OnPakFileMounted2Time == 0.000040
[2023.02.20-12.56.16:751][  0]LogPakFile: PakFile PrimaryIndexSize=187
[2023.02.20-12.56.16:751][  0]LogPakFile: PakFile PathHashIndexSize=101
[2023.02.20-12.56.16:751][  0]LogPakFile: PakFile FullDirectoryIndexSize=148
[2023.02.20-12.56.16:751][  0]LogShaderLibrary: Display: ShaderCodeLibraryPakFileMountedCallback: PakFile 'E:/New folder/New folder/unreal/UE_4.27/FeaturePacks/TP_ThirdPerson.upack' (chunk index -1, root 'root:/') mounted
[2023.02.20-12.56.16:751][  0]LogShaderLibrary: Display: ShaderCodeLibraryPakFileMountedCallback: pending pak file info (ChunkID:-1 Root:root:/ File:E:/New folder/New folder/unreal/UE_4.27/FeaturePacks/TP_ThirdPerson.upack)
[2023.02.20-12.56.16:751][  0]LogPakFile: OnPakFileMounted2Time == 0.000057
[2023.02.20-12.56.16:753][  0]LogPakFile: PakFile PrimaryIndexSize=189
[2023.02.20-12.56.16:753][  0]LogPakFile: PakFile PathHashIndexSize=101
[2023.02.20-12.56.16:753][  0]LogPakFile: PakFile FullDirectoryIndexSize=152
[2023.02.20-12.56.16:753][  0]LogShaderLibrary: Display: ShaderCodeLibraryPakFileMountedCallback: PakFile 'E:/New folder/New folder/unreal/UE_4.27/FeaturePacks/TP_ThirdPersonBP.upack' (chunk index -1, root 'root:/') mounted
[2023.02.20-12.56.16:753][  0]LogShaderLibrary: Display: ShaderCodeLibraryPakFileMountedCallback: pending pak file info (ChunkID:-1 Root:root:/ File:E:/New folder/New folder/unreal/UE_4.27/FeaturePacks/TP_ThirdPersonBP.upack)
[2023.02.20-12.56.16:753][  0]LogPakFile: OnPakFileMounted2Time == 0.000042
[2023.02.20-12.56.16:754][  0]LogPakFile: PakFile PrimaryIndexSize=183
[2023.02.20-12.56.16:754][  0]LogPakFile: PakFile PathHashIndexSize=101
[2023.02.20-12.56.16:754][  0]LogPakFile: PakFile FullDirectoryIndexSize=140
[2023.02.20-12.56.16:754][  0]LogShaderLibrary: Display: ShaderCodeLibraryPakFileMountedCallback: PakFile 'E:/New folder/New folder/unreal/UE_4.27/FeaturePacks/TP_TopDown.upack' (chunk index -1, root 'root:/') mounted
[2023.02.20-12.56.16:754][  0]LogShaderLibrary: Display: ShaderCodeLibraryPakFileMountedCallback: pending pak file info (ChunkID:-1 Root:root:/ File:E:/New folder/New folder/unreal/UE_4.27/FeaturePacks/TP_TopDown.upack)
[2023.02.20-12.56.16:754][  0]LogPakFile: OnPakFileMounted2Time == 0.000045
[2023.02.20-12.56.16:755][  0]LogPakFile: PakFile PrimaryIndexSize=185
[2023.02.20-12.56.16:755][  0]LogPakFile: PakFile PathHashIndexSize=101
[2023.02.20-12.56.16:755][  0]LogPakFile: PakFile FullDirectoryIndexSize=144
[2023.02.20-12.56.16:755][  0]LogShaderLibrary: Display: ShaderCodeLibraryPakFileMountedCallback: PakFile 'E:/New folder/New folder/unreal/UE_4.27/FeaturePacks/TP_TopDownBP.upack' (chunk index -1, root 'root:/') mounted
[2023.02.20-12.56.16:755][  0]LogShaderLibrary: Display: ShaderCodeLibraryPakFileMountedCallback: pending pak file info (ChunkID:-1 Root:root:/ File:E:/New folder/New folder/unreal/UE_4.27/FeaturePacks/TP_TopDownBP.upack)
[2023.02.20-12.56.16:755][  0]LogPakFile: OnPakFileMounted2Time == 0.000036
[2023.02.20-12.56.16:756][  0]LogPakFile: PakFile PrimaryIndexSize=185
[2023.02.20-12.56.16:756][  0]LogPakFile: PakFile PathHashIndexSize=101
[2023.02.20-12.56.16:756][  0]LogPakFile: PakFile FullDirectoryIndexSize=144
[2023.02.20-12.56.16:756][  0]LogShaderLibrary: Display: ShaderCodeLibraryPakFileMountedCallback: PakFile 'E:/New folder/New folder/unreal/UE_4.27/FeaturePacks/TP_TwinStick.upack' (chunk index -1, root 'root:/') mounted
[2023.02.20-12.56.16:756][  0]LogShaderLibrary: Display: ShaderCodeLibraryPakFileMountedCallback: pending pak file info (ChunkID:-1 Root:root:/ File:E:/New folder/New folder/unreal/UE_4.27/FeaturePacks/TP_TwinStick.upack)
[2023.02.20-12.56.16:756][  0]LogPakFile: OnPakFileMounted2Time == 0.000036
[2023.02.20-12.56.16:757][  0]LogPakFile: PakFile PrimaryIndexSize=187
[2023.02.20-12.56.16:757][  0]LogPakFile: PakFile PathHashIndexSize=101
[2023.02.20-12.56.16:757][  0]LogPakFile: PakFile FullDirectoryIndexSize=148
[2023.02.20-12.56.16:758][  0]LogShaderLibrary: Display: ShaderCodeLibraryPakFileMountedCallback: PakFile 'E:/New folder/New folder/unreal/UE_4.27/FeaturePacks/TP_TwinStickBP.upack' (chunk index -1, root 'root:/') mounted
[2023.02.20-12.56.16:758][  0]LogShaderLibrary: Display: ShaderCodeLibraryPakFileMountedCallback: pending pak file info (ChunkID:-1 Root:root:/ File:E:/New folder/New folder/unreal/UE_4.27/FeaturePacks/TP_TwinStickBP.upack)
[2023.02.20-12.56.16:758][  0]LogPakFile: OnPakFileMounted2Time == 0.000036
[2023.02.20-12.56.16:759][  0]LogPakFile: PakFile PrimaryIndexSize=183
[2023.02.20-12.56.16:759][  0]LogPakFile: PakFile PathHashIndexSize=101
[2023.02.20-12.56.16:759][  0]LogPakFile: PakFile FullDirectoryIndexSize=140
[2023.02.20-12.56.16:759][  0]LogShaderLibrary: Display: ShaderCodeLibraryPakFileMountedCallback: PakFile 'E:/New folder/New folder/unreal/UE_4.27/FeaturePacks/TP_Vehicle.upack' (chunk index -1, root 'root:/') mounted
[2023.02.20-12.56.16:759][  0]LogShaderLibrary: Display: ShaderCodeLibraryPakFileMountedCallback: pending pak file info (ChunkID:-1 Root:root:/ File:E:/New folder/New folder/unreal/UE_4.27/FeaturePacks/TP_Vehicle.upack)
[2023.02.20-12.56.16:759][  0]LogPakFile: OnPakFileMounted2Time == 0.000036
[2023.02.20-12.56.16:760][  0]LogPakFile: PakFile PrimaryIndexSize=186
[2023.02.20-12.56.16:760][  0]LogPakFile: PakFile PathHashIndexSize=101
[2023.02.20-12.56.16:760][  0]LogPakFile: PakFile FullDirectoryIndexSize=146
[2023.02.20-12.56.16:760][  0]LogShaderLibrary: Display: ShaderCodeLibraryPakFileMountedCallback: PakFile 'E:/New folder/New folder/unreal/UE_4.27/FeaturePacks/TP_VehicleAdv.upack' (chunk index -1, root 'root:/') mounted
[2023.02.20-12.56.16:760][  0]LogShaderLibrary: Display: ShaderCodeLibraryPakFileMountedCallback: pending pak file info (ChunkID:-1 Root:root:/ File:E:/New folder/New folder/unreal/UE_4.27/FeaturePacks/TP_VehicleAdv.upack)
[2023.02.20-12.56.16:760][  0]LogPakFile: OnPakFileMounted2Time == 0.000037
[2023.02.20-12.56.16:761][  0]LogPakFile: PakFile PrimaryIndexSize=188
[2023.02.20-12.56.16:761][  0]LogPakFile: PakFile PathHashIndexSize=101
[2023.02.20-12.56.16:761][  0]LogPakFile: PakFile FullDirectoryIndexSize=150
[2023.02.20-12.56.16:761][  0]LogShaderLibrary: Display: ShaderCodeLibraryPakFileMountedCallback: PakFile 'E:/New folder/New folder/unreal/UE_4.27/FeaturePacks/TP_VehicleAdvBP.upack' (chunk index -1, root 'root:/') mounted
[2023.02.20-12.56.16:761][  0]LogShaderLibrary: Display: ShaderCodeLibraryPakFileMountedCallback: pending pak file info (ChunkID:-1 Root:root:/ File:E:/New folder/New folder/unreal/UE_4.27/FeaturePacks/TP_VehicleAdvBP.upack)
[2023.02.20-12.56.16:761][  0]LogPakFile: OnPakFileMounted2Time == 0.000039
[2023.02.20-12.56.16:762][  0]LogPakFile: PakFile PrimaryIndexSize=185
[2023.02.20-12.56.16:762][  0]LogPakFile: PakFile PathHashIndexSize=101
[2023.02.20-12.56.16:762][  0]LogPakFile: PakFile FullDirectoryIndexSize=144
[2023.02.20-12.56.16:762][  0]LogShaderLibrary: Display: ShaderCodeLibraryPakFileMountedCallback: PakFile 'E:/New folder/New folder/unreal/UE_4.27/FeaturePacks/TP_VehicleBP.upack' (chunk index -1, root 'root:/') mounted
[2023.02.20-12.56.16:762][  0]LogShaderLibrary: Display: ShaderCodeLibraryPakFileMountedCallback: pending pak file info (ChunkID:-1 Root:root:/ File:E:/New folder/New folder/unreal/UE_4.27/FeaturePacks/TP_VehicleBP.upack)
[2023.02.20-12.56.16:762][  0]LogPakFile: OnPakFileMounted2Time == 0.000037
[2023.02.20-12.56.16:763][  0]LogPakFile: PakFile PrimaryIndexSize=192
[2023.02.20-12.56.16:763][  0]LogPakFile: PakFile PathHashIndexSize=101
[2023.02.20-12.56.16:763][  0]LogPakFile: PakFile FullDirectoryIndexSize=158
[2023.02.20-12.56.16:763][  0]LogShaderLibrary: Display: ShaderCodeLibraryPakFileMountedCallback: PakFile 'E:/New folder/New folder/unreal/UE_4.27/FeaturePacks/TP_VirtualRealityBP.upack' (chunk index -1, root 'root:/') mounted
[2023.02.20-12.56.16:763][  0]LogShaderLibrary: Display: ShaderCodeLibraryPakFileMountedCallback: pending pak file info (ChunkID:-1 Root:root:/ File:E:/New folder/New folder/unreal/UE_4.27/FeaturePacks/TP_VirtualRealityBP.upack)
[2023.02.20-12.56.16:763][  0]LogPakFile: OnPakFileMounted2Time == 0.000037
[2023.02.20-12.56.16:858][  0]LogNativeClassHierarchy: Verbose: Native class hierarchy updated for 'AddContentDialog' in 0.0003 seconds. Added 0 classes and 0 folders.
[2023.02.20-12.56.16:859][  0]LogNativeClassHierarchy: Verbose: Native class hierarchy updated for 'SceneOutliner' in 0.0002 seconds. Added 2 classes and 0 folders.
[2023.02.20-12.56.16:967][  0]LogSlate: Took 0.000279 seconds to synchronously load lazily loaded font '../../../Engine/Content/Slate/Fonts/Roboto-Regular.ttf' (155K)
[2023.02.20-12.56.16:969][  0]LogSlate: Took 0.000270 seconds to synchronously load lazily loaded font '../../../Engine/Content/Editor/Slate/Fonts/FontAwesome.ttf' (139K)
[2023.02.20-12.56.16:970][  0]LogSlate: Took 0.000199 seconds to synchronously load lazily loaded font '../../../Engine/Content/Slate/Fonts/Roboto-Bold.ttf' (160K)
[2023.02.20-12.56.17:084][  0]LogRenderer: Reallocating scene render targets to support 1124x572 Format 10 NumSamples 1 (Frame:1).
[2023.02.20-12.56.17:194][  0]LogNativeClassHierarchy: Verbose: Native class hierarchy updated for 'HierarchicalLODOutliner' in 0.0003 seconds. Added 0 classes and 0 folders.
[2023.02.20-12.56.17:194][  0]LogInput: Warning: Action Jump uses invalid key OculusGo_Left_Trigger_Click.
[2023.02.20-12.56.17:194][  0]LogInput: Warning: Action ResetVR uses invalid key OculusGo_Left_Trackpad_Click.
[2023.02.20-12.56.17:194][  0]LogInput: Warning: Use -RemoveInvalidKeys to remove instances of these keys from the action mapping.
[2023.02.20-12.56.17:194][  0]LogLoad: (Engine Initialization) Total time: 13.62 seconds
[2023.02.20-12.56.17:194][  0]LogLoad: (Engine Initialization) Total Blueprint compile time: 0.00 seconds
[2023.02.20-12.56.17:238][  0]LogAssetRegistry: Asset discovery search completed in 6.3391 seconds
[2023.02.20-12.56.17:245][  0]LogCollectionManager: Fixed up redirectors for 0 collections in 0.000003 seconds (updated 0 objects)
[2023.02.20-12.56.17:248][  0]LogContentStreaming: Texture pool size now 1000 MB
[2023.02.20-12.56.17:332][  4]LogSlate: Took 0.000327 seconds to synchronously load lazily loaded font '../../../Engine/Content/Slate/Fonts/Roboto-Light.ttf' (167K)
[2023.02.20-12.56.32:642][780]LogSlate: Took 0.000249 seconds to synchronously load lazily loaded font '../../../Engine/Content/Slate/Fonts/Roboto-Light.ttf' (167K)
[2023.02.20-12.56.32:658][780]LogAssetEditorSubsystem: Opening Asset editor for Blueprint /Game/ThirdPersonBP/prototype_folder/tram_2/tram_2_1.tram_2_1
[2023.02.20-12.56.32:879][780]LogNativeClassHierarchy: Verbose: Native class hierarchy updated for 'BlueprintGraph' in 0.0006 seconds. Added 126 classes and 0 folders.
[2023.02.20-12.56.33:894][780]LogSlate: Took 0.000346 seconds to synchronously load lazily loaded font '../../../Engine/Content/Slate/Fonts/Roboto-BoldCondensed.ttf' (158K)
[2023.02.20-12.56.33:962][781]LogSlate: Took 0.000311 seconds to synchronously load lazily loaded font '../../../Engine/Content/Slate/Fonts/Roboto-Italic.ttf' (157K)
[2023.02.20-12.56.38:867][343]LogWorld: UWorld::CleanupWorld for World_3, bSessionEnded=true, bCleanupResources=true
[2023.02.20-12.56.38:867][343]LogSlate: InvalidateAllWidgets triggered.  All widgets were invalidated
[2023.02.20-12.56.50:391][426]LogAssetEditorSubsystem: Opening Asset editor for Blueprint /Game/ThirdPersonBP/prototype_folder/tram_2/tram_2_1.tram_2_1
[2023.02.20-12.57.07:323][322]LogWorld: UWorld::CleanupWorld for World_4, bSessionEnded=true, bCleanupResources=true
[2023.02.20-12.57.07:323][322]LogSlate: InvalidateAllWidgets triggered.  All widgets were invalidated
[2023.02.20-12.57.13:117][949]LogUObjectHash: Compacting FUObjectHashTables data took   2.52ms
[2023.02.20-12.58.51:496][319]LogAssetEditorSubsystem: Opening Asset editor for Blueprint /Game/ThirdPersonBP/prototype_folder/tram_2/tram_2_1.tram_2_1
