Log file open, 02/07/23 14:48:43
LogWindows: Failed to load 'aqProf.dll' (GetLastError=126)
LogWindows: File 'aqProf.dll' does not exist
LogWindows: Failed to load 'VtuneApi.dll' (GetLastError=126)
LogWindows: File 'VtuneApi.dll' does not exist
LogWindows: Failed to load 'VtuneApi32e.dll' (GetLastError=126)
LogWindows: File 'VtuneApi32e.dll' does not exist
LogConsoleResponse: Display: Failed to find resolution value strings in scalability ini. Falling back to default.
LogConsoleResponse: Display: Failed to find resolution value strings in scalability ini. Falling back to default.
LogInit: Display: Running engine for game: MyProject
LogPlatformFile: Not using cached read wrapper
LogTaskGraph: Started task graph with 5 named threads and 35 total threads with 3 sets of task threads.
LogStats: Stats thread started at 1.969957
LogICUInternationalization: ICU TimeZone Detection - Raw Offset: +0:00, Platform Override: ''
LogInit: Display: Loading text-based GConfig....
LogPluginManager: Mounting plugin MeshPainting
LogPluginManager: Mounting plugin XGEController
LogPluginManager: Mounting plugin Paper2D
LogPluginManager: Mounting plugin LightPropagationVolume
LogPluginManager: Mounting plugin LiveLink
LogPluginManager: Mounting plugin CameraShakePreviewer
LogPluginManager: Mounting plugin GameplayCameras
LogPluginManager: Mounting plugin OodleData
LogPluginManager: Mounting plugin OodleNetwork
LogPluginManager: Mounting plugin AnimationSharing
LogPluginManager: Mounting plugin CLionSourceCodeAccess
LogPluginManager: Mounting plugin CodeLiteSourceCodeAccess
LogPluginManager: Mounting plugin GitSourceControl
LogPluginManager: Mounting plugin NullSourceCodeAccess
LogPluginManager: Mounting plugin PerforceSourceControl
LogPluginManager: Mounting plugin PlasticSourceControl
LogPluginManager: Mounting plugin PixWinPlugin
LogPluginManager: Mounting plugin PluginUtils
LogPluginManager: Mounting plugin PropertyAccessNode
LogPluginManager: Mounting plugin KDevelopSourceCodeAccess
LogPluginManager: Mounting plugin SubversionSourceControl
LogPluginManager: Mounting plugin RiderSourceCodeAccess
LogPluginManager: Mounting plugin AssetManagerEditor
LogPluginManager: Mounting plugin TextureFormatOodle
LogPluginManager: Mounting plugin UObjectPlugin
LogPluginManager: Mounting plugin VisualStudioCodeSourceCodeAccess
LogPluginManager: Mounting plugin XCodeSourceCodeAccess
LogPluginManager: Mounting plugin VisualStudioSourceCodeAccess
LogPluginManager: Mounting plugin CryptoKeys
LogPluginManager: Mounting plugin DataValidation
LogPluginManager: Mounting plugin CurveEditorTools
LogPluginManager: Mounting plugin FacialAnimation
LogPluginManager: Mounting plugin GameplayTagsEditor
LogPluginManager: Mounting plugin GeometryMode
LogPluginManager: Mounting plugin MacGraphicsSwitching
LogPluginManager: Mounting plugin MaterialAnalyzer
LogPluginManager: Mounting plugin MobileLauncherProfileWizard
LogPluginManager: Mounting plugin PluginBrowser
LogPluginManager: Mounting plugin SpeedTreeImporter
LogPluginManager: Mounting plugin DatasmithContent
LogPluginManager: Mounting plugin VariantManagerContent
LogPluginManager: Mounting plugin AlembicImporter
LogPluginManager: Mounting plugin AutomationUtils
LogPluginManager: Mounting plugin BackChannel
LogPluginManager: Mounting plugin ChaosCloth
LogPluginManager: Mounting plugin ChaosClothEditor
LogPluginManager: Mounting plugin ChaosEditor
LogPluginManager: Mounting plugin ChaosNiagara
LogPluginManager: Mounting plugin ChaosSolverPlugin
LogPluginManager: Mounting plugin CharacterAI
LogPluginManager: Mounting plugin GeometryCollectionPlugin
LogPluginManager: Mounting plugin GeometryCache
LogPluginManager: Mounting plugin GeometryProcessing
LogPluginManager: Mounting plugin MotoSynth
LogPluginManager: Mounting plugin OpenImageDenoise
LogPluginManager: Mounting plugin PlanarCut
LogPluginManager: Mounting plugin PlatformCrypto
LogPluginManager: Mounting plugin ProxyLODPlugin
LogPluginManager: Mounting plugin PythonScriptPlugin
LogPluginManager: Mounting plugin SkeletalReduction
LogPluginManager: Mounting plugin Niagara
LogPluginManager: Mounting plugin LuminPlatformFeatures
LogPluginManager: Mounting plugin MagicLeap
LogPluginManager: Mounting plugin MagicLeapLightEstimation
LogPluginManager: Mounting plugin MagicLeapMedia
LogPluginManager: Mounting plugin MagicLeapPassableWorld
LogPluginManager: Mounting plugin AndroidMedia
LogPluginManager: Mounting plugin MLSDK
LogPluginManager: Mounting plugin AvfMedia
LogPluginManager: Mounting plugin ImgMedia
LogPluginManager: Mounting plugin MediaCompositing
LogPluginManager: Mounting plugin MediaPlayerEditor
LogPluginManager: Mounting plugin WebMMedia
LogPluginManager: Mounting plugin WmfMedia
LogPluginManager: Mounting plugin TcpMessaging
LogPluginManager: Mounting plugin UdpMessaging
LogPluginManager: Mounting plugin ActorSequence
LogPluginManager: Mounting plugin LevelSequenceEditor
LogPluginManager: Mounting plugin MatineeToLevelSequence
LogPluginManager: Mounting plugin TemplateSequence
LogPluginManager: Mounting plugin OnlineSubsystem
LogPluginManager: Mounting plugin OnlineSubsystemNull
LogPluginManager: Mounting plugin LauncherChunkInstaller
LogPluginManager: Mounting plugin ActorLayerUtilities
LogPluginManager: Mounting plugin OnlineSubsystemUtils
LogPluginManager: Mounting plugin AndroidMoviePlayer
LogPluginManager: Mounting plugin AndroidDeviceProfileSelector
LogPluginManager: Mounting plugin AndroidPermission
LogPluginManager: Mounting plugin AppleImageUtils
LogPluginManager: Mounting plugin AppleMoviePlayer
LogPluginManager: Mounting plugin ArchVisCharacter
LogPluginManager: Mounting plugin AssetTags
LogPluginManager: Mounting plugin AudioCapture
LogPluginManager: Mounting plugin AudioSynesthesia
LogPluginManager: Mounting plugin CableComponent
LogPluginManager: Mounting plugin ChunkDownloader
LogPluginManager: Mounting plugin CustomMeshComponent
LogPluginManager: Mounting plugin EditableMesh
LogPluginManager: Mounting plugin ExampleDeviceProfileSelector
LogPluginManager: Mounting plugin GoogleCloudMessaging
LogPluginManager: Mounting plugin GooglePAD
LogPluginManager: Mounting plugin IOSDeviceProfileSelector
LogPluginManager: Mounting plugin LinuxDeviceProfileSelector
LogPluginManager: Mounting plugin LocationServicesBPLibrary
LogPluginManager: Mounting plugin MobilePatchingUtils
LogPluginManager: Mounting plugin ScreenshotTools
LogPluginManager: Mounting plugin OpenXR
LogPluginManager: Mounting plugin OpenXREyeTracker
LogPluginManager: Mounting plugin OpenXRHandTracking
LogPluginManager: Mounting plugin PhysXVehicles
LogPluginManager: Mounting plugin PostSplashScreen
LogPluginManager: Mounting plugin Takes
LogPluginManager: Mounting plugin ProceduralMeshComponent
LogPluginManager: Mounting plugin PropertyAccessEditor
LogPluginManager: Mounting plugin RuntimePhysXCooking
LogPluginManager: Mounting plugin SignificanceManager
LogPluginManager: Mounting plugin SoundFields
LogPluginManager: Mounting plugin Synthesis
LogPluginManager: Mounting plugin WebMMoviePlayer
LogPluginManager: Mounting plugin WindowsMoviePlayer
LogPluginManager: Mounting plugin AISupport
LogPluginManager: Mounting plugin EnvironmentQueryEditor
LogPluginManager: Mounting plugin ContentBrowserAssetDataSource
LogPluginManager: Mounting plugin ContentBrowserClassDataSource
LogPluginManager: Mounting plugin ContentBrowserFileDataSource
LogPluginManager: Mounting plugin OnlineSubsystemGooglePlay
LogPluginManager: Mounting plugin OnlineSubsystemIOS
LogPluginManager: Mounting plugin OculusVR
LogPluginManager: Mounting plugin SteamVR
PixWinPlugin: PIX capture plugin failed to initialize! Check that the process is launched from PIX.
LogInit: Using libcurl 7.55.1-DEV
LogInit:  - built for x86_64-pc-win32
LogInit:  - supports SSL with OpenSSL/1.1.1
LogInit:  - supports HTTP deflate (compression) using libz 1.2.8
LogInit:  - other features:
LogInit:      CURL_VERSION_SSL
LogInit:      CURL_VERSION_LIBZ
LogInit:      CURL_VERSION_IPV6
LogInit:      CURL_VERSION_ASYNCHDNS
LogInit:      CURL_VERSION_LARGEFILE
LogInit:      CURL_VERSION_IDN
LogInit:  CurlRequestOptions (configurable via config and command line):
LogInit:  - bVerifyPeer = true  - Libcurl will verify peer certificate
LogInit:  - bUseHttpProxy = false  - Libcurl will NOT use HTTP proxy
LogInit:  - bDontReuseConnections = false  - Libcurl will reuse connections
LogInit:  - MaxHostConnections = 16  - Libcurl will limit the number of connections to a host
LogInit:  - LocalHostAddr = Default
LogInit:  - BufferSize = 65536
LogOnline: OSS: Creating online subsystem instance for: NULL
LogInit: WinSock: version 1.1 (2.2), MaxSocks=32767, MaxUdp=65467
LogOnline: OSS: TryLoadSubsystemAndSetDefault: Loaded subsystem for module [NULL]
LogOculusPluginWrapper: OculusPlugin initialized successfully
LogHMD: Failed initializing OVRPlugin 1.59.0
LogInit: Build: ++UE4+Release-4.27-CL-18319896
LogInit: Engine Version: 4.27.2-18319896+++UE4+Release-4.27
LogInit: Compatible Engine Version: 4.27.0-17155196+++UE4+Release-4.27
LogInit: Net CL: 17155196
LogInit: OS: Windows 10 (Release 2009) (), CPU: AMD Ryzen 5 2600 Six-Core Processor            , GPU: NVIDIA GeForce GTX 970
LogInit: Compiled (64-bit): Nov 30 2021 07:12:08
LogInit: Compiled with Visual C++: 19.24.28315.00
LogInit: Build Configuration: Development
LogInit: Branch Name: ++UE4+Release-4.27
LogInit: Command Line: 
LogInit: Base Directory: E:/New folder/New folder/unreal/UE_4.27/Engine/Binaries/Win64/
LogInit: Allocator: TBB
LogInit: Installed Engine Build: 1
LogDevObjectVersion: Number of dev versions registered: 29
LogDevObjectVersion:   Dev-Blueprints (B0D832E4-1F89-4F0D-ACCF-7EB736FD4AA2): 10
LogDevObjectVersion:   Dev-Build (E1C64328-A22C-4D53-A36C-8E866417BD8C): 0
LogDevObjectVersion:   Dev-Core (375EC13C-06E4-48FB-B500-84F0262A717E): 4
LogDevObjectVersion:   Dev-Editor (E4B068ED-F494-42E9-A231-DA0B2E46BB41): 40
LogDevObjectVersion:   Dev-Framework (CFFC743F-43B0-4480-9391-14DF171D2073): 37
LogDevObjectVersion:   Dev-Mobile (B02B49B5-BB20-44E9-A304-32B752E40360): 3
LogDevObjectVersion:   Dev-Networking (A4E4105C-59A1-49B5-A7C5-40C4547EDFEE): 0
LogDevObjectVersion:   Dev-Online (39C831C9-5AE6-47DC-9A44-9C173E1C8E7C): 0
LogDevObjectVersion:   Dev-Physics (78F01B33-EBEA-4F98-B9B4-84EACCB95AA2): 14
LogDevObjectVersion:   Dev-Platform (6631380F-2D4D-43E0-8009-CF276956A95A): 0
LogDevObjectVersion:   Dev-Rendering (12F88B9F-8875-4AFC-A67C-D90C383ABD29): 45
LogDevObjectVersion:   Dev-Sequencer (7B5AE74C-D270-4C10-A958-57980B212A5A): 13
LogDevObjectVersion:   Dev-VR (D7296918-1DD6-4BDD-9DE2-64A83CC13884): 3
LogDevObjectVersion:   Dev-LoadTimes (C2A15278-BFE7-4AFE-6C17-90FF531DF755): 1
LogDevObjectVersion:   Private-Geometry (6EACA3D4-40EC-4CC1-B786-8BED09428FC5): 3
LogDevObjectVersion:   Dev-AnimPhys (29E575DD-E0A3-4627-9D10-D276232CDCEA): 17
LogDevObjectVersion:   Dev-Anim (AF43A65D-7FD3-4947-9873-3E8ED9C1BB05): 15
LogDevObjectVersion:   Dev-ReflectionCapture (6B266CEC-1EC7-4B8F-A30B-E4D90942FC07): 1
LogDevObjectVersion:   Dev-Automation (0DF73D61-A23F-47EA-B727-89E90C41499A): 1
LogDevObjectVersion:   FortniteMain (601D1886-AC64-4F84-AA16-D3DE0DEAC7D6): 47
LogDevObjectVersion:   FortniteRelease (E7086368-6B23-4C58-8439-1B7016265E91): 1
LogDevObjectVersion:   Dev-Enterprise (9DFFBCD6-494F-0158-E221-12823C92A888): 10
LogDevObjectVersion:   Dev-Niagara (F2AED0AC-9AFE-416F-8664-AA7FFA26D6FC): 1
LogDevObjectVersion:   Dev-Destruction (174F1F0B-B4C6-45A5-B13F-2EE8D0FB917D): 10
LogDevObjectVersion:   Dev-Physics-Ext (35F94A83-E258-406C-A318-09F59610247C): 41
LogDevObjectVersion:   Dev-PhysicsMaterial-Chaos (B68FC16E-8B1B-42E2-B453-215C058844FE): 1
LogDevObjectVersion:   Dev-CineCamera (B2E18506-4273-CFC2-A54E-F4BB758BBA07): 1
LogDevObjectVersion:   Dev-VirtualProduction (64F58936-FD1B-42BA-BA96-7289D5D0FA4E): 1
LogDevObjectVersion:   Dev-MediaFramework (6F0ED827-A609-4895-9C91-998D90180EA4): 2
LogInit: Presizing for max 25165824 objects, including 0 objects not considered by GC, pre-allocating 0 bytes for permanent pool.
LogConfig: Applying CVar settings from Section [/Script/Engine.StreamingSettings] File [E:/New folder (8)/github/Nottingham_project/MyProject 4.27- mainproject/Saved/Config/Windows/Engine.ini]
LogConfig: Setting CVar [[s.MinBulkDataSizeForAsyncLoading:131072]]
LogConfig: Setting CVar [[s.AsyncLoadingThreadEnabled:0]]
LogConfig: Setting CVar [[s.EventDrivenLoaderEnabled:1]]
LogConfig: Setting CVar [[s.WarnIfTimeLimitExceeded:0]]
LogConfig: Setting CVar [[s.TimeLimitExceededMultiplier:1.5]]
LogConfig: Setting CVar [[s.TimeLimitExceededMinTime:0.005]]
LogConfig: Setting CVar [[s.UseBackgroundLevelStreaming:1]]
LogConfig: Setting CVar [[s.PriorityAsyncLoadingExtraTime:15.0]]
LogConfig: Setting CVar [[s.LevelStreamingActorsUpdateTimeLimit:5.0]]
LogConfig: Setting CVar [[s.PriorityLevelStreamingActorsUpdateExtraTime:5.0]]
LogConfig: Setting CVar [[s.LevelStreamingComponentsRegistrationGranularity:10]]
LogConfig: Setting CVar [[s.UnregisterComponentsTimeLimit:1.0]]
LogConfig: Setting CVar [[s.LevelStreamingComponentsUnregistrationGranularity:5]]
LogConfig: Setting CVar [[s.FlushStreamingOnExit:1]]
LogInit: Object subsystem initialized
LogConfig: Setting CVar [[con.DebugEarlyDefault:1]]
LogConfig: Setting CVar [[r.setres:1280x720]]
[2023.02.07-14.48.45:130][  0]LogConfig: Setting CVar [[r.VSync:0]]
[2023.02.07-14.48.45:130][  0]LogConfig: Setting CVar [[r.RHICmdBypass:0]]
[2023.02.07-14.48.45:130][  0]LogConfig: Applying CVar settings from Section [/Script/Engine.RendererSettings] File [E:/New folder (8)/github/Nottingham_project/MyProject 4.27- mainproject/Saved/Config/Windows/Engine.ini]
[2023.02.07-14.48.45:130][  0]LogConfig: Setting CVar [[r.GPUCrashDebugging:0]]
[2023.02.07-14.48.45:130][  0]LogConfig: Applying CVar settings from Section [/Script/Engine.RendererOverrideSettings] File [E:/New folder (8)/github/Nottingham_project/MyProject 4.27- mainproject/Saved/Config/Windows/Engine.ini]
[2023.02.07-14.48.45:130][  0]LogConfig: Applying CVar settings from Section [/Script/Engine.StreamingSettings] File [E:/New folder (8)/github/Nottingham_project/MyProject 4.27- mainproject/Saved/Config/Windows/Engine.ini]
[2023.02.07-14.48.45:130][  0]LogConfig: Setting CVar [[s.MinBulkDataSizeForAsyncLoading:131072]]
[2023.02.07-14.48.45:130][  0]LogConfig: Setting CVar [[s.AsyncLoadingThreadEnabled:0]]
[2023.02.07-14.48.45:130][  0]LogConfig: Setting CVar [[s.EventDrivenLoaderEnabled:1]]
[2023.02.07-14.48.45:130][  0]LogConfig: Setting CVar [[s.WarnIfTimeLimitExceeded:0]]
[2023.02.07-14.48.45:130][  0]LogConfig: Setting CVar [[s.TimeLimitExceededMultiplier:1.5]]
[2023.02.07-14.48.45:130][  0]LogConfig: Setting CVar [[s.TimeLimitExceededMinTime:0.005]]
[2023.02.07-14.48.45:130][  0]LogConfig: Setting CVar [[s.UseBackgroundLevelStreaming:1]]
[2023.02.07-14.48.45:130][  0]LogConfig: Setting CVar [[s.PriorityAsyncLoadingExtraTime:15.0]]
[2023.02.07-14.48.45:130][  0]LogConfig: Setting CVar [[s.LevelStreamingActorsUpdateTimeLimit:5.0]]
[2023.02.07-14.48.45:130][  0]LogConfig: Setting CVar [[s.PriorityLevelStreamingActorsUpdateExtraTime:5.0]]
[2023.02.07-14.48.45:130][  0]LogConfig: Setting CVar [[s.LevelStreamingComponentsRegistrationGranularity:10]]
[2023.02.07-14.48.45:130][  0]LogConfig: Setting CVar [[s.UnregisterComponentsTimeLimit:1.0]]
[2023.02.07-14.48.45:130][  0]LogConfig: Setting CVar [[s.LevelStreamingComponentsUnregistrationGranularity:5]]
[2023.02.07-14.48.45:130][  0]LogConfig: Setting CVar [[s.FlushStreamingOnExit:1]]
[2023.02.07-14.48.45:130][  0]LogConfig: Applying CVar settings from Section [/Script/Engine.GarbageCollectionSettings] File [E:/New folder (8)/github/Nottingham_project/MyProject 4.27- mainproject/Saved/Config/Windows/Engine.ini]
[2023.02.07-14.48.45:130][  0]LogConfig: Setting CVar [[gc.MaxObjectsNotConsideredByGC:1]]
[2023.02.07-14.48.45:130][  0]LogConfig: Setting CVar [[gc.SizeOfPermanentObjectPool:0]]
[2023.02.07-14.48.45:130][  0]LogConfig: Setting CVar [[gc.FlushStreamingOnGC:0]]
[2023.02.07-14.48.45:130][  0]LogConfig: Setting CVar [[gc.NumRetriesBeforeForcingGC:10]]
[2023.02.07-14.48.45:130][  0]LogConfig: Setting CVar [[gc.AllowParallelGC:1]]
[2023.02.07-14.48.45:130][  0]LogConfig: Setting CVar [[gc.TimeBetweenPurgingPendingKillObjects:61.1]]
[2023.02.07-14.48.45:130][  0]LogConfig: Setting CVar [[gc.MaxObjectsInEditor:25165824]]
[2023.02.07-14.48.45:130][  0]LogConfig: Setting CVar [[gc.IncrementalBeginDestroyEnabled:1]]
[2023.02.07-14.48.45:130][  0]LogConfig: Setting CVar [[gc.CreateGCClusters:1]]
[2023.02.07-14.48.45:130][  0]LogConfig: Setting CVar [[gc.MinGCClusterSize:5]]
[2023.02.07-14.48.45:130][  0]LogConfig: Setting CVar [[gc.ActorClusteringEnabled:0]]
[2023.02.07-14.48.45:130][  0]LogConfig: Setting CVar [[gc.BlueprintClusteringEnabled:0]]
[2023.02.07-14.48.45:130][  0]LogConfig: Setting CVar [[gc.UseDisregardForGCOnDedicatedServers:0]]
[2023.02.07-14.48.45:130][  0]LogConfig: Setting CVar [[gc.MultithreadedDestructionEnabled:1]]
[2023.02.07-14.48.45:130][  0]LogConfig: Applying CVar settings from Section [/Script/Engine.NetworkSettings] File [E:/New folder (8)/github/Nottingham_project/MyProject 4.27- mainproject/Saved/Config/Windows/Engine.ini]
[2023.02.07-14.48.45:130][  0]LogConfig: Applying CVar settings from Section [/Script/UnrealEd.CookerSettings] File [E:/New folder (8)/github/Nottingham_project/MyProject 4.27- mainproject/Saved/Config/Windows/Engine.ini]
[2023.02.07-14.48.45:163][  0]LogConfig: Applying CVar settings from Section [ViewDistanceQuality@3] File [E:/New folder (8)/github/Nottingham_project/MyProject 4.27- mainproject/Saved/Config/Windows/Scalability.ini]
[2023.02.07-14.48.45:163][  0]LogConfig: Setting CVar [[r.SkeletalMeshLODBias:0]]
[2023.02.07-14.48.45:163][  0]LogConfig: Setting CVar [[r.ViewDistanceScale:1.0]]
[2023.02.07-14.48.45:163][  0]LogConfig: Applying CVar settings from Section [AntiAliasingQuality@3] File [E:/New folder (8)/github/Nottingham_project/MyProject 4.27- mainproject/Saved/Config/Windows/Scalability.ini]
[2023.02.07-14.48.45:163][  0]LogConfig: Setting CVar [[r.PostProcessAAQuality:4]]
[2023.02.07-14.48.45:163][  0]LogConfig: Applying CVar settings from Section [ShadowQuality@3] File [E:/New folder (8)/github/Nottingham_project/MyProject 4.27- mainproject/Saved/Config/Windows/Scalability.ini]
[2023.02.07-14.48.45:163][  0]LogConfig: Setting CVar [[r.LightFunctionQuality:1]]
[2023.02.07-14.48.45:163][  0]LogConfig: Setting CVar [[r.ShadowQuality:5]]
[2023.02.07-14.48.45:163][  0]LogConfig: Setting CVar [[r.Shadow.CSM.MaxCascades:10]]
[2023.02.07-14.48.45:163][  0]LogConfig: Setting CVar [[r.Shadow.MaxResolution:2048]]
[2023.02.07-14.48.45:163][  0]LogConfig: Setting CVar [[r.Shadow.MaxCSMResolution:2048]]
[2023.02.07-14.48.45:163][  0]LogConfig: Setting CVar [[r.Shadow.RadiusThreshold:0.01]]
[2023.02.07-14.48.45:163][  0]LogConfig: Setting CVar [[r.Shadow.DistanceScale:1.0]]
[2023.02.07-14.48.45:163][  0]LogConfig: Setting CVar [[r.Shadow.CSM.TransitionScale:1.0]]
[2023.02.07-14.48.45:163][  0]LogConfig: Setting CVar [[r.Shadow.PreShadowResolutionFactor:1.0]]
[2023.02.07-14.48.45:163][  0]LogConfig: Setting CVar [[r.DistanceFieldShadowing:1]]
[2023.02.07-14.48.45:163][  0]LogConfig: Setting CVar [[r.DistanceFieldAO:1]]
[2023.02.07-14.48.45:163][  0]LogConfig: Setting CVar [[r.AOQuality:2]]
[2023.02.07-14.48.45:163][  0]LogConfig: Setting CVar [[r.VolumetricFog:1]]
[2023.02.07-14.48.45:163][  0]LogConfig: Setting CVar [[r.VolumetricFog.GridPixelSize:8]]
[2023.02.07-14.48.45:163][  0]LogConfig: Setting CVar [[r.VolumetricFog.GridSizeZ:128]]
[2023.02.07-14.48.45:163][  0]LogConfig: Setting CVar [[r.VolumetricFog.HistoryMissSupersampleCount:4]]
[2023.02.07-14.48.45:163][  0]LogConfig: Setting CVar [[r.LightMaxDrawDistanceScale:1]]
[2023.02.07-14.48.45:163][  0]LogConfig: Setting CVar [[r.CapsuleShadows:1]]
[2023.02.07-14.48.45:163][  0]LogConfig: Applying CVar settings from Section [PostProcessQuality@3] File [E:/New folder (8)/github/Nottingham_project/MyProject 4.27- mainproject/Saved/Config/Windows/Scalability.ini]
[2023.02.07-14.48.45:163][  0]LogConfig: Setting CVar [[r.MotionBlurQuality:4]]
[2023.02.07-14.48.45:163][  0]LogConfig: Setting CVar [[r.AmbientOcclusionMipLevelFactor:0.4]]
[2023.02.07-14.48.45:163][  0]LogConfig: Setting CVar [[r.AmbientOcclusionMaxQuality:100]]
[2023.02.07-14.48.45:163][  0]LogConfig: Setting CVar [[r.AmbientOcclusionLevels:-1]]
[2023.02.07-14.48.45:163][  0]LogConfig: Setting CVar [[r.AmbientOcclusionRadiusScale:1.0]]
[2023.02.07-14.48.45:163][  0]LogConfig: Setting CVar [[r.DepthOfFieldQuality:2]]
[2023.02.07-14.48.45:163][  0]LogConfig: Setting CVar [[r.RenderTargetPoolMin:400]]
[2023.02.07-14.48.45:163][  0]LogConfig: Setting CVar [[r.LensFlareQuality:2]]
[2023.02.07-14.48.45:163][  0]LogConfig: Setting CVar [[r.SceneColorFringeQuality:1]]
[2023.02.07-14.48.45:163][  0]LogConfig: Setting CVar [[r.EyeAdaptationQuality:2]]
[2023.02.07-14.48.45:163][  0]LogConfig: Setting CVar [[r.BloomQuality:5]]
[2023.02.07-14.48.45:163][  0]LogConfig: Setting CVar [[r.FastBlurThreshold:100]]
[2023.02.07-14.48.45:163][  0]LogConfig: Setting CVar [[r.Upscale.Quality:3]]
[2023.02.07-14.48.45:163][  0]LogConfig: Setting CVar [[r.Tonemapper.GrainQuantization:1]]
[2023.02.07-14.48.45:163][  0]LogConfig: Setting CVar [[r.LightShaftQuality:1]]
[2023.02.07-14.48.45:163][  0]LogConfig: Setting CVar [[r.Filter.SizeScale:1]]
[2023.02.07-14.48.45:163][  0]LogConfig: Setting CVar [[r.Tonemapper.Quality:5]]
[2023.02.07-14.48.45:163][  0]LogConfig: Setting CVar [[r.DOF.Gather.AccumulatorQuality:1        ; higher gathering accumulator quality]]
[2023.02.07-14.48.45:163][  0]LogConfig: Setting CVar [[r.DOF.Gather.PostfilterMethod:1          ; Median3x3 postfilering method]]
[2023.02.07-14.48.45:163][  0]LogConfig: Setting CVar [[r.DOF.Gather.EnableBokehSettings:0       ; no bokeh simulation when gathering]]
[2023.02.07-14.48.45:163][  0]LogConfig: Setting CVar [[r.DOF.Gather.RingCount:4                 ; medium number of samples when gathering]]
[2023.02.07-14.48.45:163][  0]LogConfig: Setting CVar [[r.DOF.Scatter.ForegroundCompositing:1    ; additive foreground scattering]]
[2023.02.07-14.48.45:163][  0]LogConfig: Setting CVar [[r.DOF.Scatter.BackgroundCompositing:2    ; additive background scattering]]
[2023.02.07-14.48.45:163][  0]LogConfig: Setting CVar [[r.DOF.Scatter.EnableBokehSettings:1      ; bokeh simulation when scattering]]
[2023.02.07-14.48.45:163][  0]LogConfig: Setting CVar [[r.DOF.Scatter.MaxSpriteRatio:0.1         ; only a maximum of 10% of scattered bokeh]]
[2023.02.07-14.48.45:163][  0]LogConfig: Setting CVar [[r.DOF.Recombine.Quality:1                ; cheap slight out of focus]]
[2023.02.07-14.48.45:163][  0]LogConfig: Setting CVar [[r.DOF.Recombine.EnableBokehSettings:0    ; no bokeh simulation on slight out of focus]]
[2023.02.07-14.48.45:164][  0]LogConfig: Setting CVar [[r.DOF.TemporalAAQuality:1                ; more stable temporal accumulation]]
[2023.02.07-14.48.45:164][  0]LogConfig: Setting CVar [[r.DOF.Kernel.MaxForegroundRadius:0.025]]
[2023.02.07-14.48.45:164][  0]LogConfig: Setting CVar [[r.DOF.Kernel.MaxBackgroundRadius:0.025]]
[2023.02.07-14.48.45:164][  0]LogConfig: Applying CVar settings from Section [TextureQuality@3] File [E:/New folder (8)/github/Nottingham_project/MyProject 4.27- mainproject/Saved/Config/Windows/Scalability.ini]
[2023.02.07-14.48.45:164][  0]LogConfig: Setting CVar [[r.Streaming.MipBias:0]]
[2023.02.07-14.48.45:164][  0]LogConfig: Setting CVar [[r.Streaming.AmortizeCPUToGPUCopy:0]]
[2023.02.07-14.48.45:164][  0]LogConfig: Setting CVar [[r.Streaming.MaxNumTexturesToStreamPerFrame:0]]
[2023.02.07-14.48.45:164][  0]LogConfig: Setting CVar [[r.Streaming.Boost:1]]
[2023.02.07-14.48.45:164][  0]LogConfig: Setting CVar [[r.MaxAnisotropy:8]]
[2023.02.07-14.48.45:164][  0]LogConfig: Setting CVar [[r.VT.MaxAnisotropy:8]]
[2023.02.07-14.48.45:164][  0]LogConfig: Setting CVar [[r.Streaming.LimitPoolSizeToVRAM:0]]
[2023.02.07-14.48.45:164][  0]LogConfig: Setting CVar [[r.Streaming.PoolSize:1000]]
[2023.02.07-14.48.45:164][  0]LogConfig: Setting CVar [[r.Streaming.MaxEffectiveScreenSize:0]]
[2023.02.07-14.48.45:164][  0]LogConfig: Applying CVar settings from Section [EffectsQuality@3] File [E:/New folder (8)/github/Nottingham_project/MyProject 4.27- mainproject/Saved/Config/Windows/Scalability.ini]
[2023.02.07-14.48.45:164][  0]LogConfig: Setting CVar [[r.TranslucencyLightingVolumeDim:64]]
[2023.02.07-14.48.45:164][  0]LogConfig: Setting CVar [[r.RefractionQuality:2]]
[2023.02.07-14.48.45:164][  0]LogConfig: Setting CVar [[r.SSR.Quality:3]]
[2023.02.07-14.48.45:164][  0]LogConfig: Setting CVar [[r.SSR.HalfResSceneColor:0]]
[2023.02.07-14.48.45:164][  0]LogConfig: Setting CVar [[r.SceneColorFormat:4]]
[2023.02.07-14.48.45:164][  0]LogConfig: Setting CVar [[r.DetailMode:2]]
[2023.02.07-14.48.45:164][  0]LogConfig: Setting CVar [[r.TranslucencyVolumeBlur:1]]
[2023.02.07-14.48.45:164][  0]LogConfig: Setting CVar [[r.MaterialQualityLevel:1 ; High quality]]
[2023.02.07-14.48.45:164][  0]LogConfig: Setting CVar [[r.AnisotropicMaterials:1]]
[2023.02.07-14.48.45:164][  0]LogConfig: Setting CVar [[r.SSS.Scale:1]]
[2023.02.07-14.48.45:164][  0]LogConfig: Setting CVar [[r.SSS.SampleSet:2]]
[2023.02.07-14.48.45:164][  0]LogConfig: Setting CVar [[r.SSS.Quality:1]]
[2023.02.07-14.48.45:164][  0]LogConfig: Setting CVar [[r.SSS.HalfRes:0]]
[2023.02.07-14.48.45:164][  0]LogConfig: Setting CVar [[r.SSGI.Quality:3]]
[2023.02.07-14.48.45:164][  0]LogConfig: Setting CVar [[r.EmitterSpawnRateScale:1.0]]
[2023.02.07-14.48.45:164][  0]LogConfig: Setting CVar [[r.ParticleLightQuality:2]]
[2023.02.07-14.48.45:164][  0]LogConfig: Setting CVar [[r.SkyAtmosphere.AerialPerspectiveLUT.FastApplyOnOpaque:1 ; Always have FastSkyLUT 1 in this case to avoid wrong sky]]
[2023.02.07-14.48.45:164][  0]LogConfig: Setting CVar [[r.SkyAtmosphere.AerialPerspectiveLUT.SampleCountMaxPerSlice:4]]
[2023.02.07-14.48.45:164][  0]LogConfig: Setting CVar [[r.SkyAtmosphere.AerialPerspectiveLUT.DepthResolution:16.0]]
[2023.02.07-14.48.45:164][  0]LogConfig: Setting CVar [[r.SkyAtmosphere.FastSkyLUT:1]]
[2023.02.07-14.48.45:164][  0]LogConfig: Setting CVar [[r.SkyAtmosphere.FastSkyLUT.SampleCountMin:4.0]]
[2023.02.07-14.48.45:164][  0]LogConfig: Setting CVar [[r.SkyAtmosphere.FastSkyLUT.SampleCountMax:128.0]]
[2023.02.07-14.48.45:164][  0]LogConfig: Setting CVar [[r.SkyAtmosphere.SampleCountMin:4.0]]
[2023.02.07-14.48.45:164][  0]LogConfig: Setting CVar [[r.SkyAtmosphere.SampleCountMax:128.0]]
[2023.02.07-14.48.45:164][  0]LogConfig: Setting CVar [[r.SkyAtmosphere.TransmittanceLUT.UseSmallFormat:0]]
[2023.02.07-14.48.45:164][  0]LogConfig: Setting CVar [[r.SkyAtmosphere.TransmittanceLUT.SampleCount:10.0]]
[2023.02.07-14.48.45:164][  0]LogConfig: Setting CVar [[r.SkyAtmosphere.MultiScatteringLUT.SampleCount:15.0]]
[2023.02.07-14.48.45:164][  0]LogConfig: Setting CVar [[r.SkyLight.RealTimeReflectionCapture:1]]
[2023.02.07-14.48.45:164][  0]LogConfig: Applying CVar settings from Section [FoliageQuality@3] File [E:/New folder (8)/github/Nottingham_project/MyProject 4.27- mainproject/Saved/Config/Windows/Scalability.ini]
[2023.02.07-14.48.45:164][  0]LogConfig: Setting CVar [[foliage.DensityScale:1.0]]
[2023.02.07-14.48.45:164][  0]LogConfig: Setting CVar [[grass.DensityScale:1.0]]
[2023.02.07-14.48.45:164][  0]LogConfig: Applying CVar settings from Section [ShadingQuality@3] File [E:/New folder (8)/github/Nottingham_project/MyProject 4.27- mainproject/Saved/Config/Windows/Scalability.ini]
[2023.02.07-14.48.45:164][  0]LogConfig: Setting CVar [[r.HairStrands.SkyLighting.IntegrationType:2]]
[2023.02.07-14.48.45:164][  0]LogConfig: Setting CVar [[r.HairStrands.SkyAO.SampleCount:4]]
[2023.02.07-14.48.45:164][  0]LogConfig: Setting CVar [[r.HairStrands.Visibility.MSAA.SamplePerPixel:4]]
[2023.02.07-14.48.45:164][  0]LogInit: Selected Device Profile: [Windows]
[2023.02.07-14.48.45:164][  0]LogInit: Applying CVar settings loaded from the selected device profile: [Windows]
[2023.02.07-14.48.45:164][  0]LogHAL: Display: Platform has ~ 16 GB [17125842944 / 17179869184 / 16], which maps to Larger [LargestMinGB=32, LargerMinGB=12, DefaultMinGB=8, SmallerMinGB=6, SmallestMinGB=0)
[2023.02.07-14.48.45:164][  0]LogInit: Going up to parent DeviceProfile []
[2023.02.07-14.48.45:164][  0]LogConfig: Applying CVar settings from Section [ViewDistanceQuality@3] File [E:/New folder (8)/github/Nottingham_project/MyProject 4.27- mainproject/Saved/Config/Windows/Scalability.ini]
[2023.02.07-14.48.45:164][  0]LogConfig: Setting CVar [[r.SkeletalMeshLODBias:0]]
[2023.02.07-14.48.45:164][  0]LogConfig: Setting CVar [[r.ViewDistanceScale:1.0]]
[2023.02.07-14.48.45:164][  0]LogConfig: Applying CVar settings from Section [AntiAliasingQuality@3] File [E:/New folder (8)/github/Nottingham_project/MyProject 4.27- mainproject/Saved/Config/Windows/Scalability.ini]
[2023.02.07-14.48.45:164][  0]LogConfig: Setting CVar [[r.PostProcessAAQuality:4]]
[2023.02.07-14.48.45:164][  0]LogConfig: Applying CVar settings from Section [ShadowQuality@3] File [E:/New folder (8)/github/Nottingham_project/MyProject 4.27- mainproject/Saved/Config/Windows/Scalability.ini]
[2023.02.07-14.48.45:164][  0]LogConfig: Setting CVar [[r.LightFunctionQuality:1]]
[2023.02.07-14.48.45:164][  0]LogConfig: Setting CVar [[r.ShadowQuality:5]]
[2023.02.07-14.48.45:164][  0]LogConfig: Setting CVar [[r.Shadow.CSM.MaxCascades:10]]
[2023.02.07-14.48.45:164][  0]LogConfig: Setting CVar [[r.Shadow.MaxResolution:2048]]
[2023.02.07-14.48.45:164][  0]LogConfig: Setting CVar [[r.Shadow.MaxCSMResolution:2048]]
[2023.02.07-14.48.45:164][  0]LogConfig: Setting CVar [[r.Shadow.RadiusThreshold:0.01]]
[2023.02.07-14.48.45:164][  0]LogConfig: Setting CVar [[r.Shadow.DistanceScale:1.0]]
[2023.02.07-14.48.45:165][  0]LogConfig: Setting CVar [[r.Shadow.CSM.TransitionScale:1.0]]
[2023.02.07-14.48.45:165][  0]LogConfig: Setting CVar [[r.Shadow.PreShadowResolutionFactor:1.0]]
[2023.02.07-14.48.45:165][  0]LogConfig: Setting CVar [[r.DistanceFieldShadowing:1]]
[2023.02.07-14.48.45:165][  0]LogConfig: Setting CVar [[r.DistanceFieldAO:1]]
[2023.02.07-14.48.45:165][  0]LogConfig: Setting CVar [[r.AOQuality:2]]
[2023.02.07-14.48.45:165][  0]LogConfig: Setting CVar [[r.VolumetricFog:1]]
[2023.02.07-14.48.45:165][  0]LogConfig: Setting CVar [[r.VolumetricFog.GridPixelSize:8]]
[2023.02.07-14.48.45:165][  0]LogConfig: Setting CVar [[r.VolumetricFog.GridSizeZ:128]]
[2023.02.07-14.48.45:165][  0]LogConfig: Setting CVar [[r.VolumetricFog.HistoryMissSupersampleCount:4]]
[2023.02.07-14.48.45:165][  0]LogConfig: Setting CVar [[r.LightMaxDrawDistanceScale:1]]
[2023.02.07-14.48.45:165][  0]LogConfig: Setting CVar [[r.CapsuleShadows:1]]
[2023.02.07-14.48.45:165][  0]LogConfig: Applying CVar settings from Section [PostProcessQuality@3] File [E:/New folder (8)/github/Nottingham_project/MyProject 4.27- mainproject/Saved/Config/Windows/Scalability.ini]
[2023.02.07-14.48.45:165][  0]LogConfig: Setting CVar [[r.MotionBlurQuality:4]]
[2023.02.07-14.48.45:165][  0]LogConfig: Setting CVar [[r.AmbientOcclusionMipLevelFactor:0.4]]
[2023.02.07-14.48.45:165][  0]LogConfig: Setting CVar [[r.AmbientOcclusionMaxQuality:100]]
[2023.02.07-14.48.45:165][  0]LogConfig: Setting CVar [[r.AmbientOcclusionLevels:-1]]
[2023.02.07-14.48.45:165][  0]LogConfig: Setting CVar [[r.AmbientOcclusionRadiusScale:1.0]]
[2023.02.07-14.48.45:165][  0]LogConfig: Setting CVar [[r.DepthOfFieldQuality:2]]
[2023.02.07-14.48.45:165][  0]LogConfig: Setting CVar [[r.RenderTargetPoolMin:400]]
[2023.02.07-14.48.45:165][  0]LogConfig: Setting CVar [[r.LensFlareQuality:2]]
[2023.02.07-14.48.45:165][  0]LogConfig: Setting CVar [[r.SceneColorFringeQuality:1]]
[2023.02.07-14.48.45:165][  0]LogConfig: Setting CVar [[r.EyeAdaptationQuality:2]]
[2023.02.07-14.48.45:165][  0]LogConfig: Setting CVar [[r.BloomQuality:5]]
[2023.02.07-14.48.45:165][  0]LogConfig: Setting CVar [[r.FastBlurThreshold:100]]
[2023.02.07-14.48.45:165][  0]LogConfig: Setting CVar [[r.Upscale.Quality:3]]
[2023.02.07-14.48.45:165][  0]LogConfig: Setting CVar [[r.Tonemapper.GrainQuantization:1]]
[2023.02.07-14.48.45:165][  0]LogConfig: Setting CVar [[r.LightShaftQuality:1]]
[2023.02.07-14.48.45:165][  0]LogConfig: Setting CVar [[r.Filter.SizeScale:1]]
[2023.02.07-14.48.45:165][  0]LogConfig: Setting CVar [[r.Tonemapper.Quality:5]]
[2023.02.07-14.48.45:165][  0]LogConfig: Setting CVar [[r.DOF.Gather.AccumulatorQuality:1        ; higher gathering accumulator quality]]
[2023.02.07-14.48.45:165][  0]LogConfig: Setting CVar [[r.DOF.Gather.PostfilterMethod:1          ; Median3x3 postfilering method]]
[2023.02.07-14.48.45:165][  0]LogConfig: Setting CVar [[r.DOF.Gather.EnableBokehSettings:0       ; no bokeh simulation when gathering]]
[2023.02.07-14.48.45:165][  0]LogConfig: Setting CVar [[r.DOF.Gather.RingCount:4                 ; medium number of samples when gathering]]
[2023.02.07-14.48.45:165][  0]LogConfig: Setting CVar [[r.DOF.Scatter.ForegroundCompositing:1    ; additive foreground scattering]]
[2023.02.07-14.48.45:165][  0]LogConfig: Setting CVar [[r.DOF.Scatter.BackgroundCompositing:2    ; additive background scattering]]
[2023.02.07-14.48.45:165][  0]LogConfig: Setting CVar [[r.DOF.Scatter.EnableBokehSettings:1      ; bokeh simulation when scattering]]
[2023.02.07-14.48.45:165][  0]LogConfig: Setting CVar [[r.DOF.Scatter.MaxSpriteRatio:0.1         ; only a maximum of 10% of scattered bokeh]]
[2023.02.07-14.48.45:165][  0]LogConfig: Setting CVar [[r.DOF.Recombine.Quality:1                ; cheap slight out of focus]]
[2023.02.07-14.48.45:165][  0]LogConfig: Setting CVar [[r.DOF.Recombine.EnableBokehSettings:0    ; no bokeh simulation on slight out of focus]]
[2023.02.07-14.48.45:165][  0]LogConfig: Setting CVar [[r.DOF.TemporalAAQuality:1                ; more stable temporal accumulation]]
[2023.02.07-14.48.45:165][  0]LogConfig: Setting CVar [[r.DOF.Kernel.MaxForegroundRadius:0.025]]
[2023.02.07-14.48.45:165][  0]LogConfig: Setting CVar [[r.DOF.Kernel.MaxBackgroundRadius:0.025]]
[2023.02.07-14.48.45:165][  0]LogConfig: Applying CVar settings from Section [TextureQuality@3] File [E:/New folder (8)/github/Nottingham_project/MyProject 4.27- mainproject/Saved/Config/Windows/Scalability.ini]
[2023.02.07-14.48.45:165][  0]LogConfig: Setting CVar [[r.Streaming.MipBias:0]]
[2023.02.07-14.48.45:165][  0]LogConfig: Setting CVar [[r.Streaming.AmortizeCPUToGPUCopy:0]]
[2023.02.07-14.48.45:165][  0]LogConfig: Setting CVar [[r.Streaming.MaxNumTexturesToStreamPerFrame:0]]
[2023.02.07-14.48.45:165][  0]LogConfig: Setting CVar [[r.Streaming.Boost:1]]
[2023.02.07-14.48.45:165][  0]LogConfig: Setting CVar [[r.MaxAnisotropy:8]]
[2023.02.07-14.48.45:165][  0]LogConfig: Setting CVar [[r.VT.MaxAnisotropy:8]]
[2023.02.07-14.48.45:165][  0]LogConfig: Setting CVar [[r.Streaming.LimitPoolSizeToVRAM:0]]
[2023.02.07-14.48.45:165][  0]LogConfig: Setting CVar [[r.Streaming.PoolSize:1000]]
[2023.02.07-14.48.45:165][  0]LogConfig: Setting CVar [[r.Streaming.MaxEffectiveScreenSize:0]]
[2023.02.07-14.48.45:165][  0]LogConfig: Applying CVar settings from Section [EffectsQuality@3] File [E:/New folder (8)/github/Nottingham_project/MyProject 4.27- mainproject/Saved/Config/Windows/Scalability.ini]
[2023.02.07-14.48.45:165][  0]LogConfig: Setting CVar [[r.TranslucencyLightingVolumeDim:64]]
[2023.02.07-14.48.45:165][  0]LogConfig: Setting CVar [[r.RefractionQuality:2]]
[2023.02.07-14.48.45:165][  0]LogConfig: Setting CVar [[r.SSR.Quality:3]]
[2023.02.07-14.48.45:165][  0]LogConfig: Setting CVar [[r.SSR.HalfResSceneColor:0]]
[2023.02.07-14.48.45:165][  0]LogConfig: Setting CVar [[r.SceneColorFormat:4]]
[2023.02.07-14.48.45:165][  0]LogConfig: Setting CVar [[r.DetailMode:2]]
[2023.02.07-14.48.45:165][  0]LogConfig: Setting CVar [[r.TranslucencyVolumeBlur:1]]
[2023.02.07-14.48.45:165][  0]LogConfig: Setting CVar [[r.MaterialQualityLevel:1 ; High quality]]
[2023.02.07-14.48.45:165][  0]LogConfig: Setting CVar [[r.AnisotropicMaterials:1]]
[2023.02.07-14.48.45:165][  0]LogConfig: Setting CVar [[r.SSS.Scale:1]]
[2023.02.07-14.48.45:165][  0]LogConfig: Setting CVar [[r.SSS.SampleSet:2]]
[2023.02.07-14.48.45:165][  0]LogConfig: Setting CVar [[r.SSS.Quality:1]]
[2023.02.07-14.48.45:165][  0]LogConfig: Setting CVar [[r.SSS.HalfRes:0]]
[2023.02.07-14.48.45:165][  0]LogConfig: Setting CVar [[r.SSGI.Quality:3]]
[2023.02.07-14.48.45:165][  0]LogConfig: Setting CVar [[r.EmitterSpawnRateScale:1.0]]
[2023.02.07-14.48.45:165][  0]LogConfig: Setting CVar [[r.ParticleLightQuality:2]]
[2023.02.07-14.48.45:165][  0]LogConfig: Setting CVar [[r.SkyAtmosphere.AerialPerspectiveLUT.FastApplyOnOpaque:1 ; Always have FastSkyLUT 1 in this case to avoid wrong sky]]
[2023.02.07-14.48.45:165][  0]LogConfig: Setting CVar [[r.SkyAtmosphere.AerialPerspectiveLUT.SampleCountMaxPerSlice:4]]
[2023.02.07-14.48.45:165][  0]LogConfig: Setting CVar [[r.SkyAtmosphere.AerialPerspectiveLUT.DepthResolution:16.0]]
[2023.02.07-14.48.45:165][  0]LogConfig: Setting CVar [[r.SkyAtmosphere.FastSkyLUT:1]]
[2023.02.07-14.48.45:165][  0]LogConfig: Setting CVar [[r.SkyAtmosphere.FastSkyLUT.SampleCountMin:4.0]]
[2023.02.07-14.48.45:165][  0]LogConfig: Setting CVar [[r.SkyAtmosphere.FastSkyLUT.SampleCountMax:128.0]]
[2023.02.07-14.48.45:165][  0]LogConfig: Setting CVar [[r.SkyAtmosphere.SampleCountMin:4.0]]
[2023.02.07-14.48.45:165][  0]LogConfig: Setting CVar [[r.SkyAtmosphere.SampleCountMax:128.0]]
[2023.02.07-14.48.45:165][  0]LogConfig: Setting CVar [[r.SkyAtmosphere.TransmittanceLUT.UseSmallFormat:0]]
[2023.02.07-14.48.45:166][  0]LogConfig: Setting CVar [[r.SkyAtmosphere.TransmittanceLUT.SampleCount:10.0]]
[2023.02.07-14.48.45:166][  0]LogConfig: Setting CVar [[r.SkyAtmosphere.MultiScatteringLUT.SampleCount:15.0]]
[2023.02.07-14.48.45:166][  0]LogConfig: Setting CVar [[r.SkyLight.RealTimeReflectionCapture:1]]
[2023.02.07-14.48.45:166][  0]LogConfig: Applying CVar settings from Section [FoliageQuality@3] File [E:/New folder (8)/github/Nottingham_project/MyProject 4.27- mainproject/Saved/Config/Windows/Scalability.ini]
[2023.02.07-14.48.45:166][  0]LogConfig: Setting CVar [[foliage.DensityScale:1.0]]
[2023.02.07-14.48.45:166][  0]LogConfig: Setting CVar [[grass.DensityScale:1.0]]
[2023.02.07-14.48.45:166][  0]LogConfig: Applying CVar settings from Section [ShadingQuality@3] File [E:/New folder (8)/github/Nottingham_project/MyProject 4.27- mainproject/Saved/Config/Windows/Scalability.ini]
[2023.02.07-14.48.45:166][  0]LogConfig: Setting CVar [[r.HairStrands.SkyLighting.IntegrationType:2]]
[2023.02.07-14.48.45:166][  0]LogConfig: Setting CVar [[r.HairStrands.SkyAO.SampleCount:4]]
[2023.02.07-14.48.45:166][  0]LogConfig: Setting CVar [[r.HairStrands.Visibility.MSAA.SamplePerPixel:4]]
[2023.02.07-14.48.45:166][  0]LogConfig: Applying CVar settings from Section [Startup] File [../../../Engine/Config/ConsoleVariables.ini]
[2023.02.07-14.48.45:166][  0]LogConfig: Setting CVar [[net.UseAdaptiveNetUpdateFrequency:0]]
[2023.02.07-14.48.45:166][  0]LogConfig: Setting CVar [[p.chaos.AllowCreatePhysxBodies:1]]
[2023.02.07-14.48.45:166][  0]LogConfig: Setting CVar [[fx.SkipVectorVMBackendOptimizations:1]]
[2023.02.07-14.48.45:166][  0]LogConfig: Applying CVar settings from Section [ConsoleVariables] File [E:/New folder (8)/github/Nottingham_project/MyProject 4.27- mainproject/Saved/Config/Windows/Engine.ini]
[2023.02.07-14.48.45:166][  0]LogConfig: Applying CVar settings from Section [ConsoleVariables] File [E:/New folder (8)/github/Nottingham_project/MyProject 4.27- mainproject/Saved/Config/Windows/Editor.ini]
[2023.02.07-14.48.45:166][  0]LogInit: Computer: LIAMSPC
[2023.02.07-14.48.45:166][  0]LogInit: User: Liam
[2023.02.07-14.48.45:166][  0]LogInit: CPU Page size=4096, Cores=6
[2023.02.07-14.48.45:166][  0]LogInit: High frequency timer resolution =10.000000 MHz
[2023.02.07-14.48.45:166][  0]LogMemory: Memory total: Physical=15.9GB (16GB approx)
[2023.02.07-14.48.45:166][  0]LogMemory: Platform Memory Stats for Windows
[2023.02.07-14.48.45:166][  0]LogMemory: Process Physical Memory: 149.40 MB used, 149.41 MB peak
[2023.02.07-14.48.45:166][  0]LogMemory: Process Virtual Memory: 132.89 MB used, 132.89 MB peak
[2023.02.07-14.48.45:166][  0]LogMemory: Physical Memory: 8148.36 MB used,  8184.12 MB free, 16332.48 MB total
[2023.02.07-14.48.45:166][  0]LogMemory: Virtual Memory: 134194104.00 MB used,  23622.83 MB free, 134217728.00 MB total
[2023.02.07-14.48.45:175][  0]LogWindows: WindowsPlatformFeatures enabled
[2023.02.07-14.48.45:304][  0]LogInit: Physics initialised using underlying interface: PhysX
[2023.02.07-14.48.45:306][  0]LogInit: Using OS detected language (en-GB).
[2023.02.07-14.48.45:306][  0]LogInit: Using OS detected locale (en-GB).
[2023.02.07-14.48.45:318][  0]LogTextLocalizationManager: No specific localization for 'en-GB' exists, so the 'en' localization will be used.
[2023.02.07-14.48.45:567][  0]LogInit: Setting process to per monitor DPI aware
[2023.02.07-14.48.45:585][  0]LogWindowsTextInputMethodSystem: Display: IME system deactivated.
[2023.02.07-14.48.45:619][  0]LogSlate: New Slate User Created.  User Index 0, Is Virtual User: 0
[2023.02.07-14.48.45:619][  0]LogSlate: Slate User Registered.  User Index 0, Is Virtual User: 0
[2023.02.07-14.48.45:913][  0]LogD3D11RHI: Loaded GFSDK_Aftermath_Lib.x64.dll
[2023.02.07-14.48.45:917][  0]LogHMD: Failed to initialize OpenVR with code 110
[2023.02.07-14.48.45:917][  0]LogD3D11RHI: D3D11 min allowed feature level: 11_0
[2023.02.07-14.48.45:917][  0]LogD3D11RHI: D3D11 max allowed feature level: 11_0
[2023.02.07-14.48.45:917][  0]LogD3D11RHI: D3D11 adapters:
[2023.02.07-14.48.46:073][  0]LogD3D11RHI:    0. 'NVIDIA GeForce GTX 970' (Feature Level 11_0)
[2023.02.07-14.48.46:073][  0]LogD3D11RHI:       4043/0/8166 MB DedicatedVideo/DedicatedSystem/SharedSystem, Outputs:3, VendorId:0x10de
[2023.02.07-14.48.46:076][  0]LogD3D11RHI:    1. 'Microsoft Basic Render Driver' (Feature Level 11_0)
[2023.02.07-14.48.46:076][  0]LogD3D11RHI:       0/0/8166 MB DedicatedVideo/DedicatedSystem/SharedSystem, Outputs:0, VendorId:0x1414
[2023.02.07-14.48.46:076][  0]LogD3D11RHI: Chosen D3D11 Adapter:
[2023.02.07-14.48.46:077][  0]LogD3D11RHI:     Description : NVIDIA GeForce GTX 970
[2023.02.07-14.48.46:077][  0]LogD3D11RHI:     VendorId    : 10de
[2023.02.07-14.48.46:077][  0]LogD3D11RHI:     DeviceId    : 13c2
[2023.02.07-14.48.46:077][  0]LogD3D11RHI:     SubSysId    : 85081043
[2023.02.07-14.48.46:077][  0]LogD3D11RHI:     Revision    : 00a1
[2023.02.07-14.48.46:077][  0]LogD3D11RHI:     DedicatedVideoMemory : 4239654912 bytes
[2023.02.07-14.48.46:077][  0]LogD3D11RHI:     DedicatedSystemMemory : 0 bytes
[2023.02.07-14.48.46:077][  0]LogD3D11RHI:     SharedSystemMemory : 8562921472 bytes
[2023.02.07-14.48.46:077][  0]LogD3D11RHI:     AdapterLuid : 0 74265
[2023.02.07-14.48.46:084][  0]LogD3D11RHI: Creating new Direct3DDevice
[2023.02.07-14.48.46:084][  0]LogD3D11RHI:     GPU DeviceId: 0x13c2 (for the marketing name, search the web for "GPU Device Id")
[2023.02.07-14.48.46:084][  0]LogWindows: EnumDisplayDevices:
[2023.02.07-14.48.46:084][  0]LogWindows:    0. 'NVIDIA GeForce GTX 970' (P:1 D:1)
[2023.02.07-14.48.46:085][  0]LogWindows:    1. 'NVIDIA GeForce GTX 970' (P:0 D:1)
[2023.02.07-14.48.46:085][  0]LogWindows:    2. 'NVIDIA GeForce GTX 970' (P:0 D:1)
[2023.02.07-14.48.46:085][  0]LogWindows:    3. 'NVIDIA GeForce GTX 970' (P:0 D:0)
[2023.02.07-14.48.46:085][  0]LogWindows: DebugString: FoundDriverCount:4 
[2023.02.07-14.48.46:086][  0]LogD3D11RHI:     Adapter Name: NVIDIA GeForce GTX 970
[2023.02.07-14.48.46:086][  0]LogD3D11RHI:   Driver Version: 516.94 (internal:31.0.15.1694, unified:516.94)
[2023.02.07-14.48.46:086][  0]LogD3D11RHI:      Driver Date: 7-21-2022
[2023.02.07-14.48.46:086][  0]LogRHI: Texture pool is 2830 MB (70% of 4043 MB)
[2023.02.07-14.48.46:086][  0]LogD3D11RHI: Creating D3DDevice using adapter:
[2023.02.07-14.48.46:086][  0]LogD3D11RHI:     Description : NVIDIA GeForce GTX 970
[2023.02.07-14.48.46:086][  0]LogD3D11RHI:     VendorId    : 10de
[2023.02.07-14.48.46:086][  0]LogD3D11RHI:     DeviceId    : 13c2
[2023.02.07-14.48.46:086][  0]LogD3D11RHI:     SubSysId    : 85081043
[2023.02.07-14.48.46:086][  0]LogD3D11RHI:     Revision    : 00a1
[2023.02.07-14.48.46:086][  0]LogD3D11RHI:     DedicatedVideoMemory : 4239654912 bytes
[2023.02.07-14.48.46:086][  0]LogD3D11RHI:     DedicatedSystemMemory : 0 bytes
[2023.02.07-14.48.46:086][  0]LogD3D11RHI:     SharedSystemMemory : 8562921472 bytes
[2023.02.07-14.48.46:086][  0]LogD3D11RHI:     AdapterLuid : 0 74265
[2023.02.07-14.48.46:158][  0]LogD3D11RHI: RHI has support for 64 bit atomics
[2023.02.07-14.48.46:158][  0]LogD3D11RHI: Async texture creation enabled
[2023.02.07-14.48.46:158][  0]LogD3D11RHI: Array index from any shader is supported
[2023.02.07-14.48.46:181][  0]LogD3D11RHI: GPU Timing Frequency: 1000.000000 (Debug: 2 1)
[2023.02.07-14.48.46:320][  0]LogRHI: GeForceNow SDK initialized: 1
[2023.02.07-14.48.46:860][  0]LogTargetPlatformManager: Display: Loaded TargetPlatform 'AllDesktop'
[2023.02.07-14.48.46:889][  0]LogTargetPlatformManager: Display: Loaded TargetPlatform 'Android'
[2023.02.07-14.48.46:889][  0]LogTargetPlatformManager: Display: Loaded TargetPlatform 'Android_ASTC'
[2023.02.07-14.48.46:889][  0]LogTargetPlatformManager: Display: Loaded TargetPlatform 'Android_DXT'
[2023.02.07-14.48.46:889][  0]LogTargetPlatformManager: Display: Loaded TargetPlatform 'Android_ETC2'
[2023.02.07-14.48.46:889][  0]LogTargetPlatformManager: Display: Loaded TargetPlatform 'AndroidClient'
[2023.02.07-14.48.46:889][  0]LogTargetPlatformManager: Display: Loaded TargetPlatform 'Android_ASTCClient'
[2023.02.07-14.48.46:889][  0]LogTargetPlatformManager: Display: Loaded TargetPlatform 'Android_DXTClient'
[2023.02.07-14.48.46:889][  0]LogTargetPlatformManager: Display: Loaded TargetPlatform 'Android_ETC2Client'
[2023.02.07-14.48.46:889][  0]LogTargetPlatformManager: Display: Loaded TargetPlatform 'Android_Multi'
[2023.02.07-14.48.46:889][  0]LogTargetPlatformManager: Display: Loaded TargetPlatform 'Android_MultiClient'
[2023.02.07-14.48.46:916][  0]LogTargetPlatformManager: Display: Loaded TargetPlatform 'IOSClient'
[2023.02.07-14.48.46:916][  0]LogTargetPlatformManager: Display: Loaded TargetPlatform 'IOS'
[2023.02.07-14.48.46:932][  0]LogTargetPlatformManager: Display: Loaded TargetPlatform 'Linux'
[2023.02.07-14.48.46:939][  0]LogTargetPlatformManager: Display: Loaded TargetPlatform 'LinuxNoEditor'
[2023.02.07-14.48.46:945][  0]LogTargetPlatformManager: Display: Loaded TargetPlatform 'LinuxClient'
[2023.02.07-14.48.46:952][  0]LogTargetPlatformManager: Display: Loaded TargetPlatform 'LinuxServer'
[2023.02.07-14.48.46:968][  0]LogTargetPlatformManager: Display: Loaded TargetPlatform 'LinuxAArch64NoEditor'
[2023.02.07-14.48.46:974][  0]LogTargetPlatformManager: Display: Loaded TargetPlatform 'LinuxAArch64Client'
[2023.02.07-14.48.46:981][  0]LogTargetPlatformManager: Display: Loaded TargetPlatform 'LinuxAArch64Server'
[2023.02.07-14.48.47:019][  0]LogTargetPlatformManager: Display: Loaded TargetPlatform 'Lumin'
[2023.02.07-14.48.47:019][  0]LogTargetPlatformManager: Display: Loaded TargetPlatform 'LuminClient'
[2023.02.07-14.48.47:033][  0]LogTargetPlatformManager: Display: Loaded TargetPlatform 'MacNoEditor'
[2023.02.07-14.48.47:040][  0]LogTargetPlatformManager: Display: Loaded TargetPlatform 'Mac'
[2023.02.07-14.48.47:046][  0]LogTargetPlatformManager: Display: Loaded TargetPlatform 'MacClient'
[2023.02.07-14.48.47:052][  0]LogTargetPlatformManager: Display: Loaded TargetPlatform 'MacServer'
[2023.02.07-14.48.47:070][  0]LogTargetPlatformManager: Display: Loaded TargetPlatform 'TVOSClient'
[2023.02.07-14.48.47:070][  0]LogTargetPlatformManager: Display: Loaded TargetPlatform 'TVOS'
[2023.02.07-14.48.47:084][  0]LogTargetPlatformManager: Display: Loaded TargetPlatform 'WindowsNoEditor'
[2023.02.07-14.48.47:091][  0]LogTargetPlatformManager: Display: Loaded TargetPlatform 'Windows'
[2023.02.07-14.48.47:098][  0]LogTargetPlatformManager: Display: Loaded TargetPlatform 'WindowsClient'
[2023.02.07-14.48.47:104][  0]LogTargetPlatformManager: Display: Loaded TargetPlatform 'WindowsServer'
[2023.02.07-14.48.47:104][  0]LogTargetPlatformManager: Display: Building Assets For Windows
[2023.02.07-14.48.47:126][  0]LogAudioDebug: Display: Lib vorbis DLL was dynamically loaded.
[2023.02.07-14.48.48:321][  0]LogTextureFormatOodle: Display: Oodle Texture 2.9.0 init RDO Off
[2023.02.07-14.48.48:371][  0]LogRendererCore: Ray tracing is disabled. Reason: r.RayTracing=0.
[2023.02.07-14.48.48:371][  0]LogShaderCompilers: Guid format shader working directory is -45 characters bigger than the processId version (../../../../../../../New folder (8)/github/Nottingham_project/MyProject 4.27- mainproject/Intermediate/Shaders/WorkingDirectory/24284/).
[2023.02.07-14.48.48:372][  0]LogShaderCompilers: Cleaned the shader compiler working directory 'C:/Users/Liam/AppData/Local/Temp/UnrealShaderWorkingDir/EB3091F04443CF4F2CC656975416E89E/'.
[2023.02.07-14.48.48:372][  0]LogXGEController: Cannot use XGE Controller as Incredibuild is not installed on this machine.
[2023.02.07-14.48.48:372][  0]LogShaderCompilers: Cannot use XGE Shader Compiler as Incredibuild is not installed on this machine.
[2023.02.07-14.48.48:372][  0]LogShaderCompilers: Display: Using Local Shader Compiler.
[2023.02.07-14.48.49:238][  0]LogDerivedDataCache: Display: Max Cache Size: 512 MB
[2023.02.07-14.48.49:297][  0]LogDerivedDataCache: Loaded boot cache 0.06s 94MB C:/Users/Liam/AppData/Local/UnrealEngine/4.27/DerivedDataCache/Boot.ddc.
[2023.02.07-14.48.49:297][  0]LogDerivedDataCache: Display: Loaded Boot cache: C:/Users/Liam/AppData/Local/UnrealEngine/4.27/DerivedDataCache/Boot.ddc
[2023.02.07-14.48.49:297][  0]LogDerivedDataCache: FDerivedDataBackendGraph:  Pak pak cache file ../../../../../../../New folder (8)/github/Nottingham_project/MyProject 4.27- mainproject/DerivedDataCache/DDC.ddp not found, will not use a pak cache.
[2023.02.07-14.48.49:297][  0]LogDerivedDataCache: Unable to find inner node Pak for hierarchical cache Hierarchy.
[2023.02.07-14.48.49:297][  0]LogDerivedDataCache: FDerivedDataBackendGraph:  CompressedPak pak cache file ../../../../../../../New folder (8)/github/Nottingham_project/MyProject 4.27- mainproject/DerivedDataCache/Compressed.ddp not found, will not use a pak cache.
[2023.02.07-14.48.49:297][  0]LogDerivedDataCache: Unable to find inner node CompressedPak for hierarchical cache Hierarchy.
[2023.02.07-14.48.49:317][  0]LogDerivedDataCache: Display: Pak cache opened for reading ../../../Engine/DerivedDataCache/Compressed.ddp.
[2023.02.07-14.48.49:317][  0]LogDerivedDataCache: FDerivedDataBackendGraph:  EnterprisePak pak cache file ../../../Enterprise/DerivedDataCache/Compressed.ddp not found, will not use a pak cache.
[2023.02.07-14.48.49:317][  0]LogDerivedDataCache: Unable to find inner node EnterprisePak for hierarchical cache Hierarchy.
[2023.02.07-14.48.49:331][  0]LogDerivedDataCache: Speed tests for C:/Users/Liam/AppData/Local/UnrealEngine/Common/DerivedDataCache took 0.01 seconds
[2023.02.07-14.48.49:331][  0]LogDerivedDataCache: Display: Performance to C:/Users/Liam/AppData/Local/UnrealEngine/Common/DerivedDataCache: Latency=0.12ms. RandomReadSpeed=773.06MBs, RandomWriteSpeed=80.27MBs. Assigned SpeedClass 'Local'
[2023.02.07-14.48.49:332][  0]LogDerivedDataCache: Using Local data cache path C:/Users/Liam/AppData/Local/UnrealEngine/Common/DerivedDataCache: Writable
[2023.02.07-14.48.49:332][  0]LogDerivedDataCache: Shared data cache path not found in *engine.ini, will not use an Shared cache.
[2023.02.07-14.48.49:332][  0]LogDerivedDataCache: Unable to find inner node Shared for hierarchical cache Hierarchy.
[2023.02.07-14.48.49:384][  0]LogSlate: Using FreeType 2.10.0
[2023.02.07-14.48.49:385][  0]LogSlate: SlateFontServices - WITH_FREETYPE: 1, WITH_HARFBUZZ: 1
[2023.02.07-14.48.50:106][  0]LogAssetRegistry: FAssetRegistry took 0.0028 seconds to start up
[2023.02.07-14.48.50:388][  0]LogInit: Selected Device Profile: [Windows]
[2023.02.07-14.48.50:388][  0]LogInit: Active device profile: [00000128CF2FB300][00000128CDC24FC0 49] Windows
[2023.02.07-14.48.50:388][  0]LogInit: Profiles: [00000128CF2FB300][00000128CDC24FC0 49] Windows, [00000128CF2B8F00][00000128CDC29280 49] WindowsNoEditor, [00000128CF2F8F00][00000128CDC2D540 49] WindowsServer, [00000128CF2BAC00][00000128CDC31800 49] WindowsClient, [00000128CF2FAB00][00000128CDC35AC0 49] IOS, [00000128CF2B9700][00000128CDC38200 49] iPadAir, [00000128CF2F9600][00000128CDC3C4C0 49] iPadAir2, [00000128CF26BC00][00000128CFF94A00 49] IPadPro, [00000128CF26BD00][00000128CFF84A40 49] iPadAir3, [00000128CF2FA600][00000128C2626CC0 49] iPadAir4, [00000128CF269400][00000128CFF8CF40 49] iPadMini2, [00000128CF2F9A00][00000128CFF91200 49] iPadMini3, [00000128CF26A600][00000128CFF994C0 49] iPadMini4, [00000128CF2F8900][00000128CFF9D780 49] iPadMini5, [00000128CF2AB500][00000128CFFB0140 49] iPhone6, [00000128CF2AB600][00000128CFFA0180 49] iPodTouch6, [00000128CF268300][00000128CFFB86C0 49] iPhone7, [00000128CF268200][00000128CFFA8700 49] iPodTouch7, [00000128CF2A9300][00000128CFFAC9C0 49] iPhone5S, [00000128CF26BF00][00000128CFFA4C80 49] iPhone6Plus, [00000128CF2AA700][00000128CFF88F00 49] iPhone6S, [00000128CF269000][00000128CFFB5180 49] iPhone6SPlus, [00000128CF2A9A00][00000128CFFC1440 49] iPhone7Plus, [00000128CF26A000][00000128CFFC5700 49] iPhoneSE, [00000128CF2AB900][00000128CFFC99C0 49] iPhone8, [00000128CF26B200][00000128CFFCC100 49] iPhone8Plus, [00000128CF2AB300][00000128CFFD03C0 49] iPhoneX, [00000128CF26BB00][00000128CFFD4680 49] iPhoneXS, [00000128CF2A9600][00000128CFFD8940 49] iPhoneXSMax, [00000128CF26A400][00000128CFFDCC00 49] iPhoneXR, [00000128CF2A9000][00000128CFFE0EC0 49] iPhone11, [00000128CF268F00][00000128CFFBD140 49] iPhone11Pro, [00000128CF2A9900][00000128CFFE53C0 49] iPhone11ProMax, [00000128CF26BA00][00000128CFFED680 49] iPhoneSE2, [00000128CF2AA900][00000128CFFF1940 49] iPhone12Mini, [00000128CF269C00][00000128CFFF5C00 49] iPhone12, [00000128CF2AB700][00000128CFFF8340 49] iPhone12Pro, [00000128CF26A200][00000128CFFFC600 49] iPhone12ProMax, [00000128CF2AB800][00000128D00008C0 49] iPadPro105, [00000128CF26A900][00000128D0004B80 49] iPadPro129, [00000128CF2A9200][00000128D0008E40 49] iPadPro97, [00000128CF26AE00][00000128D000D100 49] iPadPro2_129, [00000128CF2A8F00][00000128CFFE9380 49] iPad5, [00000128CF26AF00][00000128D0015640 49] iPad6, [00000128CF2A8300][00000128D0019900 49] iPad7, [00000128CF26B600][00000128D001DBC0 49] iPad8, [00000128CF2ABF00][00000128D0020300 49] iPadPro11, [00000128CF268400][00000128D00245C0 49] iPadPro2_11, [00000128CF2A8400][00000128D0028880 49] iPadPro3_129, [00000128CF26A700][00000128D002CB40 49] iPadPro4_129, [00000128CF2ABD00][00000128D0030E00 49] AppleTV, [00000128CF268800][00000128D004B0C0 49] AppleTV4K, [00000128CF2AAE00][00000128D0011340 49] TVOS, [00000128CF269E00][00000128D01215C0 49] Mac, [00000128CF2A8A00][00000128D0177880 49] MacClient, [00000128CF26AB00][00000128D019BB40 49] MacNoEditor, [00000128CF2AAD00][00000128D01A6280 49] MacServer, [00000128CF269600][00000128D01AA540 49] Linux, [00000128CF2AB400][00000128D01AE800 49] LinuxAArch64, [00000128CF268500][00000128D01B2AC0 49] LinuxNoEditor, [00000128CF2BA700][00000128D023CD80 49] LinuxAArch64NoEditor, [00000128CF33CC00][00000128D029D040 49] LinuxClient, [00000128CF2B9F00][00000128D02B9300 49] LinuxAArch64Client, [00000128CF33D100][00000128D0167580 49] LinuxServer, [00000128CF2B9600][00000128CDADD800 49] LinuxAArch64Server, [00000128CF33D900][00000128CDAEDAC0 49] Android, [00000128CF2B8100][00000128CDAF0200 49] Android_Low, [00000128CF33DB00][00000128CDAF44C0 49] Android_Mid, [00000128CF2BA200][00000128CDB00780 49] Android_High, [00000128CF33D000][00000128C42D2A40 49] Android_Default, [00000128CF2BB100][00000128D0434D00 49] Android_Adreno4xx, [00000128CF33DD00][00000128CDB9EFC0 49] Android_Adreno5xx_Low, [00000128CF2BB200][00000128D0459280 49] Android_Adreno5xx, [00000128CF33C100][00000128D045D540 49] Android_Adreno6xx, [00000128CF2B9900][00000128CDAE97C0 49] Android_Adreno6xx_Vulkan, [00000128CF33CE00][00000128D0229A40 49] Android_Mali_T6xx, [00000128CF2BB800][00000128D0230180 49] Android_Mali_T7xx, [00000128CF33D400][00000128D0234440 49] Android_Mali_T8xx, [00000128CF2B9D00][00000128D00B0700 49] Android_Mali_G71, [00000128CF33D600][00000128D00B49C0 49] Android_Mali_G72, [00000128CF2B8E00][00000128D00C8C80 49] Android_Mali_G72_Vulkan, [00000128CF33C700][00000128D2856F40 49] Android_Mali_G76, [00000128CF268700][00000128C423B200 49] Android_Mali_G76_Vulkan, [00000128CF2A8800][00000128D03D74C0 49] Android_Mali_G77, [00000128CF269500][00000128D03DF780 49] Android_Mali_G77_Vulkan, [00000128CF2A8B00][00000128D022DA00 49] Android_Mali_G78, [00000128CF268C00][00000128D03EC100 49] Android_Mali_G78_Vulkan, [00000128CF2ABB00][00000128D03F43C0 49] Android_Mali_G710, [00000128CF26B800][00000128D03F8680 49] Android_Mali_G710_Vulkan, [00000128CF2A8700][00000128D03FC940 49] Android_Vulkan_SM5, [00000128CF268A00][00000128D0400C00 49] Android_PowerVR_G6xxx, [00000128CF2A8500][00000128C423EEC0 49] Android_PowerVR_GT7xxx, [00000128CF269F00][00000128C4243180 49] Android_PowerVR_GE8xxx, [00000128CF33E400][00000128C4247440 49] Android_PowerVR_GM9xxx, [00000128CF269800][00000128C4289700 49] Android_PowerVR_GM9xxx_Vulkan, [00000128CF33C200][00000128D01E59C0 49] Android_TegraK1, [00000128CF268100][00000128D03F00C0 49] Android_Unknown_Vulkan, [00000128CF33DC00][00000128D01E8340 49] Lumin, [00000128CF26AA00][00000128D0212600 49] Lumin_Desktop, [00000128CF33DF00][00000128D02168C0 49] HoloLens, 
[2023.02.07-14.48.50:539][  0]LogMeshReduction: Using QuadricMeshReduction for automatic static mesh reduction
[2023.02.07-14.48.50:539][  0]LogMeshReduction: Using SimplygonMeshReduction for automatic skeletal mesh reduction
[2023.02.07-14.48.50:539][  0]LogMeshReduction: Using ProxyLODMeshReduction for automatic mesh merging
[2023.02.07-14.48.50:539][  0]LogMeshReduction: No distributed automatic mesh merging module available
[2023.02.07-14.48.50:539][  0]LogMeshMerging: No distributed automatic mesh merging module available
[2023.02.07-14.48.50:566][  0]LogNetVersion: MyProject 1.0.0, NetCL: 17155196, EngineNetVer: 17, GameNetVer: 0 (Checksum: 3629800737)
[2023.02.07-14.48.51:798][  0]LogTexture: Default maximum texture size for cubemaps generated from long-lat sources has been changed from 512 to unlimited. In order to preserve old behaiour for '/Engine/MapTemplates/Sky/DaylightAmbientCubemap.DaylightAmbientCubemap', its maximum texture size has been explicitly set to 512.
[2023.02.07-14.48.51:857][  0]LogHMD: PokeAHoleMaterial loaded successfully
[2023.02.07-14.48.51:863][  0]LogUObjectArray: 17178 objects as part of root set at end of initial load.
[2023.02.07-14.48.51:863][  0]LogUObjectAllocator: 4302048 out of 0 bytes used by permanent object pool.
[2023.02.07-14.48.51:863][  0]LogUObjectArray: CloseDisregardForGC: 0/0 objects in disregard for GC pool
[2023.02.07-14.48.52:549][  0]LogPython: Using Python 3.7.7
[2023.02.07-14.48.53:106][  0]LogNiagaraDebuggerClient: Niagara Debugger Client Initialized | Session: 6C17C222419F11EAC60099B09CBFCDEE | Instance: 3FA20BF844886D5C9B7502891C394E63 (LIAMSPC-24284).
[2023.02.07-14.48.53:328][  0]LogTcpMessaging: Initializing TcpMessaging bridge
[2023.02.07-14.48.53:335][  0]LogUdpMessaging: Initializing bridge on interface 0.0.0.0:0 to multicast group 230.0.0.1:6666.
[2023.02.07-14.48.53:627][  0]SourceControl: Source control is disabled
[2023.02.07-14.48.53:627][  0]SourceControl: Source control is disabled
[2023.02.07-14.48.53:632][  0]SourceControl: Source control is disabled
[2023.02.07-14.48.53:637][  0]SourceControl: Source control is disabled
[2023.02.07-14.48.53:646][  0]SourceControl: Source control is disabled
[2023.02.07-14.48.53:662][  0]LogUProjectInfo: Found projects:
[2023.02.07-14.48.53:670][  0]LogVSAccessor: Display: Unable to create Visual Studio setup instance: 80040154
[2023.02.07-14.48.53:671][  0]LogVSAccessor: Display: Unable to create Visual Studio setup instance: 80040154
[2023.02.07-14.48.53:671][  0]LogVSAccessor: Display: Unable to create Visual Studio setup instance: 80040154
[2023.02.07-14.48.54:005][  0]LogOpenImageDenoise: OIDN starting up
[2023.02.07-14.48.54:096][  0]LogAndroidPermission: UAndroidPermissionCallbackProxy::GetInstance
[2023.02.07-14.48.54:132][  0]LogAudioCaptureCore: Display: No Audio Capture implementations found. Audio input will be silent.
[2023.02.07-14.48.54:132][  0]LogAudioCaptureCore: Display: No Audio Capture implementations found. Audio input will be silent.
[2023.02.07-14.48.54:302][  0]LogCollectionManager: Loaded 0 collections in 0.001179 seconds
[2023.02.07-14.48.54:348][  0]LogFileCache: Scanning file cache for directory 'E:/New folder (8)/github/Nottingham_project/MyProject 4.27- mainproject/Saved/Collections/' took 0.00s
[2023.02.07-14.48.54:348][  0]LogFileCache: Scanning file cache for directory 'E:/New folder (8)/github/Nottingham_project/MyProject 4.27- mainproject/Content/Developers/Liam/Collections/' took 0.00s
[2023.02.07-14.48.54:348][  0]LogFileCache: Scanning file cache for directory 'E:/New folder (8)/github/Nottingham_project/MyProject 4.27- mainproject/Content/Collections/' took 0.00s
[2023.02.07-14.48.54:348][  0]LogOcInput: OculusInput pre-init called
[2023.02.07-14.48.54:607][  0]LogEngine: Initializing Engine...
[2023.02.07-14.48.54:611][  0]LogHMD: Failed to enumerate extensions. Please check that you have a valid OpenXR runtime installed.
[2023.02.07-14.48.54:611][  0]LogHMD: Failed to initialize OpenVR with code 110
[2023.02.07-14.48.54:611][  0]LogMagicLeap: Warning: VR disabled because ZI is not enabled.  To enable, in the editor, Edit -> Project Settings -> Plugins -> Magic Leap Plugin -> Enable Zero Iteration
[2023.02.07-14.48.54:612][  0]LogStats: UGameplayTagsManager::InitializeManager -  0.000 s
[2023.02.07-14.48.54:738][  0]LogInit: Initializing FReadOnlyCVARCache
[2023.02.07-14.48.54:753][  0]LogAIModule: Creating AISystem for world Untitled
[2023.02.07-14.48.54:754][  0]LogAudio: Display: Initializing Audio Device Manager...
[2023.02.07-14.48.54:759][  0]LogAudio: Display: Loading Default Audio Settings Objects...
[2023.02.07-14.48.54:760][  0]LogAudio: Display: No default SoundConcurrencyObject specified (or failed to load).
[2023.02.07-14.48.54:761][  0]LogAudio: Display: Audio Device Manager Initialized
[2023.02.07-14.48.54:761][  0]LogAudio: Display: Creating Audio Device:                 Id: 1, Scope: Shared, Realtime: True
[2023.02.07-14.48.54:761][  0]LogAudioMixer: Display: Audio Mixer Platform Settings:
[2023.02.07-14.48.54:761][  0]LogAudioMixer: Display: 	Sample Rate:						  48000
[2023.02.07-14.48.54:761][  0]LogAudioMixer: Display: 	Callback Buffer Frame Size Requested: 1024
[2023.02.07-14.48.54:761][  0]LogAudioMixer: Display: 	Callback Buffer Frame Size To Use:	  1024
[2023.02.07-14.48.54:761][  0]LogAudioMixer: Display: 	Number of buffers to queue:			  2
[2023.02.07-14.48.54:761][  0]LogAudioMixer: Display: 	Max Channels (voices):				  32
[2023.02.07-14.48.54:761][  0]LogAudioMixer: Display: 	Number of Async Source Workers:		  0
[2023.02.07-14.48.54:761][  0]LogAudio: Display: AudioDevice MaxSources: 32
[2023.02.07-14.48.54:761][  0]LogAudio: Display: Audio Spatialization Plugin: None (built-in).
[2023.02.07-14.48.54:761][  0]LogAudio: Display: Audio Reverb Plugin: None (built-in).
[2023.02.07-14.48.54:761][  0]LogAudio: Display: Audio Occlusion Plugin: None (built-in).
[2023.02.07-14.48.54:761][  0]LogAudioMixer: Display: Initializing audio mixer.
[2023.02.07-14.48.54:795][  0]LogAudioMixer: Display: 0: FrontLeft
[2023.02.07-14.48.54:795][  0]LogAudioMixer: Display: 1: FrontRight
[2023.02.07-14.48.54:852][  0]LogAudioMixer: Display: Using Audio Device Speakers (Realtek(R) Audio)
[2023.02.07-14.48.54:854][  0]LogAudioMixer: Display: Initializing Sound Submixes...
[2023.02.07-14.48.54:858][  0]LogAudioMixer: Display: Creating Master Submix 'MasterSubmixDefault'
[2023.02.07-14.48.54:858][  0]LogAudioMixer: Display: Creating Master Submix 'MasterReverbSubmixDefault'
[2023.02.07-14.48.54:859][  0]LogAudioMixer: Display: Creating Master Submix 'MasterEQSubmixDefault'
[2023.02.07-14.48.54:859][  0]LogAudioMixer: FMixerPlatformXAudio2::StartAudioStream() called
[2023.02.07-14.48.54:859][  0]LogAudioMixer: Display: Output buffers initialized: Frames=1024, Channels=2, Samples=2048
[2023.02.07-14.48.54:860][  0]LogAudioMixer: Display: Starting AudioMixerPlatformInterface::RunInternal()
[2023.02.07-14.48.54:860][  0]LogAudioMixer: Display: FMixerPlatformXAudio2::SubmitBuffer() called for the first time
[2023.02.07-14.48.54:860][  0]LogInit: FAudioDevice initialized.
[2023.02.07-14.48.54:861][  0]LogAudio: Display: Audio Device (ID: 1) registered with world 'Untitled'.
[2023.02.07-14.48.54:861][  0]LogNetVersion: Set ProjectVersion to 1.0.0.0. Version Checksum will be recalculated on next use.
[2023.02.07-14.48.55:123][  0]LogDerivedDataCache: Saved boot cache 0.26s 94MB C:/Users/Liam/AppData/Local/UnrealEngine/4.27/DerivedDataCache/Boot.ddc.
[2023.02.07-14.48.55:123][  0]LogInit: Texture streaming: Enabled
[2023.02.07-14.48.55:142][  0]LogAnalytics: Display: [UEEditor.Rocket.Release] APIServer = https://datarouter.ol.epicgames.com/. AppVersion = 4.27.2-18319896+++UE4+Release-4.27
[2023.02.07-14.48.55:148][  0]LogEngineSessionManager: EngineSessionManager initialized
[2023.02.07-14.48.55:148][  0]LogEditorSessionSummary: Verbose: Initializing EditorSessionSummaryWriter for editor session tracking
[2023.02.07-14.48.55:153][  0]LogEditorSessionSummary: EditorSessionSummaryWriter initialized
[2023.02.07-14.48.55:196][  0]LogInit: Transaction tracking system initialized
[2023.02.07-14.48.55:232][  0]BlueprintLog: New page: Editor Load
[2023.02.07-14.48.55:332][  0]LocalizationService: Localization service is disabled
[2023.02.07-14.48.55:372][  0]TimingProfiler: Initialize
[2023.02.07-14.48.55:372][  0]TimingProfiler: OnSessionChanged
[2023.02.07-14.48.55:372][  0]LoadingProfiler: Initialize
[2023.02.07-14.48.55:372][  0]LoadingProfiler: OnSessionChanged
[2023.02.07-14.48.55:372][  0]NetworkingProfiler: Initialize
[2023.02.07-14.48.55:372][  0]NetworkingProfiler: OnSessionChanged
[2023.02.07-14.48.55:372][  0]MemoryProfiler: Initialize
[2023.02.07-14.48.55:372][  0]MemoryProfiler: OnSessionChanged
[2023.02.07-14.48.55:462][  0]LogVSAccessor: Display: Unable to create Visual Studio setup instance: 80040154
[2023.02.07-14.48.55:462][  0]LogVSAccessor: Display: Unable to create Visual Studio setup instance: 80040154
[2023.02.07-14.48.55:463][  0]LogVSAccessor: Display: Unable to create Visual Studio setup instance: 80040154
[2023.02.07-14.48.55:607][  0]LogCook: Display: CookSettings for Memory: MemoryMaxUsedVirtual 0MiB, MemoryMaxUsedPhysical 16384MiB, MemoryMinFreeVirtual 0MiB, MemoryMinFreePhysical 1024MiB
[2023.02.07-14.48.55:608][  0]LogCook: Display: Mobile HDR setting 1
[2023.02.07-14.48.55:882][  0]LogFileCache: Scanning file cache for directory 'E:/New folder (8)/github/Nottingham_project/MyProject 4.27- mainproject/Content/' took 0.01s
[2023.02.07-14.48.56:062][  0]LogInit: Display: Engine is initialized. Leaving FEngineLoop::Init()
[2023.02.07-14.48.56:067][  0]SourceControl: Source control is disabled
[2023.02.07-14.48.56:067][  0]LogUnrealEdMisc: Loading editor; pre map load, took 15.903
[2023.02.07-14.48.56:067][  0]LightingResults: New page: Lighting Build
[2023.02.07-14.48.56:069][  0]LogWorld: UWorld::CleanupWorld for Untitled, bSessionEnded=true, bCleanupResources=true
[2023.02.07-14.48.56:069][  0]LogSlate: InvalidateAllWidgets triggered.  All widgets were invalidated
[2023.02.07-14.48.56:069][  0]MapCheck: New page: Map Check
[2023.02.07-14.48.56:069][  0]LightingResults: New page: Lighting Build
[2023.02.07-14.48.56:073][  0]LogAudio: Display: Audio Device unregistered from world 'None'.
[2023.02.07-14.48.56:076][  0]LogUObjectHash: Compacting FUObjectHashTables data took   1.02ms
[2023.02.07-14.48.56:434][  0]LogAudio: Display: Audio Device (ID: 1) registered with world 'ThirdPersonExampleMap'.
[2023.02.07-14.48.56:435][  0]LogAIModule: Creating AISystem for world ThirdPersonExampleMap
[2023.02.07-14.48.56:447][  0]LogEditorServer: Finished looking for orphan Actors (0.000 secs)
[2023.02.07-14.48.56:459][  0]LogUObjectHash: Compacting FUObjectHashTables data took   0.97ms
[2023.02.07-14.48.56:460][  0]Cmd: MAP CHECKDEP NOCLEARLOG
[2023.02.07-14.48.56:460][  0]MapCheck: Map check complete: 0 Error(s), 0 Warning(s), took 0.343ms to complete.
[2023.02.07-14.48.56:460][  0]LogFileHelpers: Loading map 'ThirdPersonExampleMap' took 0.393
[2023.02.07-14.48.56:462][  0]LogUnrealEdMisc: Total Editor Startup Time, took 16.298
[2023.02.07-14.48.56:579][  0]LogSlate: Updating window title bar state: overlay mode, drag disabled, window buttons hidden, title bar hidden
[2023.02.07-14.48.56:585][  0]LogSlate: Updating window title bar state: overlay mode, drag disabled, window buttons hidden, title bar hidden
[2023.02.07-14.48.56:592][  0]LogSlate: Updating window title bar state: overlay mode, drag disabled, window buttons hidden, title bar hidden
[2023.02.07-14.48.56:598][  0]LogSlate: Updating window title bar state: overlay mode, drag disabled, window buttons hidden, title bar hidden
[2023.02.07-14.48.56:616][  0]LogNativeClassHierarchy: Verbose: Native class hierarchy populated in 0.0109 seconds. Added 3822 classes and 928 folders.
[2023.02.07-14.48.56:619][  0]LogNativeClassHierarchy: Verbose: Native class hierarchy updated for 'WidgetCarousel' in 0.0003 seconds. Added 0 classes and 0 folders.
[2023.02.07-14.48.56:622][  0]LogPakFile: PakFile PrimaryIndexSize=187
[2023.02.07-14.48.56:622][  0]LogPakFile: PakFile PathHashIndexSize=101
[2023.02.07-14.48.56:622][  0]LogPakFile: PakFile FullDirectoryIndexSize=148
[2023.02.07-14.48.56:622][  0]LogShaderLibrary: Display: ShaderCodeLibraryPakFileMountedCallback: PakFile 'E:/New folder/New folder/unreal/UE_4.27/FeaturePacks/FP_FirstPerson.upack' (chunk index -1, root 'root:/') mounted
[2023.02.07-14.48.56:622][  0]LogShaderLibrary: Display: ShaderCodeLibraryPakFileMountedCallback: pending pak file info (ChunkID:-1 Root:root:/ File:E:/New folder/New folder/unreal/UE_4.27/FeaturePacks/FP_FirstPerson.upack)
[2023.02.07-14.48.56:622][  0]LogPakFile: OnPakFileMounted2Time == 0.000063
[2023.02.07-14.48.56:623][  0]LogPakFile: PakFile PrimaryIndexSize=189
[2023.02.07-14.48.56:623][  0]LogPakFile: PakFile PathHashIndexSize=101
[2023.02.07-14.48.56:623][  0]LogPakFile: PakFile FullDirectoryIndexSize=152
[2023.02.07-14.48.56:623][  0]LogShaderLibrary: Display: ShaderCodeLibraryPakFileMountedCallback: PakFile 'E:/New folder/New folder/unreal/UE_4.27/FeaturePacks/FP_FirstPersonBP.upack' (chunk index -1, root 'root:/') mounted
[2023.02.07-14.48.56:623][  0]LogShaderLibrary: Display: ShaderCodeLibraryPakFileMountedCallback: pending pak file info (ChunkID:-1 Root:root:/ File:E:/New folder/New folder/unreal/UE_4.27/FeaturePacks/FP_FirstPersonBP.upack)
[2023.02.07-14.48.56:623][  0]LogPakFile: OnPakFileMounted2Time == 0.000041
[2023.02.07-14.48.56:624][  0]LogPakFile: PakFile PrimaryIndexSize=191
[2023.02.07-14.48.56:624][  0]LogPakFile: PakFile PathHashIndexSize=101
[2023.02.07-14.48.56:624][  0]LogPakFile: PakFile FullDirectoryIndexSize=160
[2023.02.07-14.48.56:625][  0]LogShaderLibrary: Display: ShaderCodeLibraryPakFileMountedCallback: PakFile 'E:/New folder/New folder/unreal/UE_4.27/FeaturePacks/MobileStarterContent.upack' (chunk index -1, root 'root:/') mounted
[2023.02.07-14.48.56:625][  0]LogShaderLibrary: Display: ShaderCodeLibraryPakFileMountedCallback: pending pak file info (ChunkID:-1 Root:root:/ File:E:/New folder/New folder/unreal/UE_4.27/FeaturePacks/MobileStarterContent.upack)
[2023.02.07-14.48.56:625][  0]LogPakFile: OnPakFileMounted2Time == 0.000037
[2023.02.07-14.48.56:626][  0]LogPakFile: PakFile PrimaryIndexSize=185
[2023.02.07-14.48.56:626][  0]LogPakFile: PakFile PathHashIndexSize=101
[2023.02.07-14.48.56:626][  0]LogPakFile: PakFile FullDirectoryIndexSize=148
[2023.02.07-14.48.56:626][  0]LogShaderLibrary: Display: ShaderCodeLibraryPakFileMountedCallback: PakFile 'E:/New folder/New folder/unreal/UE_4.27/FeaturePacks/StarterContent.upack' (chunk index -1, root 'root:/') mounted
[2023.02.07-14.48.56:626][  0]LogShaderLibrary: Display: ShaderCodeLibraryPakFileMountedCallback: pending pak file info (ChunkID:-1 Root:root:/ File:E:/New folder/New folder/unreal/UE_4.27/FeaturePacks/StarterContent.upack)
[2023.02.07-14.48.56:626][  0]LogPakFile: OnPakFileMounted2Time == 0.000038
[2023.02.07-14.48.56:627][  0]LogPakFile: PakFile PrimaryIndexSize=190
[2023.02.07-14.48.56:627][  0]LogPakFile: PakFile PathHashIndexSize=101
[2023.02.07-14.48.56:627][  0]LogPakFile: PakFile FullDirectoryIndexSize=154
[2023.02.07-14.48.56:627][  0]LogShaderLibrary: Display: ShaderCodeLibraryPakFileMountedCallback: PakFile 'E:/New folder/New folder/unreal/UE_4.27/FeaturePacks/TP_2DSideScroller.upack' (chunk index -1, root 'root:/') mounted
[2023.02.07-14.48.56:627][  0]LogShaderLibrary: Display: ShaderCodeLibraryPakFileMountedCallback: pending pak file info (ChunkID:-1 Root:root:/ File:E:/New folder/New folder/unreal/UE_4.27/FeaturePacks/TP_2DSideScroller.upack)
[2023.02.07-14.48.56:627][  0]LogPakFile: OnPakFileMounted2Time == 0.000037
[2023.02.07-14.48.56:628][  0]LogPakFile: PakFile PrimaryIndexSize=192
[2023.02.07-14.48.56:628][  0]LogPakFile: PakFile PathHashIndexSize=101
[2023.02.07-14.48.56:628][  0]LogPakFile: PakFile FullDirectoryIndexSize=158
[2023.02.07-14.48.56:628][  0]LogShaderLibrary: Display: ShaderCodeLibraryPakFileMountedCallback: PakFile 'E:/New folder/New folder/unreal/UE_4.27/FeaturePacks/TP_2DSideScrollerBP.upack' (chunk index -1, root 'root:/') mounted
[2023.02.07-14.48.56:628][  0]LogShaderLibrary: Display: ShaderCodeLibraryPakFileMountedCallback: pending pak file info (ChunkID:-1 Root:root:/ File:E:/New folder/New folder/unreal/UE_4.27/FeaturePacks/TP_2DSideScrollerBP.upack)
[2023.02.07-14.48.56:628][  0]LogPakFile: OnPakFileMounted2Time == 0.000039
[2023.02.07-14.48.56:629][  0]LogPakFile: PakFile PrimaryIndexSize=182
[2023.02.07-14.48.56:629][  0]LogPakFile: PakFile PathHashIndexSize=101
[2023.02.07-14.48.56:629][  0]LogPakFile: PakFile FullDirectoryIndexSize=138
[2023.02.07-14.48.56:629][  0]LogShaderLibrary: Display: ShaderCodeLibraryPakFileMountedCallback: PakFile 'E:/New folder/New folder/unreal/UE_4.27/FeaturePacks/TP_Flying.upack' (chunk index -1, root 'root:/') mounted
[2023.02.07-14.48.56:629][  0]LogShaderLibrary: Display: ShaderCodeLibraryPakFileMountedCallback: pending pak file info (ChunkID:-1 Root:root:/ File:E:/New folder/New folder/unreal/UE_4.27/FeaturePacks/TP_Flying.upack)
[2023.02.07-14.48.56:629][  0]LogPakFile: OnPakFileMounted2Time == 0.000036
[2023.02.07-14.48.56:630][  0]LogPakFile: PakFile PrimaryIndexSize=184
[2023.02.07-14.48.56:630][  0]LogPakFile: PakFile PathHashIndexSize=101
[2023.02.07-14.48.56:630][  0]LogPakFile: PakFile FullDirectoryIndexSize=142
[2023.02.07-14.48.56:630][  0]LogShaderLibrary: Display: ShaderCodeLibraryPakFileMountedCallback: PakFile 'E:/New folder/New folder/unreal/UE_4.27/FeaturePacks/TP_FlyingBP.upack' (chunk index -1, root 'root:/') mounted
[2023.02.07-14.48.56:630][  0]LogShaderLibrary: Display: ShaderCodeLibraryPakFileMountedCallback: pending pak file info (ChunkID:-1 Root:root:/ File:E:/New folder/New folder/unreal/UE_4.27/FeaturePacks/TP_FlyingBP.upack)
[2023.02.07-14.48.56:630][  0]LogPakFile: OnPakFileMounted2Time == 0.000036
[2023.02.07-14.48.56:632][  0]LogPakFile: PakFile PrimaryIndexSize=188
[2023.02.07-14.48.56:632][  0]LogPakFile: PakFile PathHashIndexSize=101
[2023.02.07-14.48.56:632][  0]LogPakFile: PakFile FullDirectoryIndexSize=150
[2023.02.07-14.48.56:632][  0]LogShaderLibrary: Display: ShaderCodeLibraryPakFileMountedCallback: PakFile 'E:/New folder/New folder/unreal/UE_4.27/FeaturePacks/TP_HandheldARBP.upack' (chunk index -1, root 'root:/') mounted
[2023.02.07-14.48.56:632][  0]LogShaderLibrary: Display: ShaderCodeLibraryPakFileMountedCallback: pending pak file info (ChunkID:-1 Root:root:/ File:E:/New folder/New folder/unreal/UE_4.27/FeaturePacks/TP_HandheldARBP.upack)
[2023.02.07-14.48.56:632][  0]LogPakFile: OnPakFileMounted2Time == 0.000036
[2023.02.07-14.48.56:633][  0]LogPakFile: PakFile PrimaryIndexSize=182
[2023.02.07-14.48.56:633][  0]LogPakFile: PakFile PathHashIndexSize=101
[2023.02.07-14.48.56:633][  0]LogPakFile: PakFile FullDirectoryIndexSize=138
[2023.02.07-14.48.56:633][  0]LogShaderLibrary: Display: ShaderCodeLibraryPakFileMountedCallback: PakFile 'E:/New folder/New folder/unreal/UE_4.27/FeaturePacks/TP_Puzzle.upack' (chunk index -1, root 'root:/') mounted
[2023.02.07-14.48.56:633][  0]LogShaderLibrary: Display: ShaderCodeLibraryPakFileMountedCallback: pending pak file info (ChunkID:-1 Root:root:/ File:E:/New folder/New folder/unreal/UE_4.27/FeaturePacks/TP_Puzzle.upack)
[2023.02.07-14.48.56:633][  0]LogPakFile: OnPakFileMounted2Time == 0.000036
[2023.02.07-14.48.56:634][  0]LogPakFile: PakFile PrimaryIndexSize=184
[2023.02.07-14.48.56:634][  0]LogPakFile: PakFile PathHashIndexSize=101
[2023.02.07-14.48.56:634][  0]LogPakFile: PakFile FullDirectoryIndexSize=142
[2023.02.07-14.48.56:634][  0]LogShaderLibrary: Display: ShaderCodeLibraryPakFileMountedCallback: PakFile 'E:/New folder/New folder/unreal/UE_4.27/FeaturePacks/TP_PuzzleBP.upack' (chunk index -1, root 'root:/') mounted
[2023.02.07-14.48.56:634][  0]LogShaderLibrary: Display: ShaderCodeLibraryPakFileMountedCallback: pending pak file info (ChunkID:-1 Root:root:/ File:E:/New folder/New folder/unreal/UE_4.27/FeaturePacks/TP_PuzzleBP.upack)
[2023.02.07-14.48.56:634][  0]LogPakFile: OnPakFileMounted2Time == 0.000036
[2023.02.07-14.48.56:635][  0]LogPakFile: PakFile PrimaryIndexSize=183
[2023.02.07-14.48.56:635][  0]LogPakFile: PakFile PathHashIndexSize=101
[2023.02.07-14.48.56:635][  0]LogPakFile: PakFile FullDirectoryIndexSize=140
[2023.02.07-14.48.56:635][  0]LogShaderLibrary: Display: ShaderCodeLibraryPakFileMountedCallback: PakFile 'E:/New folder/New folder/unreal/UE_4.27/FeaturePacks/TP_Rolling.upack' (chunk index -1, root 'root:/') mounted
[2023.02.07-14.48.56:635][  0]LogShaderLibrary: Display: ShaderCodeLibraryPakFileMountedCallback: pending pak file info (ChunkID:-1 Root:root:/ File:E:/New folder/New folder/unreal/UE_4.27/FeaturePacks/TP_Rolling.upack)
[2023.02.07-14.48.56:635][  0]LogPakFile: OnPakFileMounted2Time == 0.000036
[2023.02.07-14.48.56:636][  0]LogPakFile: PakFile PrimaryIndexSize=185
[2023.02.07-14.48.56:636][  0]LogPakFile: PakFile PathHashIndexSize=101
[2023.02.07-14.48.56:637][  0]LogPakFile: PakFile FullDirectoryIndexSize=144
[2023.02.07-14.48.56:637][  0]LogShaderLibrary: Display: ShaderCodeLibraryPakFileMountedCallback: PakFile 'E:/New folder/New folder/unreal/UE_4.27/FeaturePacks/TP_RollingBP.upack' (chunk index -1, root 'root:/') mounted
[2023.02.07-14.48.56:637][  0]LogShaderLibrary: Display: ShaderCodeLibraryPakFileMountedCallback: pending pak file info (ChunkID:-1 Root:root:/ File:E:/New folder/New folder/unreal/UE_4.27/FeaturePacks/TP_RollingBP.upack)
[2023.02.07-14.48.56:637][  0]LogPakFile: OnPakFileMounted2Time == 0.000036
[2023.02.07-14.48.56:638][  0]LogPakFile: PakFile PrimaryIndexSize=188
[2023.02.07-14.48.56:638][  0]LogPakFile: PakFile PathHashIndexSize=101
[2023.02.07-14.48.56:638][  0]LogPakFile: PakFile FullDirectoryIndexSize=150
[2023.02.07-14.48.56:638][  0]LogShaderLibrary: Display: ShaderCodeLibraryPakFileMountedCallback: PakFile 'E:/New folder/New folder/unreal/UE_4.27/FeaturePacks/TP_SideScroller.upack' (chunk index -1, root 'root:/') mounted
[2023.02.07-14.48.56:638][  0]LogShaderLibrary: Display: ShaderCodeLibraryPakFileMountedCallback: pending pak file info (ChunkID:-1 Root:root:/ File:E:/New folder/New folder/unreal/UE_4.27/FeaturePacks/TP_SideScroller.upack)
[2023.02.07-14.48.56:638][  0]LogPakFile: OnPakFileMounted2Time == 0.000036
[2023.02.07-14.48.56:639][  0]LogPakFile: PakFile PrimaryIndexSize=190
[2023.02.07-14.48.56:639][  0]LogPakFile: PakFile PathHashIndexSize=101
[2023.02.07-14.48.56:639][  0]LogPakFile: PakFile FullDirectoryIndexSize=154
[2023.02.07-14.48.56:639][  0]LogShaderLibrary: Display: ShaderCodeLibraryPakFileMountedCallback: PakFile 'E:/New folder/New folder/unreal/UE_4.27/FeaturePacks/TP_SideScrollerBP.upack' (chunk index -1, root 'root:/') mounted
[2023.02.07-14.48.56:639][  0]LogShaderLibrary: Display: ShaderCodeLibraryPakFileMountedCallback: pending pak file info (ChunkID:-1 Root:root:/ File:E:/New folder/New folder/unreal/UE_4.27/FeaturePacks/TP_SideScrollerBP.upack)
[2023.02.07-14.48.56:639][  0]LogPakFile: OnPakFileMounted2Time == 0.000039
[2023.02.07-14.48.56:640][  0]LogPakFile: PakFile PrimaryIndexSize=187
[2023.02.07-14.48.56:640][  0]LogPakFile: PakFile PathHashIndexSize=101
[2023.02.07-14.48.56:640][  0]LogPakFile: PakFile FullDirectoryIndexSize=148
[2023.02.07-14.48.56:640][  0]LogShaderLibrary: Display: ShaderCodeLibraryPakFileMountedCallback: PakFile 'E:/New folder/New folder/unreal/UE_4.27/FeaturePacks/TP_ThirdPerson.upack' (chunk index -1, root 'root:/') mounted
[2023.02.07-14.48.56:640][  0]LogShaderLibrary: Display: ShaderCodeLibraryPakFileMountedCallback: pending pak file info (ChunkID:-1 Root:root:/ File:E:/New folder/New folder/unreal/UE_4.27/FeaturePacks/TP_ThirdPerson.upack)
[2023.02.07-14.48.56:640][  0]LogPakFile: OnPakFileMounted2Time == 0.000036
[2023.02.07-14.48.56:641][  0]LogPakFile: PakFile PrimaryIndexSize=189
[2023.02.07-14.48.56:641][  0]LogPakFile: PakFile PathHashIndexSize=101
[2023.02.07-14.48.56:641][  0]LogPakFile: PakFile FullDirectoryIndexSize=152
[2023.02.07-14.48.56:641][  0]LogShaderLibrary: Display: ShaderCodeLibraryPakFileMountedCallback: PakFile 'E:/New folder/New folder/unreal/UE_4.27/FeaturePacks/TP_ThirdPersonBP.upack' (chunk index -1, root 'root:/') mounted
[2023.02.07-14.48.56:641][  0]LogShaderLibrary: Display: ShaderCodeLibraryPakFileMountedCallback: pending pak file info (ChunkID:-1 Root:root:/ File:E:/New folder/New folder/unreal/UE_4.27/FeaturePacks/TP_ThirdPersonBP.upack)
[2023.02.07-14.48.56:641][  0]LogPakFile: OnPakFileMounted2Time == 0.000039
[2023.02.07-14.48.56:643][  0]LogPakFile: PakFile PrimaryIndexSize=183
[2023.02.07-14.48.56:643][  0]LogPakFile: PakFile PathHashIndexSize=101
[2023.02.07-14.48.56:643][  0]LogPakFile: PakFile FullDirectoryIndexSize=140
[2023.02.07-14.48.56:643][  0]LogShaderLibrary: Display: ShaderCodeLibraryPakFileMountedCallback: PakFile 'E:/New folder/New folder/unreal/UE_4.27/FeaturePacks/TP_TopDown.upack' (chunk index -1, root 'root:/') mounted
[2023.02.07-14.48.56:643][  0]LogShaderLibrary: Display: ShaderCodeLibraryPakFileMountedCallback: pending pak file info (ChunkID:-1 Root:root:/ File:E:/New folder/New folder/unreal/UE_4.27/FeaturePacks/TP_TopDown.upack)
[2023.02.07-14.48.56:643][  0]LogPakFile: OnPakFileMounted2Time == 0.000044
[2023.02.07-14.48.56:644][  0]LogPakFile: PakFile PrimaryIndexSize=185
[2023.02.07-14.48.56:644][  0]LogPakFile: PakFile PathHashIndexSize=101
[2023.02.07-14.48.56:644][  0]LogPakFile: PakFile FullDirectoryIndexSize=144
[2023.02.07-14.48.56:644][  0]LogShaderLibrary: Display: ShaderCodeLibraryPakFileMountedCallback: PakFile 'E:/New folder/New folder/unreal/UE_4.27/FeaturePacks/TP_TopDownBP.upack' (chunk index -1, root 'root:/') mounted
[2023.02.07-14.48.56:644][  0]LogShaderLibrary: Display: ShaderCodeLibraryPakFileMountedCallback: pending pak file info (ChunkID:-1 Root:root:/ File:E:/New folder/New folder/unreal/UE_4.27/FeaturePacks/TP_TopDownBP.upack)
[2023.02.07-14.48.56:644][  0]LogPakFile: OnPakFileMounted2Time == 0.000036
[2023.02.07-14.48.56:645][  0]LogPakFile: PakFile PrimaryIndexSize=185
[2023.02.07-14.48.56:645][  0]LogPakFile: PakFile PathHashIndexSize=101
[2023.02.07-14.48.56:645][  0]LogPakFile: PakFile FullDirectoryIndexSize=144
[2023.02.07-14.48.56:645][  0]LogShaderLibrary: Display: ShaderCodeLibraryPakFileMountedCallback: PakFile 'E:/New folder/New folder/unreal/UE_4.27/FeaturePacks/TP_TwinStick.upack' (chunk index -1, root 'root:/') mounted
[2023.02.07-14.48.56:645][  0]LogShaderLibrary: Display: ShaderCodeLibraryPakFileMountedCallback: pending pak file info (ChunkID:-1 Root:root:/ File:E:/New folder/New folder/unreal/UE_4.27/FeaturePacks/TP_TwinStick.upack)
[2023.02.07-14.48.56:645][  0]LogPakFile: OnPakFileMounted2Time == 0.000036
[2023.02.07-14.48.56:646][  0]LogPakFile: PakFile PrimaryIndexSize=187
[2023.02.07-14.48.56:646][  0]LogPakFile: PakFile PathHashIndexSize=101
[2023.02.07-14.48.56:646][  0]LogPakFile: PakFile FullDirectoryIndexSize=148
[2023.02.07-14.48.56:646][  0]LogShaderLibrary: Display: ShaderCodeLibraryPakFileMountedCallback: PakFile 'E:/New folder/New folder/unreal/UE_4.27/FeaturePacks/TP_TwinStickBP.upack' (chunk index -1, root 'root:/') mounted
[2023.02.07-14.48.56:646][  0]LogShaderLibrary: Display: ShaderCodeLibraryPakFileMountedCallback: pending pak file info (ChunkID:-1 Root:root:/ File:E:/New folder/New folder/unreal/UE_4.27/FeaturePacks/TP_TwinStickBP.upack)
[2023.02.07-14.48.56:646][  0]LogPakFile: OnPakFileMounted2Time == 0.000036
[2023.02.07-14.48.56:647][  0]LogPakFile: PakFile PrimaryIndexSize=183
[2023.02.07-14.48.56:647][  0]LogPakFile: PakFile PathHashIndexSize=101
[2023.02.07-14.48.56:647][  0]LogPakFile: PakFile FullDirectoryIndexSize=140
[2023.02.07-14.48.56:647][  0]LogShaderLibrary: Display: ShaderCodeLibraryPakFileMountedCallback: PakFile 'E:/New folder/New folder/unreal/UE_4.27/FeaturePacks/TP_Vehicle.upack' (chunk index -1, root 'root:/') mounted
[2023.02.07-14.48.56:647][  0]LogShaderLibrary: Display: ShaderCodeLibraryPakFileMountedCallback: pending pak file info (ChunkID:-1 Root:root:/ File:E:/New folder/New folder/unreal/UE_4.27/FeaturePacks/TP_Vehicle.upack)
[2023.02.07-14.48.56:647][  0]LogPakFile: OnPakFileMounted2Time == 0.000036
[2023.02.07-14.48.56:648][  0]LogPakFile: PakFile PrimaryIndexSize=186
[2023.02.07-14.48.56:648][  0]LogPakFile: PakFile PathHashIndexSize=101
[2023.02.07-14.48.56:648][  0]LogPakFile: PakFile FullDirectoryIndexSize=146
[2023.02.07-14.48.56:648][  0]LogShaderLibrary: Display: ShaderCodeLibraryPakFileMountedCallback: PakFile 'E:/New folder/New folder/unreal/UE_4.27/FeaturePacks/TP_VehicleAdv.upack' (chunk index -1, root 'root:/') mounted
[2023.02.07-14.48.56:649][  0]LogShaderLibrary: Display: ShaderCodeLibraryPakFileMountedCallback: pending pak file info (ChunkID:-1 Root:root:/ File:E:/New folder/New folder/unreal/UE_4.27/FeaturePacks/TP_VehicleAdv.upack)
[2023.02.07-14.48.56:649][  0]LogPakFile: OnPakFileMounted2Time == 0.000038
[2023.02.07-14.48.56:650][  0]LogPakFile: PakFile PrimaryIndexSize=188
[2023.02.07-14.48.56:650][  0]LogPakFile: PakFile PathHashIndexSize=101
[2023.02.07-14.48.56:650][  0]LogPakFile: PakFile FullDirectoryIndexSize=150
[2023.02.07-14.48.56:650][  0]LogShaderLibrary: Display: ShaderCodeLibraryPakFileMountedCallback: PakFile 'E:/New folder/New folder/unreal/UE_4.27/FeaturePacks/TP_VehicleAdvBP.upack' (chunk index -1, root 'root:/') mounted
[2023.02.07-14.48.56:650][  0]LogShaderLibrary: Display: ShaderCodeLibraryPakFileMountedCallback: pending pak file info (ChunkID:-1 Root:root:/ File:E:/New folder/New folder/unreal/UE_4.27/FeaturePacks/TP_VehicleAdvBP.upack)
[2023.02.07-14.48.56:650][  0]LogPakFile: OnPakFileMounted2Time == 0.000036
[2023.02.07-14.48.56:651][  0]LogPakFile: PakFile PrimaryIndexSize=185
[2023.02.07-14.48.56:651][  0]LogPakFile: PakFile PathHashIndexSize=101
[2023.02.07-14.48.56:651][  0]LogPakFile: PakFile FullDirectoryIndexSize=144
[2023.02.07-14.48.56:651][  0]LogShaderLibrary: Display: ShaderCodeLibraryPakFileMountedCallback: PakFile 'E:/New folder/New folder/unreal/UE_4.27/FeaturePacks/TP_VehicleBP.upack' (chunk index -1, root 'root:/') mounted
[2023.02.07-14.48.56:651][  0]LogShaderLibrary: Display: ShaderCodeLibraryPakFileMountedCallback: pending pak file info (ChunkID:-1 Root:root:/ File:E:/New folder/New folder/unreal/UE_4.27/FeaturePacks/TP_VehicleBP.upack)
[2023.02.07-14.48.56:651][  0]LogPakFile: OnPakFileMounted2Time == 0.000036
[2023.02.07-14.48.56:652][  0]LogPakFile: PakFile PrimaryIndexSize=192
[2023.02.07-14.48.56:652][  0]LogPakFile: PakFile PathHashIndexSize=101
[2023.02.07-14.48.56:652][  0]LogPakFile: PakFile FullDirectoryIndexSize=158
[2023.02.07-14.48.56:652][  0]LogShaderLibrary: Display: ShaderCodeLibraryPakFileMountedCallback: PakFile 'E:/New folder/New folder/unreal/UE_4.27/FeaturePacks/TP_VirtualRealityBP.upack' (chunk index -1, root 'root:/') mounted
[2023.02.07-14.48.56:652][  0]LogShaderLibrary: Display: ShaderCodeLibraryPakFileMountedCallback: pending pak file info (ChunkID:-1 Root:root:/ File:E:/New folder/New folder/unreal/UE_4.27/FeaturePacks/TP_VirtualRealityBP.upack)
[2023.02.07-14.48.56:652][  0]LogPakFile: OnPakFileMounted2Time == 0.000036
[2023.02.07-14.48.56:757][  0]LogNativeClassHierarchy: Verbose: Native class hierarchy updated for 'AddContentDialog' in 0.0003 seconds. Added 0 classes and 0 folders.
[2023.02.07-14.48.56:759][  0]LogNativeClassHierarchy: Verbose: Native class hierarchy updated for 'SceneOutliner' in 0.0002 seconds. Added 2 classes and 0 folders.
[2023.02.07-14.48.56:858][  0]LogSlate: Took 0.000313 seconds to synchronously load lazily loaded font '../../../Engine/Content/Slate/Fonts/Roboto-Regular.ttf' (155K)
[2023.02.07-14.48.56:860][  0]LogSlate: Took 0.000266 seconds to synchronously load lazily loaded font '../../../Engine/Content/Editor/Slate/Fonts/FontAwesome.ttf' (139K)
[2023.02.07-14.48.56:861][  0]LogSlate: Took 0.000206 seconds to synchronously load lazily loaded font '../../../Engine/Content/Slate/Fonts/Roboto-Bold.ttf' (160K)
[2023.02.07-14.48.56:968][  0]LogRenderer: Reallocating scene render targets to support 1124x572 Format 10 NumSamples 1 (Frame:1).
[2023.02.07-14.48.57:077][  0]LogNativeClassHierarchy: Verbose: Native class hierarchy updated for 'HierarchicalLODOutliner' in 0.0003 seconds. Added 0 classes and 0 folders.
[2023.02.07-14.48.57:078][  0]LogInput: Warning: Action Jump uses invalid key OculusGo_Left_Trigger_Click.
[2023.02.07-14.48.57:078][  0]LogInput: Warning: Action ResetVR uses invalid key OculusGo_Left_Trackpad_Click.
[2023.02.07-14.48.57:078][  0]LogInput: Warning: Use -RemoveInvalidKeys to remove instances of these keys from the action mapping.
[2023.02.07-14.48.57:078][  0]LogLoad: (Engine Initialization) Total time: 16.91 seconds
[2023.02.07-14.48.57:078][  0]LogLoad: (Engine Initialization) Total Blueprint compile time: 0.00 seconds
[2023.02.07-14.48.57:121][  0]LogAssetRegistry: Asset discovery search completed in 7.0160 seconds
[2023.02.07-14.48.57:129][  0]LogCollectionManager: Fixed up redirectors for 0 collections in 0.000004 seconds (updated 0 objects)
[2023.02.07-14.48.57:132][  0]LogContentStreaming: Texture pool size now 1000 MB
[2023.02.07-14.48.57:248][  3]LogSlate: Took 0.000289 seconds to synchronously load lazily loaded font '../../../Engine/Content/Slate/Fonts/Roboto-Light.ttf' (167K)
[2023.02.07-14.49.16:500][207]LogContentBrowser: Deferred new asset folder creation: NewFolder
[2023.02.07-14.49.16:513][207]LogContentBrowser: Creating deferred item: NewFolder
[2023.02.07-14.49.24:860][209]LogContentBrowser: Attempting asset rename: NewFolder -> ui
[2023.02.07-14.49.24:862][209]LogContentBrowser: End creating deferred item NewFolder
